<?xml version="1.0" encoding="UTF-8"?>
<!-- Generated by org.testng.reporters.JUnitReportReporter -->
<testsuite hostname="TDS-5CG1075Y48" failures="0" tests="24" name="testPackage.CommunicationLogFuntionality" time="92.894" errors="1" timestamp="2023-10-18T16:52:00 IST" skipped="0">
  <testcase classname="testPackage.CommunicationLogFuntionality" name="readdata" time="1.600"/>
  <system-out/>
  <testcase classname="testPackage.CommunicationLogFuntionality" name="server_auth" time="6.651"/>
  <system-out/>
  <testcase classname="testPackage.CommunicationLogFuntionality" name="loginModule" time="21.339"/>
  <system-out/>
  <testcase classname="testPackage.CommunicationLogFuntionality" name="patientModule" time="0.014"/>
  <system-out/>
  <testcase classname="testPackage.CommunicationLogFuntionality" name="payorInsuranceModule" time="0.014"/>
  <system-out/>
  <testcase classname="testPackage.CommunicationLogFuntionality" name="ServicePreferenceModule" time="0.010"/>
  <system-out/>
  <testcase classname="testPackage.CommunicationLogFuntionality" name="allergyClinicalModule" time="0.007"/>
  <system-out/>
  <testcase classname="testPackage.CommunicationLogFuntionality" name="vitalsClinicalModule" time="0.013"/>
  <system-out/>
  <testcase classname="testPackage.CommunicationLogFuntionality" name="labsClinicalModule" time="0.016"/>
  <system-out/>
  <testcase classname="testPackage.CommunicationLogFuntionality" name="socialHistoryClinicalModule" time="0.010"/>
  <system-out/>
  <testcase classname="testPackage.CommunicationLogFuntionality" name="healthHistoryClinicalModule" time="0.009"/>
  <system-out/>
  <testcase classname="testPackage.CommunicationLogFuntionality" name="medListClinicalModule" time="0.006"/>
  <system-out/>
  <testcase classname="testPackage.CommunicationLogFuntionality" name="AddCaseModule" time="0.001"/>
  <system-out/>
  <testcase classname="testPackage.CommunicationLogFuntionality" name="AddPrescription" time="0.001"/>
  <system-out/>
  <testcase classname="testPackage.CommunicationLogFuntionality" name="caseBannerModule" time="0.008"/>
  <system-out/>
  <testcase classname="testPackage.CommunicationLogFuntionality" name="preBIModule" time="0.014"/>
  <system-out/>
  <testcase classname="testPackage.CommunicationLogFuntionality" name="AddConsentModule" time="0.014"/>
  <system-out/>
  <testcase classname="testPackage.CommunicationLogFuntionality" name="PriorAuthorizationModule" time="0.006"/>
  <system-out/>
  <testcase classname="testPackage.CommunicationLogFuntionality" name="AddAppealModule" time="0.014"/>
  <system-out/>
  <testcase classname="testPackage.CommunicationLogFuntionality" name="CopayModule" time="0.008"/>
  <system-out/>
  <testcase classname="testPackage.CommunicationLogFuntionality" name="AddFoundationModule" time="0.012"/>
  <system-out/>
  <testcase classname="testPackage.CommunicationLogFuntionality" name="PostBI" time="0.005"/>
  <system-out/>
  <testcase classname="testPackage.CommunicationLogFuntionality" name="pointOfSaleModule" time="0.001"/>
  <system-out/>
  <testcase classname="testPackage.CommunicationLogFuntionality" name="CommunicationModule" time="63.121">
    <error message="no such element: Unable to locate element: {&quot;method&quot;:&quot;xpath&quot;,&quot;selector&quot;:&quot;//*[@id=&quot;phoneNumber&quot;]&quot;}
  (Session info: chrome=118.0.5993.71)
For documentation on this error, please visit: http://seleniumhq.org/exceptions/no_such_element.html
Build info: version: &#039;3.8.1&#039;, revision: &#039;6e95a6684b&#039;, time: &#039;2017-12-01T18:33:54.468Z&#039;
System info: host: &#039;TDS-5CG1075Y48&#039;, ip: &#039;172.30.128.1&#039;, os.name: &#039;Windows 10&#039;, os.arch: &#039;amd64&#039;, os.version: &#039;10.0&#039;, java.version: &#039;17.0.3&#039;
Driver info: org.openqa.selenium.chrome.ChromeDriver
Capabilities {acceptInsecureCerts: false, browserName: chrome, browserVersion: 118.0.5993.71, chrome: {chromedriverVersion: 117.0.5938.62 (25a7172909a4..., userDataDir: C:\Users\nsoneri\AppData\Lo...}, fedcm:accounts: true, goog:chromeOptions: {debuggerAddress: localhost:57034}, javascriptEnabled: true, networkConnectionEnabled: false, pageLoadStrategy: normal, platform: WINDOWS, platformName: WINDOWS, proxy: Proxy(), setWindowRect: true, strictFileInteractability: false, timeouts: {implicit: 0, pageLoad: 300000, script: 30000}, unhandledPromptBehavior: dismiss and notify, webauthn:extension:credBlob: true, webauthn:extension:largeBlob: true, webauthn:extension:minPinLength: true, webauthn:extension:prf: true, webauthn:virtualAuthenticators: true}
Session ID: bee52118a1b64512d2f80e55787db846
*** Element info: {Using=xpath, value=//*[@id=&quot;phoneNumber&quot;]}" type="org.openqa.selenium.NoSuchElementException">
      <![CDATA[org.openqa.selenium.NoSuchElementException: no such element: Unable to locate element: {"method":"xpath","selector":"//*[@id="phoneNumber"]"}
  (Session info: chrome=118.0.5993.71)
For documentation on this error, please visit: http://seleniumhq.org/exceptions/no_such_element.html
Build info: version: '3.8.1', revision: '6e95a6684b', time: '2017-12-01T18:33:54.468Z'
System info: host: 'TDS-5CG1075Y48', ip: '172.30.128.1', os.name: 'Windows 10', os.arch: 'amd64', os.version: '10.0', java.version: '17.0.3'
Driver info: org.openqa.selenium.chrome.ChromeDriver
Capabilities {acceptInsecureCerts: false, browserName: chrome, browserVersion: 118.0.5993.71, chrome: {chromedriverVersion: 117.0.5938.62 (25a7172909a4..., userDataDir: C:\Users\nsoneri\AppData\Lo...}, fedcm:accounts: true, goog:chromeOptions: {debuggerAddress: localhost:57034}, javascriptEnabled: true, networkConnectionEnabled: false, pageLoadStrategy: normal, platform: WINDOWS, platformName: WINDOWS, proxy: Proxy(), setWindowRect: true, strictFileInteractability: false, timeouts: {implicit: 0, pageLoad: 300000, script: 30000}, unhandledPromptBehavior: dismiss and notify, webauthn:extension:credBlob: true, webauthn:extension:largeBlob: true, webauthn:extension:minPinLength: true, webauthn:extension:prf: true, webauthn:virtualAuthenticators: true}
Session ID: bee52118a1b64512d2f80e55787db846
*** Element info: {Using=xpath, value=//*[@id="phoneNumber"]}
at java.base/jdk.internal.reflect.NativeConstructorAccessorImpl.newInstance0(Native Method)
at java.base/jdk.internal.reflect.NativeConstructorAccessorImpl.newInstance(NativeConstructorAccessorImpl.java:77)
at java.base/jdk.internal.reflect.DelegatingConstructorAccessorImpl.newInstance(DelegatingConstructorAccessorImpl.java:45)
at java.base/java.lang.reflect.Constructor.newInstanceWithCaller(Constructor.java:499)
at java.base/java.lang.reflect.Constructor.newInstance(Constructor.java:480)
at org.openqa.selenium.remote.http.W3CHttpResponseCodec.createException(W3CHttpResponseCodec.java:187)
at org.openqa.selenium.remote.http.W3CHttpResponseCodec.decode(W3CHttpResponseCodec.java:122)
at org.openqa.selenium.remote.http.W3CHttpResponseCodec.decode(W3CHttpResponseCodec.java:49)
at org.openqa.selenium.remote.HttpCommandExecutor.execute(HttpCommandExecutor.java:164)
at org.openqa.selenium.remote.service.DriverCommandExecutor.execute(DriverCommandExecutor.java:83)
at org.openqa.selenium.remote.RemoteWebDriver.execute(RemoteWebDriver.java:601)
at org.openqa.selenium.remote.RemoteWebDriver.findElement(RemoteWebDriver.java:371)
at org.openqa.selenium.remote.RemoteWebDriver.findElementByXPath(RemoteWebDriver.java:473)
at org.openqa.selenium.By$ByXPath.findElement(By.java:361)
at org.openqa.selenium.remote.RemoteWebDriver.findElement(RemoteWebDriver.java:363)
at org.openqa.selenium.support.pagefactory.DefaultElementLocator.findElement(DefaultElementLocator.java:69)
at org.openqa.selenium.support.pagefactory.internal.LocatingElementHandler.invoke(LocatingElementHandler.java:38)
at jdk.proxy2/jdk.proxy2.$Proxy12.click(Unknown Source)
at dataPackage.CommunicationData.Email(CommunicationData.java:111)
at methodPackage.CommunicationMethods.verify_communicationLog_withInvalidData(CommunicationMethods.java:101)
at testPackage.CommunicationLogFuntionality.CommunicationModule(CommunicationLogFuntionality.java:28)
at java.base/jdk.internal.reflect.NativeMethodAccessorImpl.invoke0(Native Method)
at java.base/jdk.internal.reflect.NativeMethodAccessorImpl.invoke(NativeMethodAccessorImpl.java:77)
at java.base/jdk.internal.reflect.DelegatingMethodAccessorImpl.invoke(DelegatingMethodAccessorImpl.java:43)
at java.base/java.lang.reflect.Method.invoke(Method.java:568)
at org.testng.internal.MethodInvocationHelper.invokeMethod(MethodInvocationHelper.java:133)
at org.testng.internal.TestInvoker.invokeMethod(TestInvoker.java:598)
at org.testng.internal.TestInvoker.invokeTestMethod(TestInvoker.java:173)
at org.testng.internal.MethodRunner.runInSequence(MethodRunner.java:46)
at org.testng.internal.TestInvoker$MethodInvocationAgent.invoke(TestInvoker.java:824)
at org.testng.internal.TestInvoker.invokeTestMethods(TestInvoker.java:146)
at org.testng.internal.TestMethodWorker.invokeTestMethods(TestMethodWorker.java:146)
at org.testng.internal.TestMethodWorker.run(TestMethodWorker.java:128)
at java.base/java.util.ArrayList.forEach(ArrayList.java:1511)
at org.testng.TestRunner.privateRun(TestRunner.java:794)
at org.testng.TestRunner.run(TestRunner.java:596)
at org.testng.SuiteRunner.runTest(SuiteRunner.java:377)
at org.testng.SuiteRunner.runSequentially(SuiteRunner.java:371)
at org.testng.SuiteRunner.privateRun(SuiteRunner.java:332)
at org.testng.SuiteRunner.run(SuiteRunner.java:276)
at org.testng.SuiteRunnerWorker.runSuite(SuiteRunnerWorker.java:53)
at org.testng.SuiteRunnerWorker.run(SuiteRunnerWorker.java:96)
at org.testng.TestNG.runSuitesSequentially(TestNG.java:1212)
at org.testng.TestNG.runSuitesLocally(TestNG.java:1134)
at org.testng.TestNG.runSuites(TestNG.java:1063)
at org.testng.TestNG.run(TestNG.java:1031)
at org.testng.remote.AbstractRemoteTestNG.run(AbstractRemoteTestNG.java:115)
at org.testng.remote.RemoteTestNG.initAndRun(RemoteTestNG.java:251)
at org.testng.remote.RemoteTestNG.main(RemoteTestNG.java:77)
]]>
    </error>
  </testcase> <!-- CommunicationModule -->
  <system-out/>
</testsuite> <!-- testPackage.CommunicationLogFuntionality -->
