<?xml version="1.0" encoding="UTF-8"?>
<!-- Generated by org.testng.reporters.JUnitXMLReporter -->
<testsuite ignored="0" hostname="TDS-5CG1075Y48" failures="2" tests="25" name="Test" time="1543.107" errors="0" timestamp="2023-10-20T10:42:58 IST">
  <testcase classname="testPackage.Base" name="readdata" time="2.391"/>
  <testcase classname="testPackage.Base" name="server_auth" time="6.891"/>
  <testcase classname="testPackage.LoginFunctionality" name="loginModule" time="23.599"/>
  <testcase classname="testPackage.PatientFunctionality" name="patientModule" time="70.62"/>
  <testcase classname="testPackage.PayorInsuranceFunctionality" name="payorInsuranceModule" time="312.648"/>
  <testcase classname="testPackage.ServicePreferenceFunctionality" name="ServicePreferenceModule" time="20.501"/>
  <testcase classname="testPackage.AllergyFunctionality" name="allergyClinicalModule" time="0.005"/>
  <testcase classname="testPackage.VitalsFunctionality" name="vitalsClinicalModule" time="0.006"/>
  <testcase classname="testPackage.LabsFunctionality" name="labsClinicalModule" time="0.009"/>
  <testcase classname="testPackage.SocialHistoryFunctionality" name="socialHistoryClinicalModule" time="0.009"/>
  <testcase classname="testPackage.HealthHistoryFunctionality" name="healthHistoryClinicalModule" time="0.008"/>
  <testcase classname="testPackage.MedListFunctionality" name="medListClinicalModule" time="0.007"/>
  <testcase classname="testPackage.AddCaseFunctionality" name="AddCaseModule" time="57.386"/>
  <testcase classname="testPackage.AddPrescriptionfunctionality" name="AddPrescription" time="94.501"/>
  <testcase classname="testPackage.CaseBannerFunctionality" name="caseBannerModule" time="42.815"/>
  <testcase classname="testPackage.PreBIFunctionality" name="preBIModule" time="54.607"/>
  <testcase classname="testPackage.AddConsentFunctionality" name="AddConsentModule" time="142.132"/>
  <testcase classname="testPackage.PAFunctionality" name="PriorAuthorizationModule" time="59.297"/>
  <testcase classname="testPackage.AddAppealFunctionality" name="AddAppealModule" time="142.181"/>
  <testcase classname="testPackage.CopayCardFunctionality" name="CopayModule" time="107.821"/>
  <testcase classname="testPackage.AddFoundationFunctionality" name="AddFoundationModule" time="85.851"/>
  <testcase classname="testPackage.PostBiFunctionality" name="PostBI" time="47.024"/>
  <testcase classname="testPackage.POSFunctionality" name="pointOfSaleModule" time="218.896">
    <failure type="org.openqa.selenium.NoAlertPresentException" message="no such alert
  (Session info: chrome=118.0.5993.89)
Build info: version: &amp;apos;3.8.1&amp;apos;, revision: &amp;apos;6e95a6684b&amp;apos;, time: &amp;apos;2017-12-01T18:33:54.468Z&amp;apos;
System info: host: &amp;apos;TDS-5CG1075Y48&amp;apos;, ip: &amp;apos;172.30.128.1&amp;apos;, os.name: &amp;apos;Windows 10&amp;apos;, os.arch: &amp;apos;amd64&amp;apos;, os.version: &amp;apos;10.0&amp;apos;, java.version: &amp;apos;17.0.3&amp;apos;
Driver info: org.openqa.selenium.chrome.ChromeDriver
Capabilities {acceptInsecureCerts: false, browserName: chrome, browserVersion: 118.0.5993.89, chrome: {chromedriverVersion: 117.0.5938.62 (25a7172909a4..., userDataDir: C:\Users\nsoneri\AppData\Lo...}, fedcm:accounts: true, goog:chromeOptions: {debuggerAddress: localhost:58056}, javascriptEnabled: true, networkConnectionEnabled: false, pageLoadStrategy: normal, platform: WINDOWS, platformName: WINDOWS, proxy: Proxy(), setWindowRect: true, strictFileInteractability: false, timeouts: {implicit: 0, pageLoad: 300000, script: 30000}, unhandledPromptBehavior: dismiss and notify, webauthn:extension:credBlob: true, webauthn:extension:largeBlob: true, webauthn:extension:minPinLength: true, webauthn:extension:prf: true, webauthn:virtualAuthenticators: true}
Session ID: 39777f7df43de803d4ab659e392cd2b3">
      <![CDATA[org.openqa.selenium.NoAlertPresentException: no such alert
  (Session info: chrome=118.0.5993.89)
Build info: version: '3.8.1', revision: '6e95a6684b', time: '2017-12-01T18:33:54.468Z'
System info: host: 'TDS-5CG1075Y48', ip: '172.30.128.1', os.name: 'Windows 10', os.arch: 'amd64', os.version: '10.0', java.version: '17.0.3'
Driver info: org.openqa.selenium.chrome.ChromeDriver
Capabilities {acceptInsecureCerts: false, browserName: chrome, browserVersion: 118.0.5993.89, chrome: {chromedriverVersion: 117.0.5938.62 (25a7172909a4..., userDataDir: C:\Users\nsoneri\AppData\Lo...}, fedcm:accounts: true, goog:chromeOptions: {debuggerAddress: localhost:58056}, javascriptEnabled: true, networkConnectionEnabled: false, pageLoadStrategy: normal, platform: WINDOWS, platformName: WINDOWS, proxy: Proxy(), setWindowRect: true, strictFileInteractability: false, timeouts: {implicit: 0, pageLoad: 300000, script: 30000}, unhandledPromptBehavior: dismiss and notify, webauthn:extension:credBlob: true, webauthn:extension:largeBlob: true, webauthn:extension:minPinLength: true, webauthn:extension:prf: true, webauthn:virtualAuthenticators: true}
Session ID: 39777f7df43de803d4ab659e392cd2b3
at org.openqa.selenium.remote.http.W3CHttpResponseCodec.createException(W3CHttpResponseCodec.java:187)
at org.openqa.selenium.remote.http.W3CHttpResponseCodec.decode(W3CHttpResponseCodec.java:122)
at org.openqa.selenium.remote.http.W3CHttpResponseCodec.decode(W3CHttpResponseCodec.java:49)
at org.openqa.selenium.remote.HttpCommandExecutor.execute(HttpCommandExecutor.java:164)
at org.openqa.selenium.remote.service.DriverCommandExecutor.execute(DriverCommandExecutor.java:83)
at org.openqa.selenium.remote.RemoteWebDriver.execute(RemoteWebDriver.java:601)
at org.openqa.selenium.remote.RemoteWebDriver.execute(RemoteWebDriver.java:658)
at org.openqa.selenium.remote.RemoteWebDriver$RemoteTargetLocator.alert(RemoteWebDriver.java:987)
at methodPackage.POSMethod.refillCase(POSMethod.java:645)
at testPackage.POSFunctionality.pointOfSaleModule(POSFunctionality.java:28)
at java.base/java.util.ArrayList.forEach(ArrayList.java:1511)
... Removed 32 stack frames]]>
    </failure>
  </testcase> <!-- pointOfSaleModule -->
  <testcase classname="testPackage.CommunicationLogFuntionality" name="CommunicationModule" time="37.322">
    <failure type="org.openqa.selenium.NoSuchElementException" message="no such element: Unable to locate element: {&amp;quot;method&amp;quot;:&amp;quot;xpath&amp;quot;,&amp;quot;selector&amp;quot;:&amp;quot;//*[@id=&amp;quot;phoneNumber&amp;quot;]&amp;quot;}
  (Session info: chrome=118.0.5993.89)
For documentation on this error, please visit: http://seleniumhq.org/exceptions/no_such_element.html
Build info: version: &amp;apos;3.8.1&amp;apos;, revision: &amp;apos;6e95a6684b&amp;apos;, time: &amp;apos;2017-12-01T18:33:54.468Z&amp;apos;
System info: host: &amp;apos;TDS-5CG1075Y48&amp;apos;, ip: &amp;apos;172.30.128.1&amp;apos;, os.name: &amp;apos;Windows 10&amp;apos;, os.arch: &amp;apos;amd64&amp;apos;, os.version: &amp;apos;10.0&amp;apos;, java.version: &amp;apos;17.0.3&amp;apos;
Driver info: org.openqa.selenium.chrome.ChromeDriver
Capabilities {acceptInsecureCerts: false, browserName: chrome, browserVersion: 118.0.5993.89, chrome: {chromedriverVersion: 117.0.5938.62 (25a7172909a4..., userDataDir: C:\Users\nsoneri\AppData\Lo...}, fedcm:accounts: true, goog:chromeOptions: {debuggerAddress: localhost:58056}, javascriptEnabled: true, networkConnectionEnabled: false, pageLoadStrategy: normal, platform: WINDOWS, platformName: WINDOWS, proxy: Proxy(), setWindowRect: true, strictFileInteractability: false, timeouts: {implicit: 0, pageLoad: 300000, script: 30000}, unhandledPromptBehavior: dismiss and notify, webauthn:extension:credBlob: true, webauthn:extension:largeBlob: true, webauthn:extension:minPinLength: true, webauthn:extension:prf: true, webauthn:virtualAuthenticators: true}
Session ID: 39777f7df43de803d4ab659e392cd2b3
*** Element info: {Using=xpath, value=//*[@id=&amp;quot;phoneNumber&amp;quot;]}">
      <![CDATA[org.openqa.selenium.NoSuchElementException: no such element: Unable to locate element: {"method":"xpath","selector":"//*[@id="phoneNumber"]"}
  (Session info: chrome=118.0.5993.89)
For documentation on this error, please visit: http://seleniumhq.org/exceptions/no_such_element.html
Build info: version: '3.8.1', revision: '6e95a6684b', time: '2017-12-01T18:33:54.468Z'
System info: host: 'TDS-5CG1075Y48', ip: '172.30.128.1', os.name: 'Windows 10', os.arch: 'amd64', os.version: '10.0', java.version: '17.0.3'
Driver info: org.openqa.selenium.chrome.ChromeDriver
Capabilities {acceptInsecureCerts: false, browserName: chrome, browserVersion: 118.0.5993.89, chrome: {chromedriverVersion: 117.0.5938.62 (25a7172909a4..., userDataDir: C:\Users\nsoneri\AppData\Lo...}, fedcm:accounts: true, goog:chromeOptions: {debuggerAddress: localhost:58056}, javascriptEnabled: true, networkConnectionEnabled: false, pageLoadStrategy: normal, platform: WINDOWS, platformName: WINDOWS, proxy: Proxy(), setWindowRect: true, strictFileInteractability: false, timeouts: {implicit: 0, pageLoad: 300000, script: 30000}, unhandledPromptBehavior: dismiss and notify, webauthn:extension:credBlob: true, webauthn:extension:largeBlob: true, webauthn:extension:minPinLength: true, webauthn:extension:prf: true, webauthn:virtualAuthenticators: true}
Session ID: 39777f7df43de803d4ab659e392cd2b3
*** Element info: {Using=xpath, value=//*[@id="phoneNumber"]}
at org.openqa.selenium.remote.http.W3CHttpResponseCodec.createException(W3CHttpResponseCodec.java:187)
at org.openqa.selenium.remote.http.W3CHttpResponseCodec.decode(W3CHttpResponseCodec.java:122)
at org.openqa.selenium.remote.http.W3CHttpResponseCodec.decode(W3CHttpResponseCodec.java:49)
at org.openqa.selenium.remote.HttpCommandExecutor.execute(HttpCommandExecutor.java:164)
at org.openqa.selenium.remote.service.DriverCommandExecutor.execute(DriverCommandExecutor.java:83)
at org.openqa.selenium.remote.RemoteWebDriver.execute(RemoteWebDriver.java:601)
at org.openqa.selenium.remote.RemoteWebDriver.findElement(RemoteWebDriver.java:371)
at org.openqa.selenium.remote.RemoteWebDriver.findElementByXPath(RemoteWebDriver.java:473)
at org.openqa.selenium.By$ByXPath.findElement(By.java:361)
at org.openqa.selenium.remote.RemoteWebDriver.findElement(RemoteWebDriver.java:363)
at org.openqa.selenium.support.pagefactory.DefaultElementLocator.findElement(DefaultElementLocator.java:69)
at org.openqa.selenium.support.pagefactory.internal.LocatingElementHandler.invoke(LocatingElementHandler.java:38)
at jdk.proxy2/jdk.proxy2.$Proxy12.click(Unknown Source)
at dataPackage.CommunicationData.Email(CommunicationData.java:111)
at methodPackage.CommunicationMethods.verify_communicationLog_withInvalidData(CommunicationMethods.java:101)
at testPackage.CommunicationLogFuntionality.CommunicationModule(CommunicationLogFuntionality.java:23)
at java.base/java.util.ArrayList.forEach(ArrayList.java:1511)
... Removed 32 stack frames]]>
    </failure>
  </testcase> <!-- CommunicationModule -->
  <testcase classname="testPackage.FaxSendFunctionality" name="FaxSend" time="9.19"/>
</testsuite> <!-- Test -->
