




<!DOCTYPE html>
<html>
<head>
	<meta charset='UTF-8' /> 
	<meta name='description' content='' />
	<meta name='robots' content='noodp, noydir' />
	<meta name='viewport' content='width=device-width, initial-scale=1' />
	<meta id="timeStampFormat" name="timeStampFormat" content='MMM d, yyyy hh:mm:ss a'/>
	
        <link href='http://fonts.googleapis.com/css?family=Source+Sans+Pro:400,600' rel='stylesheet' type='text/css' />
        <link href="http://fonts.googleapis.com/icon?family=Material+Icons" rel="stylesheet" />
        <link href='http://cdn.jsdelivr.net/gh/extent-framework/extent-github-cdn@ff53917fbbdb5ef820abbbe4d199a6942dc771ff/v3html/css/extent.css' type='text/css' rel='stylesheet' />
	
	<title></title>

	<style type='text/css'>
		/* json-tree */
		.jstBracket,.jstComma,.jstValue{white-space:pre-wrap}.jstValue{font-size:10px;font-weight:400;font-family:"Lucida Console",Monaco,monospace}.jstProperty{color:#666;word-wrap:break-word}.jstBool{color:#2525CC}.jstNum{color:#D036D0}.jstNull{color:gray}.jstStr{color:#2DB669}.jstFold:after{content:' -';cursor:pointer}.jstExpand{white-space:normal}.jstExpand:after{content:' +';cursor:pointer}.jstFolded{white-space:normal!important}.jstHiddenBlock{display:none}
			
	</style>
	
	<script type="text/javascript">
		/*! json-tree - v0.2.2 - 2017-09-25, MIT LICENSE */
		var JSONTree=function(){var n={"&":"&amp;","<":"&lt;",">":"&gt;",'"':"&quot;","'":"&#x27;","/":"&#x2F;"},t=0,r=0;this.create=function(n,t){return r+=1,N(u(n,0,!1),{class:"jstValue"})};var e=function(t){return t.replace(/[&<>'"]/g,function(t){return n[t]})},s=function(){return r+"_"+t++},u=function(n,t,r){if(null===n)return f(r?t:0);switch(typeof n){case"boolean":return l(n,r?t:0);case"number":return i(n,r?t:0);case"string":return o(n,r?t:0);default:return n instanceof Array?a(n,t,r):c(n,t,r)}},c=function(n,t,r){var e=s(),u=Object.keys(n).map(function(r){return j(r,n[r],t+1,!0)}).join(m()),c=[g("{",r?t:0,e),N(u,{id:e}),p("}",t)].join("\n");return N(c,{})},a=function(n,t,r){var e=s(),c=n.map(function(n){return u(n,t+1,!0)}).join(m());return[g("[",r?t:0,e),N(c,{id:e}),p("]",t)].join("\n")},o=function(n,t){var r=e(JSON.stringify(n));return N(v(r,t),{class:"jstStr"})},i=function(n,t){return N(v(n,t),{class:"jstNum"})},l=function(n,t){return N(v(n,t),{class:"jstBool"})},f=function(n){return N(v("null",n),{class:"jstNull"})},j=function(n,t,r){var s=v(e(JSON.stringify(n))+": ",r),c=N(u(t,r,!1),{});return N(s+c,{class:"jstProperty"})},m=function(){return N(",\n",{class:"jstComma"})},N=function(n,t){return d("span",t,n)},d=function(n,t,r){return"<"+n+Object.keys(t).map(function(n){return" "+n+'="'+t[n]+'"'}).join("")+">"+r+"</"+n+">"},g=function(n,t,r){return N(v(n,t),{class:"jstBracket"})+N("",{class:"jstFold",onclick:"JSONTree.toggle('"+r+"')"})};this.toggle=function(n){var t=document.getElementById(n),r=t.parentNode,e=t.previousElementSibling;""===t.className?(t.className="jstHiddenBlock",r.className="jstFolded",e.className="jstExpand"):(t.className="",r.className="",e.className="jstFold")};var p=function(n,t){return N(v(n,t),{})},v=function(n,t){return Array(2*t+1).join(" ")+n};return this}();
	</script>
</head>
	<body class='extent standard default hide-overflow bdd-report'>
		<div id='theme-selector' alt='Click to toggle theme. To enable by default, use theme configuration.' title='Click to toggle theme. To enable by default, use theme configuration.'>
			<span><i class='material-icons'>desktop_windows</i></span>
		</div>
<nav>
	<div class="nav-wrapper">
        <a href="#!" class="brand-logo black"><img src="http://cdn.jsdelivr.net/gh/extent-framework/extent-github-cdn@ff53917fbbdb5ef820abbbe4d199a6942dc771ff/commons/img/logo.png"></a>
		<!-- slideout menu -->
		<ul id='slide-out' class='side-nav fixed hide-on-med-and-down'>
			<li class='waves-effect active'><a href='#!' view='test-view' onclick="configureView(0);chartsView('test');"><i class='material-icons'>dashboard</i></a></li>
			<li class='waves-effect'><a href='#!' view='category-view' onclick="configureView(1)"><i class='material-icons'>label_outline</i></a></li>
			<li class='waves-effect'><a href='#!' view='exception-view' onclick="configureView(2)"><i class='material-icons'>bug_report</i></a></li>
			<li class='waves-effect'><a href='#!' onclick="configureView(-1);chartsView('dashboard');" view='dashboard-view'><i class='material-icons'>track_changes</i></a></li>
		</ul>
		<!-- report name -->
		<span class='report-name'></span>
		<!-- report headline -->
		<span class='report-headline'></span>
		<!-- nav-right -->
		<ul id='nav-mobile' class='right hide-on-med-and-down nav-right'>
			<a href='#!'>
			<span class='label blue darken-3 suite-start-time'>Nov 30, 2023 11:11:21 AM</span>
			</a>
		</ul>
	</div>
</nav>		<!-- container -->
		<div class='container'>
<div id='test-view' class='view'>
	<section id='controls'>
		<div class='controls grey lighten-4'>
			<!-- test toggle -->
			<div class='chip transparent'>
				<a class='dropdown-button tests-toggle' data-activates='tests-toggle' data-constrainwidth='true' data-beloworigin='true' data-hover='true' href='#'>
				<i class='material-icons'>warning</i> Status
				</a>
				<ul id='tests-toggle' class='dropdown-content'>
										<li status='pass'><a href='#!'>Pass <i class='material-icons green-text'>check_circle</i></a></li>
					<li status='fail'><a href='#!'>Fail <i class='material-icons red-text'>cancel</i></a></li>
					<li class='divider'></li>
					<li status='clear' clear='true'><a href='#!'>Clear Filters <i class='material-icons'>clear</i></a></li>
				</ul>
			</div>
			<!-- test toggle -->
			<!-- category toggle -->
			<div class='chip transparent'>
				<a class='dropdown-button category-toggle' data-activates='category-toggle' data-constrainwidth='false' data-beloworigin='true' data-hover='true' href='#'>
				<i class='material-icons'>local_offer</i> Category
				</a>
				<ul id='category-toggle' class='dropdown-content'>
					<li><a href='#'>@Communication_Log</a></li>
					<li><a href='#'>@Login</a></li>
					<li><a href='#'>@PostBI</a></li>
					<li><a href='#'>@Copay</a></li>
					<li><a href='#'>@PositiveFlow</a></li>
					<li><a href='#'>@Add_Case</a></li>
					<li><a href='#'>@Patient</a></li>
					<li><a href='#'>@FaxManagement</a></li>
					<li><a href='#'>@Appeal</a></li>
					<li><a href='#'>@Foundation</a></li>
					<li><a href='#'>@Consent</a></li>
					<li><a href='#'>@PreBI</a></li>
					<li><a href='#'>@PriorAuthorization</a></li>
					<li><a href='#'>@POS</a></li>
					<li><a href='#'>@Case_Banner</a></li>
					<li><a href='#'>@Payor</a></li>
					<li><a href='#'>@Add_Prescription</a></li>
					<li><a href='#'>@ServicePreference</a></li>
					<li class='divider'></li>
					<li class='clear'><a href='#!' clear='true'>Clear Filters</a></li>
				</ul>
			</div>
			<!-- category toggle -->
			<!-- clear filters -->
			<div class='chip transparent hide'>
				<a class='' id='clear-filters' alt='Clear Filters' title='Clear Filters'>
				<i class='material-icons'>close</i> Clear
				</a>
			</div>
			<!-- clear filters -->
			<!-- enable dashboard -->
			<div id='toggle-test-view-charts' class='chip transparent'>
				<a class='pink-text' id='enable-dashboard' alt='Enable Dashboard' title='Enable Dashboard'>
				<i class='material-icons'>track_changes</i> Dashboard
				</a>
			</div>
			<!-- enable dashboard -->
			<!-- search -->
			<div class='chip transparent' alt='Search Tests' title='Search Tests'>
				<a href="#" class='search-div'>
				<i class='material-icons'>search</i> Search
				</a>
				<div class='input-field left hide'>
					<input id='search-tests' type='text' class='validate browser-default' placeholder='Search Tests...'>
				</div>
			</div>
			<!-- search -->
		</div>
	</section>

<div id='test-view-charts' class='subview-full'>
    <div id='charts-row' class='row nm-v nm-h'>
        <div class='col s12 m4 l4 np-h'>
            <div class='card-panel nm-v'>
                <div class='left panel-name'>Features</div>
                <div class='chart-box' style="max-height:94px;">
                    <canvas id='parent-analysis' width='90' height='70'></canvas>
                </div>
                <div class='block text-small'>
                    <span class='tooltipped' data-position='top' data-tooltip='$76%'>
                    <span class='strong'>13</span> features passed</span>
                </div>
                <div class='block text-small'>
                    <span class='strong tooltipped' data-position='top' data-tooltip='23%'>
                    4</span> features failed, 
                    <span class='strong tooltipped' data-position='top' data-tooltip='0%'>
                    0</span> skipped
                </div>
            </div>
        </div>
        <div class='col s12 m4 l4 np-h'>
            <div class='card-panel nm-v'>
                <div class='left panel-name'>Scenarios</div>
                <div class='chart-box' style="max-height:94px;">
                    <canvas id='child-analysis' width='90' height='70'></canvas>
                </div>
                <div class='block text-small'>
                    <span class='tooltipped' data-position='top' data-tooltip='62%'>
                    <span class='strong'>20</span> scenarios passed</span>
                </div>
                <div class='block text-small'>
                    <span class='strong tooltipped' data-position='top' data-tooltip='37%'>
                    12</span> scenarios failed, 
                    <span class='strong tooltipped' data-position='top' data-tooltip='0%'>
                    0</span> skipped, 
                    <span class='strong tooltipped' data-position='top' data-tooltip='0%'>
                    0</span> others
                </div>
            </div>
        </div>
        <div class='col s12 m4 l4 np-h'>
            <div class='card-panel nm-v'>
                <div class='left panel-name'>Steps</div>
                <div class='chart-box' style="max-height:94px;">
                    <canvas id='grandchild-analysis' width='90' height='70'></canvas>
                </div>
                <div class='block text-small'>
                    <span class='tooltipped' data-position='top' data-tooltip='62%'>
                    <span class='strong'>20</span> steps passed</span>
                </div>
                <div class='block text-small'>
                    <span class='strong tooltipped' data-position='top' data-tooltip='37%'>
                    12</span> steps failed, 
                    <span class='strong tooltipped' data-position='top' data-tooltip='0%'>
                    0</span> skipped, 
                    <span class='strong tooltipped' data-position='top' data-tooltip='0%'>
                    0</span> others
                </div>
            </div>
        </div>
    </div>
    <div id="timeline-chart" class="row nm-v nm-h">
        <div class="col s12 m12 l12 np-h">
            <div class="card-panel">
                <div class='left panel-name'>Timeline (seconds)</div>
                <div class="chart-box" style="width:98%;max-height:145px;">
                    <canvas id="timeline" height="120"></canvas>
                </div>
            </div>
        </div>
    </div>
</div>	
	<div class='subview-left left'>
		<div class='view-summary'>
			<ul id='test-collection' class='test-collection'>
				<li class='test displayed active has-leaf pass' status='pass' bdd='true' test-id='1'>
					<div class='test-heading'>
						<span class='test-name'>Login</span>
						<span class='test-time'>Nov 30, 2023 11:11:23 AM</span>
						<span class='test-status right pass'>Pass</span>
					</div>
					<div class='test-content hide'>
<div class="sr-filters bdd-filters">
	<a class="btn-floating waves-effect waves-light pass green" title="pass"><i class='material-icons'>check_circle</i></a>
	<a class="btn-floating waves-effect waves-light fail red" title="fail"><i class='material-icons'>cancel</i></a>
	<a class="btn-floating waves-effect waves-light skip blue" title="skip"><i class='material-icons'>redo</i></a>
	<a class="btn-floating waves-effect waves-light clear grey" title="clear"><i class='material-icons'>clear</i></a>
</div>

<div class='scenario node' test-id='2' status='pass'>

	<span class='duration right label'>00 00 38.511</span>
	<div class="bdd-test">
		<div class="scenario-name"><span class='status pass' title='Pass'><i class='material-icons'>check_circle</i></span> Scenario: Launch Browser</div>
	</div>
	
	
		<div class='category-list'>
				<span class='category label'>@PositiveFlow</span>
				<span class='category label'>@Login</span>
		</div>
	
	<ul class='steps'>
		<li test-id='3' class='node given Pass' status='Pass'>
			<div class="step-name" title="(stepDefinitions.StepsForFeature.user_launch_chrome_browser())"><span class='status pass' title='Pass'><i class='material-icons'>check_circle</i></span>Given User Launch Chrome Browser</div>


		</li>
	</ul>
</div>
					</div>
				</li>
				<li class='test displayed active has-leaf pass' status='pass' bdd='true' test-id='4'>
					<div class='test-heading'>
						<span class='test-name'>Patient</span>
						<span class='test-time'>Nov 30, 2023 11:12:02 AM</span>
						<span class='test-status right pass'>Pass</span>
					</div>
					<div class='test-content hide'>
<div class="sr-filters bdd-filters">
	<a class="btn-floating waves-effect waves-light pass green" title="pass"><i class='material-icons'>check_circle</i></a>
	<a class="btn-floating waves-effect waves-light fail red" title="fail"><i class='material-icons'>cancel</i></a>
	<a class="btn-floating waves-effect waves-light skip blue" title="skip"><i class='material-icons'>redo</i></a>
	<a class="btn-floating waves-effect waves-light clear grey" title="clear"><i class='material-icons'>clear</i></a>
</div>

<div class='scenario node' test-id='5' status='pass'>

	<span class='duration right label'>00 01 21.731</span>
	<div class="bdd-test">
		<div class="scenario-name"><span class='status pass' title='Pass'><i class='material-icons'>check_circle</i></span> Scenario: Add new patient record with valid data</div>
	</div>
	
	
		<div class='category-list'>
				<span class='category label'>@PositiveFlow</span>
				<span class='category label'>@Patient</span>
		</div>
	
	<ul class='steps'>
		<li test-id='6' class='node when Pass' status='Pass'>
			<div class="step-name" title="(stepDefinitions.StepsForFeature.add_new_patient_with_valid_data())"><span class='status pass' title='Pass'><i class='material-icons'>check_circle</i></span>When User add new patient record with valid data</div>


					<div class="node-step">User click on add patient tab</div>
					<div class="node-step">Added Patient's First Name - KSCharles</div>
					<div class="node-step">Added Patient's Last Name - Lisa</div>
					<div class="node-step">Entered Date Of Birth - 02/10/1995</div>
					<div class="node-step">Selected gender - Male</div>
					<div class="node-step">Enter store id in dropdown - Test Pharmacy</div>
					<div class="node-step">Selected pharmacy store.Test Pharmacy</div>
					<div class="node-step">Enter store id in dropdown - Atlas Drugs</div>
					<div class="node-step">Selected pharmacy store.Atlas Drugs</div>
					<div class="node-step">Click on address tab</div>
					<div class="node-step">Address1 - Address1</div>
					<div class="node-step">Selected state - AK</div>
					<div class="node-step">Selected city - Adak</div>
					<div class="node-step">Selected Zip code - 99546</div>
					<div class="node-step">Click on Contact tab</div>
					<div class="node-step">Click on add new phone number link</div>
					<div class="node-step">Selected phone value from dropdown + Mobile</div>
					<div class="node-step">Entered phone number - 2147483647</div>
					<div class="node-step">Selected fax value from dropdown - Fax</div>
					<div class="node-step">Entered fax number - 2147483647</div>
					<div class="node-step">Selected email value from dropdown - Work</div>
					<div class="node-step">Entered email address - test@gmail.com</div>
					<div class="node-step">Click on Caregiver information tab</div>
					<div class="node-step">Click on Add Caregiver Link</div>
					<div class="node-step">Entered caregiver first name - KSCharles</div>
					<div class="node-step">Entered caregiver last name - Lisa</div>
					<div class="node-step">Entered caregiver relation with patient - Legal Guardian</div>
					<div class="node-step">Click on Income tab</div>
					<div class="node-step">Selected residency status - Legal Resident</div>
					<div class="node-step">Entered family member (in number) - 4</div>
					<div class="node-step">Entered Annual Income - 500</div>
					<div class="node-step">Click on cross reference tab</div>
					<div class="node-step">Click on patient cross reference link</div>
					<div class="node-step">Selected cross reference from dropdown - Pioneer Rx</div>
					<div class="node-step">Entered patient Id - 45647</div>
					<div class="node-step">Click on save button</div>
					<div class="node-step">Record created successfully.</div>
					<div class='screenshots'>
						<img width='80' height='40' onerror='this.style.display="none"' data-featherlight='C:\Users\vthorat\eclipse\java-2022-12\eclipse\AutomationBDD\Ketu_Cucumber_KSUser\.\images\1701323000498.png' src='C:\Users\vthorat\eclipse\java-2022-12\eclipse\AutomationBDD\Ketu_Cucumber_KSUser\.\images\1701323000498.png'>
					</div>
					<div class="node-step">User redirect to home page</div>
		</li>
	</ul>
</div>
					</div>
				</li>
				<li class='test displayed active has-leaf pass' status='pass' bdd='true' test-id='7'>
					<div class='test-heading'>
						<span class='test-name'>PayorInsurance</span>
						<span class='test-time'>Nov 30, 2023 11:13:23 AM</span>
						<span class='test-status right pass'>Pass</span>
					</div>
					<div class='test-content hide'>
<div class="sr-filters bdd-filters">
	<a class="btn-floating waves-effect waves-light pass green" title="pass"><i class='material-icons'>check_circle</i></a>
	<a class="btn-floating waves-effect waves-light fail red" title="fail"><i class='material-icons'>cancel</i></a>
	<a class="btn-floating waves-effect waves-light skip blue" title="skip"><i class='material-icons'>redo</i></a>
	<a class="btn-floating waves-effect waves-light clear grey" title="clear"><i class='material-icons'>clear</i></a>
</div>

<div class='scenario node' test-id='8' status='pass'>

	<span class='duration right label'>00 02 10.905</span>
	<div class="bdd-test">
		<div class="scenario-name"><span class='status pass' title='Pass'><i class='material-icons'>check_circle</i></span> Scenario: Add new payor insurance record with valid data</div>
	</div>
	
	
		<div class='category-list'>
				<span class='category label'>@PositiveFlow</span>
				<span class='category label'>@Payor</span>
		</div>
	
	<ul class='steps'>
		<li test-id='9' class='node when Pass' status='Pass'>
			<div class="step-name" title="(stepDefinitions.StepsForFeature.user_add_new_payor_insurance_record_with_valid_data())"><span class='status pass' title='Pass'><i class='material-icons'>check_circle</i></span>When User add new payor insurance record with valid data</div>


					<div class="node-step">Entered First Name of Patient for search - KSCharles</div>
					<div class="node-step">Entered Last Name of Patient for search - Lisa</div>
					<div class="node-step">Selected Date Of Birth for search - 02/10/1995</div>
					<div class="node-step">Pharmacy Benefit Insurance is added</div>
					<div class="node-step">Medical Benefit Insurance is added</div>
					<div class="node-step">Foundation Support Insurance is added</div>
					<div class="node-step">Manufacturer Co-Pay Support Insurance is added</div>
					<div class="node-step">Cash Insurance is added</div>
		</li>
	</ul>
</div>
					</div>
				</li>
				<li class='test displayed active has-leaf pass' status='pass' bdd='true' test-id='10'>
					<div class='test-heading'>
						<span class='test-name'>Service Preference</span>
						<span class='test-time'>Nov 30, 2023 11:15:34 AM</span>
						<span class='test-status right pass'>Pass</span>
					</div>
					<div class='test-content hide'>
<div class="sr-filters bdd-filters">
	<a class="btn-floating waves-effect waves-light pass green" title="pass"><i class='material-icons'>check_circle</i></a>
	<a class="btn-floating waves-effect waves-light fail red" title="fail"><i class='material-icons'>cancel</i></a>
	<a class="btn-floating waves-effect waves-light skip blue" title="skip"><i class='material-icons'>redo</i></a>
	<a class="btn-floating waves-effect waves-light clear grey" title="clear"><i class='material-icons'>clear</i></a>
</div>

<div class='scenario node' test-id='11' status='pass'>

	<span class='duration right label'>00 00 02.699</span>
	<div class="bdd-test">
		<div class="scenario-name"><span class='status pass' title='Pass'><i class='material-icons'>check_circle</i></span> Scenario: Verify that the Service Preference tab is displayed or not</div>
	</div>
	
	
		<div class='category-list'>
				<span class='category label'>@PositiveFlow</span>
				<span class='category label'>@ServicePreference</span>
		</div>
	
	<ul class='steps'>
		<li test-id='12' class='node when Pass' status='Pass'>
			<div class="step-name" title="(stepDefinitions.StepsForFeature.servicePreferenceTab_display_or_not())"><span class='status pass' title='Pass'><i class='material-icons'>check_circle</i></span>When Verify servicepreference tab is display or not</div>


					<div class="node-step">Service Preferences tab is visible</div>
		</li>
	</ul>
</div>
<div class='scenario node' test-id='13' status='pass'>

	<span class='duration right label'>00 00 20.767</span>
	<div class="bdd-test">
		<div class="scenario-name"><span class='status pass' title='Pass'><i class='material-icons'>check_circle</i></span> Scenario: Verify Service Preference with Valid Data</div>
	</div>
	
	
		<div class='category-list'>
				<span class='category label'>@PositiveFlow</span>
				<span class='category label'>@ServicePreference</span>
		</div>
	
	<ul class='steps'>
		<li test-id='14' class='node when Pass' status='Pass'>
			<div class="step-name" title="(stepDefinitions.StepsForFeature.add_servicePreference_valid_data())"><span class='status pass' title='Pass'><i class='material-icons'>check_circle</i></span>When verify Service Preference is adding with Valid Data</div>


					<div class="node-step">Clicked on Service Preferences tab</div>
					<div class="node-step">Clicked on Enroll Link</div>
					<div class="node-step">Selected Therapeutic Program - Behavioral Health</div>
					<div class="node-step">Selected Therapeutic Status - Active</div>
					<div class="node-step">Selected Therapeutic Reason - Currently on Service</div>
					<div class="node-step">Selected Patient New To Pharmacy - Yes</div>
					<div class="node-step">Selected Patient New To Specialty - Yes</div>
					<div class="node-step">Patient Successfully Enrolled to - Behavioral Health</div>
		</li>
	</ul>
</div>
					</div>
				</li>
				<li class='test displayed active has-leaf pass' status='pass' bdd='true' test-id='15'>
					<div class='test-heading'>
						<span class='test-name'>Add Case</span>
						<span class='test-time'>Nov 30, 2023 11:15:58 AM</span>
						<span class='test-status right pass'>Pass</span>
					</div>
					<div class='test-content hide'>
<div class="sr-filters bdd-filters">
	<a class="btn-floating waves-effect waves-light pass green" title="pass"><i class='material-icons'>check_circle</i></a>
	<a class="btn-floating waves-effect waves-light fail red" title="fail"><i class='material-icons'>cancel</i></a>
	<a class="btn-floating waves-effect waves-light skip blue" title="skip"><i class='material-icons'>redo</i></a>
	<a class="btn-floating waves-effect waves-light clear grey" title="clear"><i class='material-icons'>clear</i></a>
</div>

<div class='scenario node' test-id='16' status='pass'>

	<span class='duration right label'>00 00 30.661</span>
	<div class="bdd-test">
		<div class="scenario-name"><span class='status pass' title='Pass'><i class='material-icons'>check_circle</i></span> Scenario: Click on Create case with All valid Data</div>
	</div>
	
	
		<div class='category-list'>
				<span class='category label'>@PositiveFlow</span>
				<span class='category label'>@Add_Case</span>
		</div>
	
	<ul class='steps'>
		<li test-id='17' class='node when Pass' status='Pass'>
			<div class="step-name" title="(stepDefinitions.StepsForFeature.user_click_on_create_case_valid_data_only())"><span class='status pass' title='Pass'><i class='material-icons'>check_circle</i></span>When User click on create case with All valid Data</div>


					<div class="node-step">Selected Therapeutic Program - Behavioral Health</div>
					<div class="node-step">Selected Service</div>
					<div class="node-step">Select CarePlanMental Health</div>
					<div class="node-step">Click on Create Case Button</div>
		</li>
	</ul>
</div>
					</div>
				</li>
				<li class='test displayed active has-leaf pass' status='pass' bdd='true' test-id='18'>
					<div class='test-heading'>
						<span class='test-name'>Add Prescription</span>
						<span class='test-time'>Nov 30, 2023 11:16:29 AM</span>
						<span class='test-status right pass'>Pass</span>
					</div>
					<div class='test-content hide'>
<div class="sr-filters bdd-filters">
	<a class="btn-floating waves-effect waves-light pass green" title="pass"><i class='material-icons'>check_circle</i></a>
	<a class="btn-floating waves-effect waves-light fail red" title="fail"><i class='material-icons'>cancel</i></a>
	<a class="btn-floating waves-effect waves-light skip blue" title="skip"><i class='material-icons'>redo</i></a>
	<a class="btn-floating waves-effect waves-light clear grey" title="clear"><i class='material-icons'>clear</i></a>
</div>

<div class='scenario node' test-id='19' status='pass'>

	<span class='duration right label'>00 00 13.078</span>
	<div class="bdd-test">
		<div class="scenario-name"><span class='status pass' title='Pass'><i class='material-icons'>check_circle</i></span> Scenario: Verify that the Add Presciprion Link is clickable or not</div>
	</div>
	
	
		<div class='category-list'>
				<span class='category label'>@Add_Prescription</span>
				<span class='category label'>@PositiveFlow</span>
		</div>
	
	<ul class='steps'>
		<li test-id='20' class='node when Pass' status='Pass'>
			<div class="step-name" title="(stepDefinitions.StepsForFeature.verify_that_the_add_presciprion_link_is_clickable_or_not())"><span class='status pass' title='Pass'><i class='material-icons'>check_circle</i></span>When Verify that the Add Presciprion Link is clickable or not</div>


					<div class="node-step">Clicked on Intake Workflow</div>
					<div class="node-step">Clicked on Prescription Intake Activity</div>
					<div class="node-step">Clicked on Add Prescription Link</div>
		</li>
	</ul>
</div>
<div class='scenario node' test-id='21' status='pass'>

	<span class='duration right label'>00 01 20.114</span>
	<div class="bdd-test">
		<div class="scenario-name"><span class='status pass' title='Pass'><i class='material-icons'>check_circle</i></span> Scenario: Verify the add presciption to case with positive data</div>
	</div>
	
	
		<div class='category-list'>
				<span class='category label'>@Add_Prescription</span>
				<span class='category label'>@PositiveFlow</span>
		</div>
	
	<ul class='steps'>
		<li test-id='22' class='node when Pass' status='Pass'>
			<div class="step-name" title="(stepDefinitions.StepsForFeature.user_enter_all_valid_data_and_save_the_prescription_to_case())"><span class='status pass' title='Pass'><i class='material-icons'>check_circle</i></span>When User enter all valid data and save the prescription to case</div>


					<div class="node-step">Selected Received Method - Phone</div>
					<div class="node-step">Entered Received Date - 02/04/2023</div>
					<div class="node-step">Entered Rx Need by Date - 02/04/2023</div>
					<div class="node-step">Selected Rx Drug Type - Specialty</div>
					<div class="node-step">Clicked on Prescribed Drug Link</div>
					<div class="node-step">Entered NDC - 65757-0300-01</div>
					<div class="node-step">Clicked on Search button</div>
					<div class="node-step">Selected first drug from list</div>
					<div class="node-step">Entered Prescribed Quantity - 10</div>
					<div class="node-step">Entered Dispensed Quantity - 1</div>
					<div class="node-step">Entered PH Rx Number - RX_1457</div>
					<div class="node-step">Entered Day Supply - 5</div>
					<div class="node-step">Entered Directions - 1 in day</div>
					<div class="node-step">Entered Refills - 5</div>
					<div class="node-step">Entered Fill Number - 1</div>
					<div class="node-step">Clicked on Add Prescriber Link</div>
					<div class="node-step">Selected first Prescriber from the list</div>
					<div class="node-step">Selected Rx Type - Single</div>
					<div class="node-step">Selected Rx Status - Filled</div>
					<div class="node-step">Selected Rx Reason - Patient Picked Up</div>
					<div class="node-step">Prescription Added Successfully to the Case</div>
					<div class='screenshots'>
						<img width='80' height='40' onerror='this.style.display="none"' data-featherlight='C:\Users\vthorat\eclipse\java-2022-12\eclipse\AutomationBDD\Ketu_Cucumber_KSUser\.\images\1701323282190.png' src='C:\Users\vthorat\eclipse\java-2022-12\eclipse\AutomationBDD\Ketu_Cucumber_KSUser\.\images\1701323282190.png'>
					</div>
		</li>
	</ul>
</div>
					</div>
				</li>
				<li class='test displayed active has-leaf pass' status='pass' bdd='true' test-id='23'>
					<div class='test-heading'>
						<span class='test-name'>Case Banner</span>
						<span class='test-time'>Nov 30, 2023 11:18:02 AM</span>
						<span class='test-status right pass'>Pass</span>
					</div>
					<div class='test-content hide'>
<div class="sr-filters bdd-filters">
	<a class="btn-floating waves-effect waves-light pass green" title="pass"><i class='material-icons'>check_circle</i></a>
	<a class="btn-floating waves-effect waves-light fail red" title="fail"><i class='material-icons'>cancel</i></a>
	<a class="btn-floating waves-effect waves-light skip blue" title="skip"><i class='material-icons'>redo</i></a>
	<a class="btn-floating waves-effect waves-light clear grey" title="clear"><i class='material-icons'>clear</i></a>
</div>

<div class='scenario node' test-id='24' status='pass'>

	<span class='duration right label'>00 01 05.240</span>
	<div class="bdd-test">
		<div class="scenario-name"><span class='status pass' title='Pass'><i class='material-icons'>check_circle</i></span> Scenario: Verify the save case banner with valid data</div>
	</div>
	
	
		<div class='category-list'>
				<span class='category label'>@Case_Banner</span>
				<span class='category label'>@PositiveFlow</span>
		</div>
	
	<ul class='steps'>
		<li test-id='25' class='node when Pass' status='Pass'>
			<div class="step-name" title="(stepDefinitions.StepsForFeature.user_save_case_banner_with_positive_data())"><span class='status pass' title='Pass'><i class='material-icons'>check_circle</i></span>When User save case banner with valid data</div>


					<div class="node-step">Clicked on Case Banner Link</div>
					<div class="node-step">Added First Followup Date - 12/12/2023 in Case Banner</div>
					<div class="node-step">Selected First WorkFlow -> Intake</div>
					<div class="node-step">Selected First Followup Status -> Intake OnHold</div>
					<div class="node-step">Selected First Followup Reason -> OnHold Per Patient</div>
					<div class="node-step">Entered First Followup Note -> Re-Adjudication - Re-Adjudication- PA Approved - Mandated to Acaria Pharmacy </div>
					<div class="node-step">Added Second Followup Date -> 12/12/2023 in Case Banner</div>
					<div class="node-step">Selected Second WorkFlow -> Point of Sale</div>
					<div class="node-step">Selected Second Followup Reason -> Reverse Medication Dispense Date</div>
					<div class="node-step">Entered Second Followup Note -> PA Initiated - Waiting for Insurance to fax the PA Form [9/29/17]</div>
					<div class="node-step">Added Third Followup Date -> 12/12/2023 in Case Banner</div>
					<div class="node-step">Selected Third WorkFlow -> Benefit Investigation</div>
					<div class="node-step">Selected Third Followup Status -> Appeal (2) Initiated</div>
					<div class="node-step">Selected Third Followup Reason -> Clinician Drafting Appeal</div>
					<div class="node-step">Entered Third Followup Note -> Point of Sale Pending - Waiting Patient Pick Up - COPAY 300.00 LWTC - Point of Sale</div>
					<div class="node-step">Case Banner Added Successfully.</div>
					<div class='screenshots'>
						<img width='80' height='40' onerror='this.style.display="none"' data-featherlight='C:\Users\vthorat\eclipse\java-2022-12\eclipse\AutomationBDD\Ketu_Cucumber_KSUser\.\images\1701323347445.png' src='C:\Users\vthorat\eclipse\java-2022-12\eclipse\AutomationBDD\Ketu_Cucumber_KSUser\.\images\1701323347445.png'>
					</div>
		</li>
	</ul>
</div>
					</div>
				</li>
				<li class='test displayed active has-leaf pass' status='pass' bdd='true' test-id='26'>
					<div class='test-heading'>
						<span class='test-name'>Consent</span>
						<span class='test-time'>Nov 30, 2023 11:19:07 AM</span>
						<span class='test-status right pass'>Pass</span>
					</div>
					<div class='test-content hide'>
<div class="sr-filters bdd-filters">
	<a class="btn-floating waves-effect waves-light pass green" title="pass"><i class='material-icons'>check_circle</i></a>
	<a class="btn-floating waves-effect waves-light fail red" title="fail"><i class='material-icons'>cancel</i></a>
	<a class="btn-floating waves-effect waves-light skip blue" title="skip"><i class='material-icons'>redo</i></a>
	<a class="btn-floating waves-effect waves-light clear grey" title="clear"><i class='material-icons'>clear</i></a>
</div>

<div class='scenario node' test-id='27' status='pass'>

	<span class='duration right label'>00 00 07.548</span>
	<div class="bdd-test">
		<div class="scenario-name"><span class='status pass' title='Pass'><i class='material-icons'>check_circle</i></span> Scenario: Click on Patient Consent Tab</div>
	</div>
	
	
		<div class='category-list'>
				<span class='category label'>@PositiveFlow</span>
				<span class='category label'>@Consent</span>
		</div>
	
	<ul class='steps'>
		<li test-id='28' class='node when Pass' status='Pass'>
			<div class="step-name" title="(stepDefinitions.StepsForFeature.user_click_on_patient_consent_tab())"><span class='status pass' title='Pass'><i class='material-icons'>check_circle</i></span>When User click on Patient Consent Tab</div>


		</li>
	</ul>
</div>
<div class='scenario node' test-id='29' status='pass'>

	<span class='duration right label'>00 00 03.688</span>
	<div class="bdd-test">
		<div class="scenario-name"><span class='status pass' title='Pass'><i class='material-icons'>check_circle</i></span> Scenario: Verify the Add Patient Consent Elements</div>
	</div>
	
	
		<div class='category-list'>
				<span class='category label'>@PositiveFlow</span>
				<span class='category label'>@Consent</span>
		</div>
	
	<ul class='steps'>
		<li test-id='30' class='node when Pass' status='Pass'>
			<div class="step-name" title="(stepDefinitions.StepsForFeature.user_click_on_add_patient_consent_elements())"><span class='status pass' title='Pass'><i class='material-icons'>check_circle</i></span>When User click on Add Patient Consent Elements</div>


		</li>
	</ul>
</div>
<div class='scenario node' test-id='31' status='pass'>

	<span class='duration right label'>00 00 09.980</span>
	<div class="bdd-test">
		<div class="scenario-name"><span class='status pass' title='Pass'><i class='material-icons'>check_circle</i></span> Scenario: Verify that select correct value in methods dropdown</div>
	</div>
	
	
		<div class='category-list'>
				<span class='category label'>@PositiveFlow</span>
				<span class='category label'>@Consent</span>
		</div>
	
	<ul class='steps'>
		<li test-id='32' class='node when Pass' status='Pass'>
			<div class="step-name" title="(stepDefinitions.StepsForFeature.user_select_correct_value_in_methods_dropdown())"><span class='status pass' title='Pass'><i class='material-icons'>check_circle</i></span>When User select correct value in methods dropdown</div>


					<div class="node-step">Select Method Value</div>
		</li>
	</ul>
</div>
<div class='scenario node' test-id='33' status='pass'>

	<span class='duration right label'>00 00 11.873</span>
	<div class="bdd-test">
		<div class="scenario-name"><span class='status pass' title='Pass'><i class='material-icons'>check_circle</i></span> Scenario: Verify that select correct value in Consent Type</div>
	</div>
	
	
		<div class='category-list'>
				<span class='category label'>@PositiveFlow</span>
				<span class='category label'>@Consent</span>
		</div>
	
	<ul class='steps'>
		<li test-id='34' class='node when Pass' status='Pass'>
			<div class="step-name" title="(stepDefinitions.StepsForFeature.user_select_correct_value_in_consent_type())"><span class='status pass' title='Pass'><i class='material-icons'>check_circle</i></span>When User select correct value in Consent Type</div>


					<div class="node-step">Select Consent Type Value</div>
		</li>
	</ul>
</div>
<div class='scenario node' test-id='35' status='pass'>

	<span class='duration right label'>00 00 18.322</span>
	<div class="bdd-test">
		<div class="scenario-name"><span class='status pass' title='Pass'><i class='material-icons'>check_circle</i></span> Scenario: Verify that Add the Consent Type</div>
	</div>
	
	
		<div class='category-list'>
				<span class='category label'>@PositiveFlow</span>
				<span class='category label'>@Consent</span>
		</div>
	
	<ul class='steps'>
		<li test-id='36' class='node when Pass' status='Pass'>
			<div class="step-name" title="(stepDefinitions.StepsForFeature.user_add_the_consent_type())"><span class='status pass' title='Pass'><i class='material-icons'>check_circle</i></span>When User Add the Consent Type</div>


					<div class="node-step">Click on Save Consent Button</div>
					<div class='screenshots'>
						<img width='80' height='40' onerror='this.style.display="none"' data-featherlight='C:\Users\vthorat\eclipse\java-2022-12\eclipse\AutomationBDD\Ketu_Cucumber_KSUser\.\images\1701323398953.png' src='C:\Users\vthorat\eclipse\java-2022-12\eclipse\AutomationBDD\Ketu_Cucumber_KSUser\.\images\1701323398953.png'>
					</div>
		</li>
	</ul>
</div>
<div class='scenario node' test-id='37' status='pass'>

	<span class='duration right label'>00 00 07.289</span>
	<div class="bdd-test">
		<div class="scenario-name"><span class='status pass' title='Pass'><i class='material-icons'>check_circle</i></span> Scenario: Verify that save all consent activity</div>
	</div>
	
	
		<div class='category-list'>
				<span class='category label'>@PositiveFlow</span>
				<span class='category label'>@Consent</span>
		</div>
	
	<ul class='steps'>
		<li test-id='38' class='node when Pass' status='Pass'>
			<div class="step-name" title="(stepDefinitions.StepsForFeature.user_save_all_consent_activity())"><span class='status pass' title='Pass'><i class='material-icons'>check_circle</i></span>When User save all consent activity</div>


					<div class="node-step">Patient Consent Added</div>
					<div class='screenshots'>
						<img width='80' height='40' onerror='this.style.display="none"' data-featherlight='C:\Users\vthorat\eclipse\java-2022-12\eclipse\AutomationBDD\Ketu_Cucumber_KSUser\.\images\1701323406258.png' src='C:\Users\vthorat\eclipse\java-2022-12\eclipse\AutomationBDD\Ketu_Cucumber_KSUser\.\images\1701323406258.png'>
					</div>
		</li>
	</ul>
</div>
					</div>
				</li>
				<li class='test displayed active has-leaf pass' status='pass' bdd='true' test-id='39'>
					<div class='test-heading'>
						<span class='test-name'>Pre BI</span>
						<span class='test-time'>Nov 30, 2023 11:20:06 AM</span>
						<span class='test-status right pass'>Pass</span>
					</div>
					<div class='test-content hide'>
<div class="sr-filters bdd-filters">
	<a class="btn-floating waves-effect waves-light pass green" title="pass"><i class='material-icons'>check_circle</i></a>
	<a class="btn-floating waves-effect waves-light fail red" title="fail"><i class='material-icons'>cancel</i></a>
	<a class="btn-floating waves-effect waves-light skip blue" title="skip"><i class='material-icons'>redo</i></a>
	<a class="btn-floating waves-effect waves-light clear grey" title="clear"><i class='material-icons'>clear</i></a>
</div>

<div class='scenario node' test-id='40' status='pass'>

	<span class='duration right label'>00 00 55.090</span>
	<div class="bdd-test">
		<div class="scenario-name"><span class='status pass' title='Pass'><i class='material-icons'>check_circle</i></span> Scenario: Save Pre BI with valid data</div>
	</div>
	
	
		<div class='category-list'>
				<span class='category label'>@PositiveFlow</span>
				<span class='category label'>@PreBI</span>
		</div>
	
	<ul class='steps'>
		<li test-id='41' class='node when Pass' status='Pass'>
			<div class="step-name" title="(stepDefinitions.StepsForFeature.user_save_the_pre_bi_activity_with_valid_data())"><span class='status pass' title='Pass'><i class='material-icons'>check_circle</i></span>When User save the Pre BI activity with valid data</div>


					<div class="node-step">Successfully clicked on Intake Workflow</div>
					<div class="node-step">Clicked On Pre-BI Adjudicatoin Activity</div>
					<div class="node-step">Pre-BI Adjudication Section clicked Successfully</div>
					<div class="node-step">Selected Primary Insurance - AETNA COMMERCIAL</div>
					<div class="node-step">Initial Claim Adjudicated Successfully? - NO</div>
					<div class="node-step">Prior Authorization Required? - YES</div>
					<div class="node-step">Added Primary Billed Amount - 10000</div>
					<div class="node-step">Selected Secondary Insurance - MEDAVANTAGE</div>
					<div class="node-step">Secondary - Initial Claim Adjudicated Successfully? - YES</div>
					<div class="node-step">Added Secondary Billed Amount - 5000</div>
					<div class="node-step">Checked <b>NA</b> for Copay</div>
					<div class="node-step">Checked <b>NA</b> for Foundation</div>
					<div class="node-step">Pre-BI Added Successfully</div>
					<div class='screenshots'>
						<img width='80' height='40' onerror='this.style.display="none"' data-featherlight='C:\Users\vthorat\eclipse\java-2022-12\eclipse\AutomationBDD\Ketu_Cucumber_KSUser\.\images\1701323461372.png' src='C:\Users\vthorat\eclipse\java-2022-12\eclipse\AutomationBDD\Ketu_Cucumber_KSUser\.\images\1701323461372.png'>
					</div>
		</li>
	</ul>
</div>
					</div>
				</li>
				<li class='test displayed active has-leaf pass' status='pass' bdd='true' test-id='42'>
					<div class='test-heading'>
						<span class='test-name'>Prior Authorization</span>
						<span class='test-time'>Nov 30, 2023 11:21:01 AM</span>
						<span class='test-status right pass'>Pass</span>
					</div>
					<div class='test-content hide'>
<div class="sr-filters bdd-filters">
	<a class="btn-floating waves-effect waves-light pass green" title="pass"><i class='material-icons'>check_circle</i></a>
	<a class="btn-floating waves-effect waves-light fail red" title="fail"><i class='material-icons'>cancel</i></a>
	<a class="btn-floating waves-effect waves-light skip blue" title="skip"><i class='material-icons'>redo</i></a>
	<a class="btn-floating waves-effect waves-light clear grey" title="clear"><i class='material-icons'>clear</i></a>
</div>

<div class='scenario node' test-id='43' status='pass'>

	<span class='duration right label'>00 01 02.151</span>
	<div class="bdd-test">
		<div class="scenario-name"><span class='status pass' title='Pass'><i class='material-icons'>check_circle</i></span> Scenario: Save Prior Authorization with valid data</div>
	</div>
	
	
		<div class='category-list'>
				<span class='category label'>@PositiveFlow</span>
				<span class='category label'>@PriorAuthorization</span>
		</div>
	
	<ul class='steps'>
		<li test-id='44' class='node when Pass' status='Pass'>
			<div class="step-name" title="(stepDefinitions.StepsForFeature.user_save_the_priorauthorizatio_activity_with_valid_data())"><span class='status pass' title='Pass'><i class='material-icons'>check_circle</i></span>When User save the PA activity with valid data</div>


					<div class="node-step">Clicked on PA Activity</div>
					<div class="node-step">Clicked on Add PA Link</div>
					<div class="node-step">Selected PA TYPE Value - New</div>
					<div class="node-step">Selected PA Status Value - Approved</div>
					<div class="node-step">Selected PA Status Value - Approved for prescribed Rx</div>
					<div class="node-step">Selected PA Intiitated By Value - Fax</div>
					<div class="node-step">Selected Prescription</div>
					<div class="node-step">Selected Insurance</div>
					<div class="node-step">Entered Date Initiated - 06/16/2023</div>
					<div class="node-step">Entered Date Submitted - 06/16/2023</div>
					<div class="node-step">Entered Expected Date - 06/16/2023</div>
					<div class="node-step">Entered PA Expiration Date - 06/30/2024</div>
					<div class="node-step">Entered PA Decision Date - 06/16/2023</div>
					<div class="node-step">Entered PA Case Reference Number - PA1256</div>
					<div class="node-step">Clicked on Save Button</div>
					<div class="node-step"><b>Prior Authorization Added Successfully</b></div>
		</li>
	</ul>
</div>
					</div>
				</li>
				<li class='test displayed active has-leaf pass' status='pass' bdd='true' test-id='45'>
					<div class='test-heading'>
						<span class='test-name'>Appeal</span>
						<span class='test-time'>Nov 30, 2023 11:22:03 AM</span>
						<span class='test-status right pass'>Pass</span>
					</div>
					<div class='test-content hide'>
<div class="sr-filters bdd-filters">
	<a class="btn-floating waves-effect waves-light pass green" title="pass"><i class='material-icons'>check_circle</i></a>
	<a class="btn-floating waves-effect waves-light fail red" title="fail"><i class='material-icons'>cancel</i></a>
	<a class="btn-floating waves-effect waves-light skip blue" title="skip"><i class='material-icons'>redo</i></a>
	<a class="btn-floating waves-effect waves-light clear grey" title="clear"><i class='material-icons'>clear</i></a>
</div>

<div class='scenario node' test-id='46' status='pass'>

	<span class='duration right label'>00 02 24.107</span>
	<div class="bdd-test">
		<div class="scenario-name"><span class='status pass' title='Pass'><i class='material-icons'>check_circle</i></span> Scenario: Save Appeal with valid data</div>
	</div>
	
	
		<div class='category-list'>
				<span class='category label'>@Appeal</span>
				<span class='category label'>@PositiveFlow</span>
		</div>
	
	<ul class='steps'>
		<li test-id='47' class='node when Pass' status='Pass'>
			<div class="step-name" title="(stepDefinitions.StepsForFeature.user_save_the_appeal_activity_with_valid_data())"><span class='status pass' title='Pass'><i class='material-icons'>check_circle</i></span>When User save the appeal activity with valid data</div>


					<div class="node-step">BI workflow Clicked</div>
					<div class="node-step">Clicked on Add Appeal link</div>
					<div class="node-step">Selected Status - Approved</div>
					<div class="node-step">Selected Reason - Approved for Prescribed Rx</div>
					<div class="node-step">Selected Initiated By - Fax</div>
					<div class="node-step">Entered PA Number Value - PA1256</div>
					<div class="node-step">Selected Prescription</div>
					<div class="node-step">Selected Insurance Value</div>
					<div class="node-step">Selected PAInitiated Date - 06/16/2023</div>
					<div class="node-step">Selected Level of Appeal - Level 1</div>
					<div class="node-step">Selected PA Contested Reason Value - Off label drug use</div>
					<div class="node-step">Selected Yes Radio</div>
					<div class="node-step">Selected Appeal Drafted By</div>
					<div class="node-step">Selected Appeal Submitted Date - 06/16/2023</div>
					<div class="node-step">Selected Decision Received Date - 06/16/2023</div>
					<div class="node-step">Selected Approval Date - 06/16/2023</div>
					<div class="node-step">Selected Expiration Date - 06/30/2024</div>
					<div class="node-step">Entered Appeal Number - AP1457</div>
					<div class="node-step">Click on Save button</div>
					<div class="node-step"><b>Appeal Added Successfully</b></div>
					<div class="node-step">Click on Close button</div>
		</li>
	</ul>
</div>
					</div>
				</li>
				<li class='test displayed active has-leaf pass' status='pass' bdd='true' test-id='48'>
					<div class='test-heading'>
						<span class='test-name'>Copay</span>
						<span class='test-time'>Nov 30, 2023 11:24:27 AM</span>
						<span class='test-status right pass'>Pass</span>
					</div>
					<div class='test-content hide'>
<div class="sr-filters bdd-filters">
	<a class="btn-floating waves-effect waves-light pass green" title="pass"><i class='material-icons'>check_circle</i></a>
	<a class="btn-floating waves-effect waves-light fail red" title="fail"><i class='material-icons'>cancel</i></a>
	<a class="btn-floating waves-effect waves-light skip blue" title="skip"><i class='material-icons'>redo</i></a>
	<a class="btn-floating waves-effect waves-light clear grey" title="clear"><i class='material-icons'>clear</i></a>
</div>

<div class='scenario node' test-id='49' status='pass'>

	<span class='duration right label'>00 01 52.714</span>
	<div class="bdd-test">
		<div class="scenario-name"><span class='status pass' title='Pass'><i class='material-icons'>check_circle</i></span> Scenario: Save Copay with valid data</div>
	</div>
	
	
		<div class='category-list'>
				<span class='category label'>@PositiveFlow</span>
				<span class='category label'>@Copay</span>
		</div>
	
	<ul class='steps'>
		<li test-id='50' class='node when Pass' status='Pass'>
			<div class="step-name" title="(stepDefinitions.StepsForFeature.user_save_the_copay_activity_with_valid_data())"><span class='status pass' title='Pass'><i class='material-icons'>check_circle</i></span>When User save the copay activity with valid data</div>


					<div class="node-step">BI workflow Clicked</div>
					<div class="node-step">Clicked on Add Copaycard link</div>
					<div class="node-step">Selected Copay card</div>
					<div class="node-step">Selected Prescription</div>
					<div class="node-step">Copay Status Added</div>
					<div class="node-step">Initiated value Selected</div>
					<div class="node-step">Date Initiated Selected</div>
					<div class="node-step">Date Submitted Selected</div>
					<div class="node-step">Expected Response Date Selected</div>
					<div class="node-step">Decision Date Selected</div>
					<div class="node-step">Selected Copay Insurance</div>
		</li>
	</ul>
</div>
					</div>
				</li>
				<li class='test displayed active has-leaf pass' status='pass' bdd='true' test-id='51'>
					<div class='test-heading'>
						<span class='test-name'>Foundation</span>
						<span class='test-time'>Nov 30, 2023 11:26:20 AM</span>
						<span class='test-status right pass'>Pass</span>
					</div>
					<div class='test-content hide'>
<div class="sr-filters bdd-filters">
	<a class="btn-floating waves-effect waves-light pass green" title="pass"><i class='material-icons'>check_circle</i></a>
	<a class="btn-floating waves-effect waves-light fail red" title="fail"><i class='material-icons'>cancel</i></a>
	<a class="btn-floating waves-effect waves-light skip blue" title="skip"><i class='material-icons'>redo</i></a>
	<a class="btn-floating waves-effect waves-light clear grey" title="clear"><i class='material-icons'>clear</i></a>
</div>

<div class='scenario node' test-id='52' status='pass'>

	<span class='duration right label'>00 02 14.743</span>
	<div class="bdd-test">
		<div class="scenario-name"><span class='status pass' title='Pass'><i class='material-icons'>check_circle</i></span> Scenario: Save Foundation with valid data</div>
	</div>
	
	
		<div class='category-list'>
				<span class='category label'>@PositiveFlow</span>
				<span class='category label'>@Foundation</span>
		</div>
	
	<ul class='steps'>
		<li test-id='53' class='node when Pass' status='Pass'>
			<div class="step-name" title="(stepDefinitions.StepsForFeature.user_save_the_foundation_activity_with_valid_data())"><span class='status pass' title='Pass'><i class='material-icons'>check_circle</i></span>When User save the foundation activity with valid data</div>


					<div class="node-step">Selected Status and Reason</div>
					<div class="node-step">Selected Initiated By</div>
					<div class="node-step"><b>Foundation Support Added Successfully</b></div>
		</li>
	</ul>
</div>
					</div>
				</li>
				<li class='test displayed active has-leaf fail' status='fail' bdd='true' test-id='54'>
					<div class='test-heading'>
						<span class='test-name'>PostBI</span>
						<span class='test-time'>Nov 30, 2023 11:28:35 AM</span>
						<span class='test-status right fail'>Fail</span>
					</div>
					<div class='test-content hide'>
<div class="sr-filters bdd-filters">
	<a class="btn-floating waves-effect waves-light pass green" title="pass"><i class='material-icons'>check_circle</i></a>
	<a class="btn-floating waves-effect waves-light fail red" title="fail"><i class='material-icons'>cancel</i></a>
	<a class="btn-floating waves-effect waves-light skip blue" title="skip"><i class='material-icons'>redo</i></a>
	<a class="btn-floating waves-effect waves-light clear grey" title="clear"><i class='material-icons'>clear</i></a>
</div>

<div class='scenario node' test-id='55' status='fail'>

	<span class='duration right label'>00 00 01.334</span>
	<div class="bdd-test">
		<div class="scenario-name"><span class='status fail' title='Fail'><i class='material-icons'>cancel</i></span> Scenario: Save Post BI with valid data</div>
	</div>
	
	
		<div class='category-list'>
				<span class='category label'>@PositiveFlow</span>
				<span class='category label'>@PostBI</span>
		</div>
	
	<ul class='steps'>
		<li test-id='56' class='node when Fail' status='Fail'>
			<div class="step-name" title="(stepDefinitions.StepsForFeature.user_save_the_postbi_activity_with_valid_data())"><span class='status fail' title='Fail'><i class='material-icons'>cancel</i></span>When User save the postbi activity with valid data</div>


					<div class="node-step">Error occured while Selecting Primary Insurance</div>
					<textarea disabled class="code-block">org.openqa.selenium.NoSuchWindowException: no such window: target window already closed
from unknown error: web view not found
  (Session info: chrome=119.0.6045.161)
Build info: version: '3.8.1', revision: '6e95a6684b', time: '2017-12-01T18:33:54.468Z'
System info: host: 'TDS-5CG1075Y8C', ip: '10.245.10.29', os.name: 'Windows 10', os.arch: 'amd64', os.version: '10.0', java.version: '11.0.1'
Driver info: org.openqa.selenium.chrome.ChromeDriver
Capabilities {acceptInsecureCerts: false, browserName: chrome, browserVersion: 119.0.6045.161, chrome: {chromedriverVersion: 119.0.6045.105 (38c72552c5e..., userDataDir: C:\Users\vthorat\AppData\Lo...}, fedcm:accounts: true, goog:chromeOptions: {debuggerAddress: localhost:56236}, javascriptEnabled: true, networkConnectionEnabled: false, pageLoadStrategy: normal, platform: WINDOWS, platformName: WINDOWS, proxy: Proxy(), setWindowRect: true, strictFileInteractability: false, timeouts: {implicit: 0, pageLoad: 300000, script: 30000}, unhandledPromptBehavior: dismiss and notify, webauthn:extension:credBlob: true, webauthn:extension:largeBlob: true, webauthn:extension:minPinLength: true, webauthn:extension:prf: true, webauthn:virtualAuthenticators: true}
Session ID: 46cd0224be1f02b76de53d001f8ae8e1
	at java.base/jdk.internal.reflect.NativeConstructorAccessorImpl.newInstance0(Native Method)
	at java.base/jdk.internal.reflect.NativeConstructorAccessorImpl.newInstance(NativeConstructorAccessorImpl.java:62)
	at java.base/jdk.internal.reflect.DelegatingConstructorAccessorImpl.newInstance(DelegatingConstructorAccessorImpl.java:45)
	at java.base/java.lang.reflect.Constructor.newInstance(Constructor.java:490)
	at org.openqa.selenium.remote.http.W3CHttpResponseCodec.createException(W3CHttpResponseCodec.java:187)
	at org.openqa.selenium.remote.http.W3CHttpResponseCodec.decode(W3CHttpResponseCodec.java:122)
	at org.openqa.selenium.remote.http.W3CHttpResponseCodec.decode(W3CHttpResponseCodec.java:49)
	at org.openqa.selenium.remote.HttpCommandExecutor.execute(HttpCommandExecutor.java:164)
	at org.openqa.selenium.remote.service.DriverCommandExecutor.execute(DriverCommandExecutor.java:83)
	at org.openqa.selenium.remote.RemoteWebDriver.execute(RemoteWebDriver.java:601)
	at org.openqa.selenium.remote.RemoteWebDriver.execute(RemoteWebDriver.java:658)
	at org.openqa.selenium.remote.RemoteWebDriver.getScreenshotAs(RemoteWebDriver.java:343)
	at testPackage.Base.CaptureScreen(Base.java:471)
	at methodPackage.PostBIMethod.VerifyPostBIWithValidData(PostBIMethod.java:197)
	at stepDefinitions.StepsForFeature.user_save_the_postbi_activity_with_valid_data(StepsForFeature.java:1551)
	at ?.User save the postbi activity with valid data(file:///C:/Users/vthorat/eclipse/java-2022-12/eclipse/AutomationBDD/Ketu_Cucumber_KSUser/./Features/Feature20(Post%20BI).feature:17)
</textarea>
		</li>
	</ul>
</div>
					</div>
				</li>
				<li class='test displayed active has-leaf fail' status='fail' bdd='true' test-id='57'>
					<div class='test-heading'>
						<span class='test-name'>POS</span>
						<span class='test-time'>Nov 30, 2023 11:28:36 AM</span>
						<span class='test-status right fail'>Fail</span>
					</div>
					<div class='test-content hide'>
<div class="sr-filters bdd-filters">
	<a class="btn-floating waves-effect waves-light pass green" title="pass"><i class='material-icons'>check_circle</i></a>
	<a class="btn-floating waves-effect waves-light fail red" title="fail"><i class='material-icons'>cancel</i></a>
	<a class="btn-floating waves-effect waves-light skip blue" title="skip"><i class='material-icons'>redo</i></a>
	<a class="btn-floating waves-effect waves-light clear grey" title="clear"><i class='material-icons'>clear</i></a>
</div>

<div class='scenario node' test-id='58' status='fail'>

	<span class='duration right label'>00 00 00.016</span>
	<div class="bdd-test">
		<div class="scenario-name"><span class='status fail' title='Fail'><i class='material-icons'>cancel</i></span> Scenario: Save POS with valid data</div>
	</div>
	
	
		<div class='category-list'>
				<span class='category label'>@POS</span>
				<span class='category label'>@PositiveFlow</span>
		</div>
	
	<ul class='steps'>
		<li test-id='59' class='node when Fail' status='Fail'>
			<div class="step-name" title="(stepDefinitions.StepsForFeature.user_save_the_point_of_sale_activity_with_valid_data())"><span class='status fail' title='Fail'><i class='material-icons'>cancel</i></span>When User save the point of sale activity with valid data</div>


					<textarea disabled class="code-block">org.openqa.selenium.NoSuchWindowException: no such window: target window already closed
from unknown error: web view not found
  (Session info: chrome=119.0.6045.161)
Build info: version: '3.8.1', revision: '6e95a6684b', time: '2017-12-01T18:33:54.468Z'
System info: host: 'TDS-5CG1075Y8C', ip: '10.245.10.29', os.name: 'Windows 10', os.arch: 'amd64', os.version: '10.0', java.version: '11.0.1'
Driver info: org.openqa.selenium.chrome.ChromeDriver
Capabilities {acceptInsecureCerts: false, browserName: chrome, browserVersion: 119.0.6045.161, chrome: {chromedriverVersion: 119.0.6045.105 (38c72552c5e..., userDataDir: C:\Users\vthorat\AppData\Lo...}, fedcm:accounts: true, goog:chromeOptions: {debuggerAddress: localhost:56236}, javascriptEnabled: true, networkConnectionEnabled: false, pageLoadStrategy: normal, platform: WINDOWS, platformName: WINDOWS, proxy: Proxy(), setWindowRect: true, strictFileInteractability: false, timeouts: {implicit: 0, pageLoad: 300000, script: 30000}, unhandledPromptBehavior: dismiss and notify, webauthn:extension:credBlob: true, webauthn:extension:largeBlob: true, webauthn:extension:minPinLength: true, webauthn:extension:prf: true, webauthn:virtualAuthenticators: true}
Session ID: 46cd0224be1f02b76de53d001f8ae8e1
	at java.base/jdk.internal.reflect.NativeConstructorAccessorImpl.newInstance0(Native Method)
	at java.base/jdk.internal.reflect.NativeConstructorAccessorImpl.newInstance(NativeConstructorAccessorImpl.java:62)
	at java.base/jdk.internal.reflect.DelegatingConstructorAccessorImpl.newInstance(DelegatingConstructorAccessorImpl.java:45)
	at java.base/java.lang.reflect.Constructor.newInstance(Constructor.java:490)
	at org.openqa.selenium.remote.http.W3CHttpResponseCodec.createException(W3CHttpResponseCodec.java:187)
	at org.openqa.selenium.remote.http.W3CHttpResponseCodec.decode(W3CHttpResponseCodec.java:122)
	at org.openqa.selenium.remote.http.W3CHttpResponseCodec.decode(W3CHttpResponseCodec.java:49)
	at org.openqa.selenium.remote.HttpCommandExecutor.execute(HttpCommandExecutor.java:164)
	at org.openqa.selenium.remote.service.DriverCommandExecutor.execute(DriverCommandExecutor.java:83)
	at org.openqa.selenium.remote.RemoteWebDriver.execute(RemoteWebDriver.java:601)
	at org.openqa.selenium.remote.RemoteWebDriver.execute(RemoteWebDriver.java:658)
	at org.openqa.selenium.remote.RemoteWebDriver.getWindowHandle(RemoteWebDriver.java:518)
	at dataPackage.PAData.<init>(PAData.java:83)
	at java.base/jdk.internal.reflect.NativeConstructorAccessorImpl.newInstance0(Native Method)
	at java.base/jdk.internal.reflect.NativeConstructorAccessorImpl.newInstance(NativeConstructorAccessorImpl.java:62)
	at java.base/jdk.internal.reflect.DelegatingConstructorAccessorImpl.newInstance(DelegatingConstructorAccessorImpl.java:45)
	at java.base/java.lang.reflect.Constructor.newInstance(Constructor.java:490)
	at java.base/java.lang.Class.newInstance(Class.java:584)
	at org.openqa.selenium.support.PageFactory.instantiatePage(PageFactory.java:131)
	at org.openqa.selenium.support.PageFactory.initElements(PageFactory.java:64)
	at methodPackage.POSMethod.<init>(POSMethod.java:22)
	at java.base/jdk.internal.reflect.NativeConstructorAccessorImpl.newInstance0(Native Method)
	at java.base/jdk.internal.reflect.NativeConstructorAccessorImpl.newInstance(NativeConstructorAccessorImpl.java:62)
	at java.base/jdk.internal.reflect.DelegatingConstructorAccessorImpl.newInstance(DelegatingConstructorAccessorImpl.java:45)
	at java.base/java.lang.reflect.Constructor.newInstance(Constructor.java:490)
	at java.base/java.lang.Class.newInstance(Class.java:584)
	at org.openqa.selenium.support.PageFactory.instantiatePage(PageFactory.java:131)
	at org.openqa.selenium.support.PageFactory.initElements(PageFactory.java:64)
	at stepDefinitions.StepsForFeature.user_save_the_point_of_sale_activity_with_valid_data(StepsForFeature.java:1560)
	at ?.User save the point of sale activity with valid data(file:///C:/Users/vthorat/eclipse/java-2022-12/eclipse/AutomationBDD/Ketu_Cucumber_KSUser/./Features/Feature21(POS).feature:9)
</textarea>
		</li>
	</ul>
</div>
<div class='scenario node' test-id='60' status='fail'>

	<span class='duration right label'>00 00 00.010</span>
	<div class="bdd-test">
		<div class="scenario-name"><span class='status fail' title='Fail'><i class='material-icons'>cancel</i></span> Scenario: Complete Intake WorkFlow</div>
	</div>
	
	
		<div class='category-list'>
				<span class='category label'>@POS</span>
				<span class='category label'>@PositiveFlow</span>
		</div>
	
	<ul class='steps'>
		<li test-id='61' class='node when Fail' status='Fail'>
			<div class="step-name" title="(stepDefinitions.StepsForFeature.user_complete_intake_work_flow())"><span class='status fail' title='Fail'><i class='material-icons'>cancel</i></span>When User Complete Intake WorkFlow</div>


					<textarea disabled class="code-block">org.openqa.selenium.NoSuchWindowException: no such window: target window already closed
from unknown error: web view not found
  (Session info: chrome=119.0.6045.161)
Build info: version: '3.8.1', revision: '6e95a6684b', time: '2017-12-01T18:33:54.468Z'
System info: host: 'TDS-5CG1075Y8C', ip: '10.245.10.29', os.name: 'Windows 10', os.arch: 'amd64', os.version: '10.0', java.version: '11.0.1'
Driver info: org.openqa.selenium.chrome.ChromeDriver
Capabilities {acceptInsecureCerts: false, browserName: chrome, browserVersion: 119.0.6045.161, chrome: {chromedriverVersion: 119.0.6045.105 (38c72552c5e..., userDataDir: C:\Users\vthorat\AppData\Lo...}, fedcm:accounts: true, goog:chromeOptions: {debuggerAddress: localhost:56236}, javascriptEnabled: true, networkConnectionEnabled: false, pageLoadStrategy: normal, platform: WINDOWS, platformName: WINDOWS, proxy: Proxy(), setWindowRect: true, strictFileInteractability: false, timeouts: {implicit: 0, pageLoad: 300000, script: 30000}, unhandledPromptBehavior: dismiss and notify, webauthn:extension:credBlob: true, webauthn:extension:largeBlob: true, webauthn:extension:minPinLength: true, webauthn:extension:prf: true, webauthn:virtualAuthenticators: true}
Session ID: 46cd0224be1f02b76de53d001f8ae8e1
	at java.base/jdk.internal.reflect.NativeConstructorAccessorImpl.newInstance0(Native Method)
	at java.base/jdk.internal.reflect.NativeConstructorAccessorImpl.newInstance(NativeConstructorAccessorImpl.java:62)
	at java.base/jdk.internal.reflect.DelegatingConstructorAccessorImpl.newInstance(DelegatingConstructorAccessorImpl.java:45)
	at java.base/java.lang.reflect.Constructor.newInstance(Constructor.java:490)
	at org.openqa.selenium.remote.http.W3CHttpResponseCodec.createException(W3CHttpResponseCodec.java:187)
	at org.openqa.selenium.remote.http.W3CHttpResponseCodec.decode(W3CHttpResponseCodec.java:122)
	at org.openqa.selenium.remote.http.W3CHttpResponseCodec.decode(W3CHttpResponseCodec.java:49)
	at org.openqa.selenium.remote.HttpCommandExecutor.execute(HttpCommandExecutor.java:164)
	at org.openqa.selenium.remote.service.DriverCommandExecutor.execute(DriverCommandExecutor.java:83)
	at org.openqa.selenium.remote.RemoteWebDriver.execute(RemoteWebDriver.java:601)
	at org.openqa.selenium.remote.RemoteWebDriver.execute(RemoteWebDriver.java:658)
	at org.openqa.selenium.remote.RemoteWebDriver.getWindowHandle(RemoteWebDriver.java:518)
	at dataPackage.PAData.<init>(PAData.java:83)
	at java.base/jdk.internal.reflect.NativeConstructorAccessorImpl.newInstance0(Native Method)
	at java.base/jdk.internal.reflect.NativeConstructorAccessorImpl.newInstance(NativeConstructorAccessorImpl.java:62)
	at java.base/jdk.internal.reflect.DelegatingConstructorAccessorImpl.newInstance(DelegatingConstructorAccessorImpl.java:45)
	at java.base/java.lang.reflect.Constructor.newInstance(Constructor.java:490)
	at java.base/java.lang.Class.newInstance(Class.java:584)
	at org.openqa.selenium.support.PageFactory.instantiatePage(PageFactory.java:131)
	at org.openqa.selenium.support.PageFactory.initElements(PageFactory.java:64)
	at methodPackage.POSMethod.<init>(POSMethod.java:22)
	at java.base/jdk.internal.reflect.NativeConstructorAccessorImpl.newInstance0(Native Method)
	at java.base/jdk.internal.reflect.NativeConstructorAccessorImpl.newInstance(NativeConstructorAccessorImpl.java:62)
	at java.base/jdk.internal.reflect.DelegatingConstructorAccessorImpl.newInstance(DelegatingConstructorAccessorImpl.java:45)
	at java.base/java.lang.reflect.Constructor.newInstance(Constructor.java:490)
	at java.base/java.lang.Class.newInstance(Class.java:584)
	at org.openqa.selenium.support.PageFactory.instantiatePage(PageFactory.java:131)
	at org.openqa.selenium.support.PageFactory.initElements(PageFactory.java:64)
	at stepDefinitions.StepsForFeature.user_complete_intake_work_flow(StepsForFeature.java:1569)
	at ?.User Complete Intake WorkFlow(file:///C:/Users/vthorat/eclipse/java-2022-12/eclipse/AutomationBDD/Ketu_Cucumber_KSUser/./Features/Feature21(POS).feature:12)
</textarea>
		</li>
	</ul>
</div>
<div class='scenario node' test-id='62' status='fail'>

	<span class='duration right label'>00 00 00.011</span>
	<div class="bdd-test">
		<div class="scenario-name"><span class='status fail' title='Fail'><i class='material-icons'>cancel</i></span> Scenario: Complete BI WorkFlow</div>
	</div>
	
	
		<div class='category-list'>
				<span class='category label'>@POS</span>
				<span class='category label'>@PositiveFlow</span>
		</div>
	
	<ul class='steps'>
		<li test-id='63' class='node when Fail' status='Fail'>
			<div class="step-name" title="(stepDefinitions.StepsForFeature.user_complete_bi_work_flow())"><span class='status fail' title='Fail'><i class='material-icons'>cancel</i></span>When User Complete BI WorkFlow</div>


					<textarea disabled class="code-block">org.openqa.selenium.NoSuchWindowException: no such window: target window already closed
from unknown error: web view not found
  (Session info: chrome=119.0.6045.161)
Build info: version: '3.8.1', revision: '6e95a6684b', time: '2017-12-01T18:33:54.468Z'
System info: host: 'TDS-5CG1075Y8C', ip: '10.245.10.29', os.name: 'Windows 10', os.arch: 'amd64', os.version: '10.0', java.version: '11.0.1'
Driver info: org.openqa.selenium.chrome.ChromeDriver
Capabilities {acceptInsecureCerts: false, browserName: chrome, browserVersion: 119.0.6045.161, chrome: {chromedriverVersion: 119.0.6045.105 (38c72552c5e..., userDataDir: C:\Users\vthorat\AppData\Lo...}, fedcm:accounts: true, goog:chromeOptions: {debuggerAddress: localhost:56236}, javascriptEnabled: true, networkConnectionEnabled: false, pageLoadStrategy: normal, platform: WINDOWS, platformName: WINDOWS, proxy: Proxy(), setWindowRect: true, strictFileInteractability: false, timeouts: {implicit: 0, pageLoad: 300000, script: 30000}, unhandledPromptBehavior: dismiss and notify, webauthn:extension:credBlob: true, webauthn:extension:largeBlob: true, webauthn:extension:minPinLength: true, webauthn:extension:prf: true, webauthn:virtualAuthenticators: true}
Session ID: 46cd0224be1f02b76de53d001f8ae8e1
	at java.base/jdk.internal.reflect.NativeConstructorAccessorImpl.newInstance0(Native Method)
	at java.base/jdk.internal.reflect.NativeConstructorAccessorImpl.newInstance(NativeConstructorAccessorImpl.java:62)
	at java.base/jdk.internal.reflect.DelegatingConstructorAccessorImpl.newInstance(DelegatingConstructorAccessorImpl.java:45)
	at java.base/java.lang.reflect.Constructor.newInstance(Constructor.java:490)
	at org.openqa.selenium.remote.http.W3CHttpResponseCodec.createException(W3CHttpResponseCodec.java:187)
	at org.openqa.selenium.remote.http.W3CHttpResponseCodec.decode(W3CHttpResponseCodec.java:122)
	at org.openqa.selenium.remote.http.W3CHttpResponseCodec.decode(W3CHttpResponseCodec.java:49)
	at org.openqa.selenium.remote.HttpCommandExecutor.execute(HttpCommandExecutor.java:164)
	at org.openqa.selenium.remote.service.DriverCommandExecutor.execute(DriverCommandExecutor.java:83)
	at org.openqa.selenium.remote.RemoteWebDriver.execute(RemoteWebDriver.java:601)
	at org.openqa.selenium.remote.RemoteWebDriver.execute(RemoteWebDriver.java:658)
	at org.openqa.selenium.remote.RemoteWebDriver.getWindowHandle(RemoteWebDriver.java:518)
	at dataPackage.PAData.<init>(PAData.java:83)
	at java.base/jdk.internal.reflect.NativeConstructorAccessorImpl.newInstance0(Native Method)
	at java.base/jdk.internal.reflect.NativeConstructorAccessorImpl.newInstance(NativeConstructorAccessorImpl.java:62)
	at java.base/jdk.internal.reflect.DelegatingConstructorAccessorImpl.newInstance(DelegatingConstructorAccessorImpl.java:45)
	at java.base/java.lang.reflect.Constructor.newInstance(Constructor.java:490)
	at java.base/java.lang.Class.newInstance(Class.java:584)
	at org.openqa.selenium.support.PageFactory.instantiatePage(PageFactory.java:131)
	at org.openqa.selenium.support.PageFactory.initElements(PageFactory.java:64)
	at methodPackage.POSMethod.<init>(POSMethod.java:22)
	at java.base/jdk.internal.reflect.NativeConstructorAccessorImpl.newInstance0(Native Method)
	at java.base/jdk.internal.reflect.NativeConstructorAccessorImpl.newInstance(NativeConstructorAccessorImpl.java:62)
	at java.base/jdk.internal.reflect.DelegatingConstructorAccessorImpl.newInstance(DelegatingConstructorAccessorImpl.java:45)
	at java.base/java.lang.reflect.Constructor.newInstance(Constructor.java:490)
	at java.base/java.lang.Class.newInstance(Class.java:584)
	at org.openqa.selenium.support.PageFactory.instantiatePage(PageFactory.java:131)
	at org.openqa.selenium.support.PageFactory.initElements(PageFactory.java:64)
	at stepDefinitions.StepsForFeature.user_complete_bi_work_flow(StepsForFeature.java:1577)
	at ?.User Complete BI WorkFlow(file:///C:/Users/vthorat/eclipse/java-2022-12/eclipse/AutomationBDD/Ketu_Cucumber_KSUser/./Features/Feature21(POS).feature:15)
</textarea>
		</li>
	</ul>
</div>
<div class='scenario node' test-id='64' status='fail'>

	<span class='duration right label'>00 00 00.013</span>
	<div class="bdd-test">
		<div class="scenario-name"><span class='status fail' title='Fail'><i class='material-icons'>cancel</i></span> Scenario: Complete COC WorkFlow</div>
	</div>
	
	
		<div class='category-list'>
				<span class='category label'>@POS</span>
				<span class='category label'>@PositiveFlow</span>
		</div>
	
	<ul class='steps'>
		<li test-id='65' class='node when Fail' status='Fail'>
			<div class="step-name" title="(stepDefinitions.StepsForFeature.user_complete_coc_work_flow())"><span class='status fail' title='Fail'><i class='material-icons'>cancel</i></span>When User Complete COC WorkFlow</div>


					<textarea disabled class="code-block">org.openqa.selenium.NoSuchWindowException: no such window: target window already closed
from unknown error: web view not found
  (Session info: chrome=119.0.6045.161)
Build info: version: '3.8.1', revision: '6e95a6684b', time: '2017-12-01T18:33:54.468Z'
System info: host: 'TDS-5CG1075Y8C', ip: '10.245.10.29', os.name: 'Windows 10', os.arch: 'amd64', os.version: '10.0', java.version: '11.0.1'
Driver info: org.openqa.selenium.chrome.ChromeDriver
Capabilities {acceptInsecureCerts: false, browserName: chrome, browserVersion: 119.0.6045.161, chrome: {chromedriverVersion: 119.0.6045.105 (38c72552c5e..., userDataDir: C:\Users\vthorat\AppData\Lo...}, fedcm:accounts: true, goog:chromeOptions: {debuggerAddress: localhost:56236}, javascriptEnabled: true, networkConnectionEnabled: false, pageLoadStrategy: normal, platform: WINDOWS, platformName: WINDOWS, proxy: Proxy(), setWindowRect: true, strictFileInteractability: false, timeouts: {implicit: 0, pageLoad: 300000, script: 30000}, unhandledPromptBehavior: dismiss and notify, webauthn:extension:credBlob: true, webauthn:extension:largeBlob: true, webauthn:extension:minPinLength: true, webauthn:extension:prf: true, webauthn:virtualAuthenticators: true}
Session ID: 46cd0224be1f02b76de53d001f8ae8e1
	at java.base/jdk.internal.reflect.NativeConstructorAccessorImpl.newInstance0(Native Method)
	at java.base/jdk.internal.reflect.NativeConstructorAccessorImpl.newInstance(NativeConstructorAccessorImpl.java:62)
	at java.base/jdk.internal.reflect.DelegatingConstructorAccessorImpl.newInstance(DelegatingConstructorAccessorImpl.java:45)
	at java.base/java.lang.reflect.Constructor.newInstance(Constructor.java:490)
	at org.openqa.selenium.remote.http.W3CHttpResponseCodec.createException(W3CHttpResponseCodec.java:187)
	at org.openqa.selenium.remote.http.W3CHttpResponseCodec.decode(W3CHttpResponseCodec.java:122)
	at org.openqa.selenium.remote.http.W3CHttpResponseCodec.decode(W3CHttpResponseCodec.java:49)
	at org.openqa.selenium.remote.HttpCommandExecutor.execute(HttpCommandExecutor.java:164)
	at org.openqa.selenium.remote.service.DriverCommandExecutor.execute(DriverCommandExecutor.java:83)
	at org.openqa.selenium.remote.RemoteWebDriver.execute(RemoteWebDriver.java:601)
	at org.openqa.selenium.remote.RemoteWebDriver.execute(RemoteWebDriver.java:658)
	at org.openqa.selenium.remote.RemoteWebDriver.getWindowHandle(RemoteWebDriver.java:518)
	at dataPackage.PAData.<init>(PAData.java:83)
	at java.base/jdk.internal.reflect.NativeConstructorAccessorImpl.newInstance0(Native Method)
	at java.base/jdk.internal.reflect.NativeConstructorAccessorImpl.newInstance(NativeConstructorAccessorImpl.java:62)
	at java.base/jdk.internal.reflect.DelegatingConstructorAccessorImpl.newInstance(DelegatingConstructorAccessorImpl.java:45)
	at java.base/java.lang.reflect.Constructor.newInstance(Constructor.java:490)
	at java.base/java.lang.Class.newInstance(Class.java:584)
	at org.openqa.selenium.support.PageFactory.instantiatePage(PageFactory.java:131)
	at org.openqa.selenium.support.PageFactory.initElements(PageFactory.java:64)
	at methodPackage.POSMethod.<init>(POSMethod.java:22)
	at java.base/jdk.internal.reflect.NativeConstructorAccessorImpl.newInstance0(Native Method)
	at java.base/jdk.internal.reflect.NativeConstructorAccessorImpl.newInstance(NativeConstructorAccessorImpl.java:62)
	at java.base/jdk.internal.reflect.DelegatingConstructorAccessorImpl.newInstance(DelegatingConstructorAccessorImpl.java:45)
	at java.base/java.lang.reflect.Constructor.newInstance(Constructor.java:490)
	at java.base/java.lang.Class.newInstance(Class.java:584)
	at org.openqa.selenium.support.PageFactory.instantiatePage(PageFactory.java:131)
	at org.openqa.selenium.support.PageFactory.initElements(PageFactory.java:64)
	at stepDefinitions.StepsForFeature.user_complete_coc_work_flow(StepsForFeature.java:1585)
	at ?.User Complete COC WorkFlow(file:///C:/Users/vthorat/eclipse/java-2022-12/eclipse/AutomationBDD/Ketu_Cucumber_KSUser/./Features/Feature21(POS).feature:18)
</textarea>
		</li>
	</ul>
</div>
<div class='scenario node' test-id='66' status='fail'>

	<span class='duration right label'>00 00 00.012</span>
	<div class="bdd-test">
		<div class="scenario-name"><span class='status fail' title='Fail'><i class='material-icons'>cancel</i></span> Scenario: Complete CoD WorkFlow</div>
	</div>
	
	
		<div class='category-list'>
				<span class='category label'>@POS</span>
				<span class='category label'>@PositiveFlow</span>
		</div>
	
	<ul class='steps'>
		<li test-id='67' class='node when Fail' status='Fail'>
			<div class="step-name" title="(stepDefinitions.StepsForFeature.user_complete_co_d_work_flow())"><span class='status fail' title='Fail'><i class='material-icons'>cancel</i></span>When User Complete CoD WorkFlow</div>


					<textarea disabled class="code-block">org.openqa.selenium.NoSuchWindowException: no such window: target window already closed
from unknown error: web view not found
  (Session info: chrome=119.0.6045.161)
Build info: version: '3.8.1', revision: '6e95a6684b', time: '2017-12-01T18:33:54.468Z'
System info: host: 'TDS-5CG1075Y8C', ip: '10.245.10.29', os.name: 'Windows 10', os.arch: 'amd64', os.version: '10.0', java.version: '11.0.1'
Driver info: org.openqa.selenium.chrome.ChromeDriver
Capabilities {acceptInsecureCerts: false, browserName: chrome, browserVersion: 119.0.6045.161, chrome: {chromedriverVersion: 119.0.6045.105 (38c72552c5e..., userDataDir: C:\Users\vthorat\AppData\Lo...}, fedcm:accounts: true, goog:chromeOptions: {debuggerAddress: localhost:56236}, javascriptEnabled: true, networkConnectionEnabled: false, pageLoadStrategy: normal, platform: WINDOWS, platformName: WINDOWS, proxy: Proxy(), setWindowRect: true, strictFileInteractability: false, timeouts: {implicit: 0, pageLoad: 300000, script: 30000}, unhandledPromptBehavior: dismiss and notify, webauthn:extension:credBlob: true, webauthn:extension:largeBlob: true, webauthn:extension:minPinLength: true, webauthn:extension:prf: true, webauthn:virtualAuthenticators: true}
Session ID: 46cd0224be1f02b76de53d001f8ae8e1
	at java.base/jdk.internal.reflect.NativeConstructorAccessorImpl.newInstance0(Native Method)
	at java.base/jdk.internal.reflect.NativeConstructorAccessorImpl.newInstance(NativeConstructorAccessorImpl.java:62)
	at java.base/jdk.internal.reflect.DelegatingConstructorAccessorImpl.newInstance(DelegatingConstructorAccessorImpl.java:45)
	at java.base/java.lang.reflect.Constructor.newInstance(Constructor.java:490)
	at org.openqa.selenium.remote.http.W3CHttpResponseCodec.createException(W3CHttpResponseCodec.java:187)
	at org.openqa.selenium.remote.http.W3CHttpResponseCodec.decode(W3CHttpResponseCodec.java:122)
	at org.openqa.selenium.remote.http.W3CHttpResponseCodec.decode(W3CHttpResponseCodec.java:49)
	at org.openqa.selenium.remote.HttpCommandExecutor.execute(HttpCommandExecutor.java:164)
	at org.openqa.selenium.remote.service.DriverCommandExecutor.execute(DriverCommandExecutor.java:83)
	at org.openqa.selenium.remote.RemoteWebDriver.execute(RemoteWebDriver.java:601)
	at org.openqa.selenium.remote.RemoteWebDriver.execute(RemoteWebDriver.java:658)
	at org.openqa.selenium.remote.RemoteWebDriver.getWindowHandle(RemoteWebDriver.java:518)
	at dataPackage.PAData.<init>(PAData.java:83)
	at java.base/jdk.internal.reflect.NativeConstructorAccessorImpl.newInstance0(Native Method)
	at java.base/jdk.internal.reflect.NativeConstructorAccessorImpl.newInstance(NativeConstructorAccessorImpl.java:62)
	at java.base/jdk.internal.reflect.DelegatingConstructorAccessorImpl.newInstance(DelegatingConstructorAccessorImpl.java:45)
	at java.base/java.lang.reflect.Constructor.newInstance(Constructor.java:490)
	at java.base/java.lang.Class.newInstance(Class.java:584)
	at org.openqa.selenium.support.PageFactory.instantiatePage(PageFactory.java:131)
	at org.openqa.selenium.support.PageFactory.initElements(PageFactory.java:64)
	at methodPackage.POSMethod.<init>(POSMethod.java:22)
	at java.base/jdk.internal.reflect.NativeConstructorAccessorImpl.newInstance0(Native Method)
	at java.base/jdk.internal.reflect.NativeConstructorAccessorImpl.newInstance(NativeConstructorAccessorImpl.java:62)
	at java.base/jdk.internal.reflect.DelegatingConstructorAccessorImpl.newInstance(DelegatingConstructorAccessorImpl.java:45)
	at java.base/java.lang.reflect.Constructor.newInstance(Constructor.java:490)
	at java.base/java.lang.Class.newInstance(Class.java:584)
	at org.openqa.selenium.support.PageFactory.instantiatePage(PageFactory.java:131)
	at org.openqa.selenium.support.PageFactory.initElements(PageFactory.java:64)
	at stepDefinitions.StepsForFeature.user_complete_co_d_work_flow(StepsForFeature.java:1593)
	at ?.User Complete CoD WorkFlow(file:///C:/Users/vthorat/eclipse/java-2022-12/eclipse/AutomationBDD/Ketu_Cucumber_KSUser/./Features/Feature21(POS).feature:21)
</textarea>
		</li>
	</ul>
</div>
<div class='scenario node' test-id='68' status='fail'>

	<span class='duration right label'>00 00 00.010</span>
	<div class="bdd-test">
		<div class="scenario-name"><span class='status fail' title='Fail'><i class='material-icons'>cancel</i></span> Scenario: Complete POS WorkFlow</div>
	</div>
	
	
		<div class='category-list'>
				<span class='category label'>@POS</span>
				<span class='category label'>@PositiveFlow</span>
		</div>
	
	<ul class='steps'>
		<li test-id='69' class='node when Fail' status='Fail'>
			<div class="step-name" title="(stepDefinitions.StepsForFeature.user_complete_pos_work_flow())"><span class='status fail' title='Fail'><i class='material-icons'>cancel</i></span>When User Complete POS WorkFlow</div>


					<textarea disabled class="code-block">org.openqa.selenium.NoSuchWindowException: no such window: target window already closed
from unknown error: web view not found
  (Session info: chrome=119.0.6045.161)
Build info: version: '3.8.1', revision: '6e95a6684b', time: '2017-12-01T18:33:54.468Z'
System info: host: 'TDS-5CG1075Y8C', ip: '10.245.10.29', os.name: 'Windows 10', os.arch: 'amd64', os.version: '10.0', java.version: '11.0.1'
Driver info: org.openqa.selenium.chrome.ChromeDriver
Capabilities {acceptInsecureCerts: false, browserName: chrome, browserVersion: 119.0.6045.161, chrome: {chromedriverVersion: 119.0.6045.105 (38c72552c5e..., userDataDir: C:\Users\vthorat\AppData\Lo...}, fedcm:accounts: true, goog:chromeOptions: {debuggerAddress: localhost:56236}, javascriptEnabled: true, networkConnectionEnabled: false, pageLoadStrategy: normal, platform: WINDOWS, platformName: WINDOWS, proxy: Proxy(), setWindowRect: true, strictFileInteractability: false, timeouts: {implicit: 0, pageLoad: 300000, script: 30000}, unhandledPromptBehavior: dismiss and notify, webauthn:extension:credBlob: true, webauthn:extension:largeBlob: true, webauthn:extension:minPinLength: true, webauthn:extension:prf: true, webauthn:virtualAuthenticators: true}
Session ID: 46cd0224be1f02b76de53d001f8ae8e1
	at java.base/jdk.internal.reflect.NativeConstructorAccessorImpl.newInstance0(Native Method)
	at java.base/jdk.internal.reflect.NativeConstructorAccessorImpl.newInstance(NativeConstructorAccessorImpl.java:62)
	at java.base/jdk.internal.reflect.DelegatingConstructorAccessorImpl.newInstance(DelegatingConstructorAccessorImpl.java:45)
	at java.base/java.lang.reflect.Constructor.newInstance(Constructor.java:490)
	at org.openqa.selenium.remote.http.W3CHttpResponseCodec.createException(W3CHttpResponseCodec.java:187)
	at org.openqa.selenium.remote.http.W3CHttpResponseCodec.decode(W3CHttpResponseCodec.java:122)
	at org.openqa.selenium.remote.http.W3CHttpResponseCodec.decode(W3CHttpResponseCodec.java:49)
	at org.openqa.selenium.remote.HttpCommandExecutor.execute(HttpCommandExecutor.java:164)
	at org.openqa.selenium.remote.service.DriverCommandExecutor.execute(DriverCommandExecutor.java:83)
	at org.openqa.selenium.remote.RemoteWebDriver.execute(RemoteWebDriver.java:601)
	at org.openqa.selenium.remote.RemoteWebDriver.execute(RemoteWebDriver.java:658)
	at org.openqa.selenium.remote.RemoteWebDriver.getWindowHandle(RemoteWebDriver.java:518)
	at dataPackage.PAData.<init>(PAData.java:83)
	at java.base/jdk.internal.reflect.NativeConstructorAccessorImpl.newInstance0(Native Method)
	at java.base/jdk.internal.reflect.NativeConstructorAccessorImpl.newInstance(NativeConstructorAccessorImpl.java:62)
	at java.base/jdk.internal.reflect.DelegatingConstructorAccessorImpl.newInstance(DelegatingConstructorAccessorImpl.java:45)
	at java.base/java.lang.reflect.Constructor.newInstance(Constructor.java:490)
	at java.base/java.lang.Class.newInstance(Class.java:584)
	at org.openqa.selenium.support.PageFactory.instantiatePage(PageFactory.java:131)
	at org.openqa.selenium.support.PageFactory.initElements(PageFactory.java:64)
	at methodPackage.POSMethod.<init>(POSMethod.java:22)
	at java.base/jdk.internal.reflect.NativeConstructorAccessorImpl.newInstance0(Native Method)
	at java.base/jdk.internal.reflect.NativeConstructorAccessorImpl.newInstance(NativeConstructorAccessorImpl.java:62)
	at java.base/jdk.internal.reflect.DelegatingConstructorAccessorImpl.newInstance(DelegatingConstructorAccessorImpl.java:45)
	at java.base/java.lang.reflect.Constructor.newInstance(Constructor.java:490)
	at java.base/java.lang.Class.newInstance(Class.java:584)
	at org.openqa.selenium.support.PageFactory.instantiatePage(PageFactory.java:131)
	at org.openqa.selenium.support.PageFactory.initElements(PageFactory.java:64)
	at stepDefinitions.StepsForFeature.user_complete_pos_work_flow(StepsForFeature.java:1601)
	at ?.User Complete POS WorkFlow(file:///C:/Users/vthorat/eclipse/java-2022-12/eclipse/AutomationBDD/Ketu_Cucumber_KSUser/./Features/Feature21(POS).feature:24)
</textarea>
		</li>
	</ul>
</div>
<div class='scenario node' test-id='70' status='fail'>

	<span class='duration right label'>00 00 00.019</span>
	<div class="bdd-test">
		<div class="scenario-name"><span class='status fail' title='Fail'><i class='material-icons'>cancel</i></span> Scenario: Complete PE WorkFlow</div>
	</div>
	
	
		<div class='category-list'>
				<span class='category label'>@POS</span>
				<span class='category label'>@PositiveFlow</span>
		</div>
	
	<ul class='steps'>
		<li test-id='71' class='node when Fail' status='Fail'>
			<div class="step-name" title="(stepDefinitions.StepsForFeature.user_complete_pe_work_flow())"><span class='status fail' title='Fail'><i class='material-icons'>cancel</i></span>When User Complete PE WorkFlow</div>


					<textarea disabled class="code-block">org.openqa.selenium.NoSuchWindowException: no such window: target window already closed
from unknown error: web view not found
  (Session info: chrome=119.0.6045.161)
Build info: version: '3.8.1', revision: '6e95a6684b', time: '2017-12-01T18:33:54.468Z'
System info: host: 'TDS-5CG1075Y8C', ip: '10.245.10.29', os.name: 'Windows 10', os.arch: 'amd64', os.version: '10.0', java.version: '11.0.1'
Driver info: org.openqa.selenium.chrome.ChromeDriver
Capabilities {acceptInsecureCerts: false, browserName: chrome, browserVersion: 119.0.6045.161, chrome: {chromedriverVersion: 119.0.6045.105 (38c72552c5e..., userDataDir: C:\Users\vthorat\AppData\Lo...}, fedcm:accounts: true, goog:chromeOptions: {debuggerAddress: localhost:56236}, javascriptEnabled: true, networkConnectionEnabled: false, pageLoadStrategy: normal, platform: WINDOWS, platformName: WINDOWS, proxy: Proxy(), setWindowRect: true, strictFileInteractability: false, timeouts: {implicit: 0, pageLoad: 300000, script: 30000}, unhandledPromptBehavior: dismiss and notify, webauthn:extension:credBlob: true, webauthn:extension:largeBlob: true, webauthn:extension:minPinLength: true, webauthn:extension:prf: true, webauthn:virtualAuthenticators: true}
Session ID: 46cd0224be1f02b76de53d001f8ae8e1
	at java.base/jdk.internal.reflect.NativeConstructorAccessorImpl.newInstance0(Native Method)
	at java.base/jdk.internal.reflect.NativeConstructorAccessorImpl.newInstance(NativeConstructorAccessorImpl.java:62)
	at java.base/jdk.internal.reflect.DelegatingConstructorAccessorImpl.newInstance(DelegatingConstructorAccessorImpl.java:45)
	at java.base/java.lang.reflect.Constructor.newInstance(Constructor.java:490)
	at org.openqa.selenium.remote.http.W3CHttpResponseCodec.createException(W3CHttpResponseCodec.java:187)
	at org.openqa.selenium.remote.http.W3CHttpResponseCodec.decode(W3CHttpResponseCodec.java:122)
	at org.openqa.selenium.remote.http.W3CHttpResponseCodec.decode(W3CHttpResponseCodec.java:49)
	at org.openqa.selenium.remote.HttpCommandExecutor.execute(HttpCommandExecutor.java:164)
	at org.openqa.selenium.remote.service.DriverCommandExecutor.execute(DriverCommandExecutor.java:83)
	at org.openqa.selenium.remote.RemoteWebDriver.execute(RemoteWebDriver.java:601)
	at org.openqa.selenium.remote.RemoteWebDriver.execute(RemoteWebDriver.java:658)
	at org.openqa.selenium.remote.RemoteWebDriver.getWindowHandle(RemoteWebDriver.java:518)
	at dataPackage.PAData.<init>(PAData.java:83)
	at java.base/jdk.internal.reflect.NativeConstructorAccessorImpl.newInstance0(Native Method)
	at java.base/jdk.internal.reflect.NativeConstructorAccessorImpl.newInstance(NativeConstructorAccessorImpl.java:62)
	at java.base/jdk.internal.reflect.DelegatingConstructorAccessorImpl.newInstance(DelegatingConstructorAccessorImpl.java:45)
	at java.base/java.lang.reflect.Constructor.newInstance(Constructor.java:490)
	at java.base/java.lang.Class.newInstance(Class.java:584)
	at org.openqa.selenium.support.PageFactory.instantiatePage(PageFactory.java:131)
	at org.openqa.selenium.support.PageFactory.initElements(PageFactory.java:64)
	at methodPackage.POSMethod.<init>(POSMethod.java:22)
	at java.base/jdk.internal.reflect.NativeConstructorAccessorImpl.newInstance0(Native Method)
	at java.base/jdk.internal.reflect.NativeConstructorAccessorImpl.newInstance(NativeConstructorAccessorImpl.java:62)
	at java.base/jdk.internal.reflect.DelegatingConstructorAccessorImpl.newInstance(DelegatingConstructorAccessorImpl.java:45)
	at java.base/java.lang.reflect.Constructor.newInstance(Constructor.java:490)
	at java.base/java.lang.Class.newInstance(Class.java:584)
	at org.openqa.selenium.support.PageFactory.instantiatePage(PageFactory.java:131)
	at org.openqa.selenium.support.PageFactory.initElements(PageFactory.java:64)
	at stepDefinitions.StepsForFeature.user_complete_pe_work_flow(StepsForFeature.java:1611)
	at ?.User Complete PE WorkFlow(file:///C:/Users/vthorat/eclipse/java-2022-12/eclipse/AutomationBDD/Ketu_Cucumber_KSUser/./Features/Feature21(POS).feature:27)
</textarea>
		</li>
	</ul>
</div>
<div class='scenario node' test-id='72' status='fail'>

	<span class='duration right label'>00 00 00.007</span>
	<div class="bdd-test">
		<div class="scenario-name"><span class='status fail' title='Fail'><i class='material-icons'>cancel</i></span> Scenario: Create Refill Case</div>
	</div>
	
	
		<div class='category-list'>
				<span class='category label'>@POS</span>
				<span class='category label'>@PositiveFlow</span>
		</div>
	
	<ul class='steps'>
		<li test-id='73' class='node when Fail' status='Fail'>
			<div class="step-name" title="(stepDefinitions.StepsForFeature.user_create_refill_case())"><span class='status fail' title='Fail'><i class='material-icons'>cancel</i></span>When User create refill case</div>


					<textarea disabled class="code-block">org.openqa.selenium.NoSuchWindowException: no such window: target window already closed
from unknown error: web view not found
  (Session info: chrome=119.0.6045.161)
Build info: version: '3.8.1', revision: '6e95a6684b', time: '2017-12-01T18:33:54.468Z'
System info: host: 'TDS-5CG1075Y8C', ip: '10.245.10.29', os.name: 'Windows 10', os.arch: 'amd64', os.version: '10.0', java.version: '11.0.1'
Driver info: org.openqa.selenium.chrome.ChromeDriver
Capabilities {acceptInsecureCerts: false, browserName: chrome, browserVersion: 119.0.6045.161, chrome: {chromedriverVersion: 119.0.6045.105 (38c72552c5e..., userDataDir: C:\Users\vthorat\AppData\Lo...}, fedcm:accounts: true, goog:chromeOptions: {debuggerAddress: localhost:56236}, javascriptEnabled: true, networkConnectionEnabled: false, pageLoadStrategy: normal, platform: WINDOWS, platformName: WINDOWS, proxy: Proxy(), setWindowRect: true, strictFileInteractability: false, timeouts: {implicit: 0, pageLoad: 300000, script: 30000}, unhandledPromptBehavior: dismiss and notify, webauthn:extension:credBlob: true, webauthn:extension:largeBlob: true, webauthn:extension:minPinLength: true, webauthn:extension:prf: true, webauthn:virtualAuthenticators: true}
Session ID: 46cd0224be1f02b76de53d001f8ae8e1
	at java.base/jdk.internal.reflect.NativeConstructorAccessorImpl.newInstance0(Native Method)
	at java.base/jdk.internal.reflect.NativeConstructorAccessorImpl.newInstance(NativeConstructorAccessorImpl.java:62)
	at java.base/jdk.internal.reflect.DelegatingConstructorAccessorImpl.newInstance(DelegatingConstructorAccessorImpl.java:45)
	at java.base/java.lang.reflect.Constructor.newInstance(Constructor.java:490)
	at org.openqa.selenium.remote.http.W3CHttpResponseCodec.createException(W3CHttpResponseCodec.java:187)
	at org.openqa.selenium.remote.http.W3CHttpResponseCodec.decode(W3CHttpResponseCodec.java:122)
	at org.openqa.selenium.remote.http.W3CHttpResponseCodec.decode(W3CHttpResponseCodec.java:49)
	at org.openqa.selenium.remote.HttpCommandExecutor.execute(HttpCommandExecutor.java:164)
	at org.openqa.selenium.remote.service.DriverCommandExecutor.execute(DriverCommandExecutor.java:83)
	at org.openqa.selenium.remote.RemoteWebDriver.execute(RemoteWebDriver.java:601)
	at org.openqa.selenium.remote.RemoteWebDriver.execute(RemoteWebDriver.java:658)
	at org.openqa.selenium.remote.RemoteWebDriver.getWindowHandle(RemoteWebDriver.java:518)
	at dataPackage.PAData.<init>(PAData.java:83)
	at java.base/jdk.internal.reflect.NativeConstructorAccessorImpl.newInstance0(Native Method)
	at java.base/jdk.internal.reflect.NativeConstructorAccessorImpl.newInstance(NativeConstructorAccessorImpl.java:62)
	at java.base/jdk.internal.reflect.DelegatingConstructorAccessorImpl.newInstance(DelegatingConstructorAccessorImpl.java:45)
	at java.base/java.lang.reflect.Constructor.newInstance(Constructor.java:490)
	at java.base/java.lang.Class.newInstance(Class.java:584)
	at org.openqa.selenium.support.PageFactory.instantiatePage(PageFactory.java:131)
	at org.openqa.selenium.support.PageFactory.initElements(PageFactory.java:64)
	at methodPackage.POSMethod.<init>(POSMethod.java:22)
	at java.base/jdk.internal.reflect.NativeConstructorAccessorImpl.newInstance0(Native Method)
	at java.base/jdk.internal.reflect.NativeConstructorAccessorImpl.newInstance(NativeConstructorAccessorImpl.java:62)
	at java.base/jdk.internal.reflect.DelegatingConstructorAccessorImpl.newInstance(DelegatingConstructorAccessorImpl.java:45)
	at java.base/java.lang.reflect.Constructor.newInstance(Constructor.java:490)
	at java.base/java.lang.Class.newInstance(Class.java:584)
	at org.openqa.selenium.support.PageFactory.instantiatePage(PageFactory.java:131)
	at org.openqa.selenium.support.PageFactory.initElements(PageFactory.java:64)
	at stepDefinitions.StepsForFeature.user_create_refill_case(StepsForFeature.java:1619)
	at ?.User create refill case(file:///C:/Users/vthorat/eclipse/java-2022-12/eclipse/AutomationBDD/Ketu_Cucumber_KSUser/./Features/Feature21(POS).feature:30)
</textarea>
		</li>
	</ul>
</div>
					</div>
				</li>
				<li class='test displayed active has-leaf fail' status='fail' bdd='true' test-id='74'>
					<div class='test-heading'>
						<span class='test-name'>Communication Log</span>
						<span class='test-time'>Nov 30, 2023 11:28:36 AM</span>
						<span class='test-status right fail'>Fail</span>
					</div>
					<div class='test-content hide'>
<div class="sr-filters bdd-filters">
	<a class="btn-floating waves-effect waves-light pass green" title="pass"><i class='material-icons'>check_circle</i></a>
	<a class="btn-floating waves-effect waves-light fail red" title="fail"><i class='material-icons'>cancel</i></a>
	<a class="btn-floating waves-effect waves-light skip blue" title="skip"><i class='material-icons'>redo</i></a>
	<a class="btn-floating waves-effect waves-light clear grey" title="clear"><i class='material-icons'>clear</i></a>
</div>

<div class='scenario node' test-id='75' status='fail'>

	<span class='duration right label'>00 00 05.525</span>
	<div class="bdd-test">
		<div class="scenario-name"><span class='status fail' title='Fail'><i class='material-icons'>cancel</i></span> Scenario: Verify Communication Log With Valid Data</div>
	</div>
	
	
		<div class='category-list'>
				<span class='category label'>@PositiveFlow</span>
				<span class='category label'>@Communication_Log</span>
		</div>
	
	<ul class='steps'>
		<li test-id='76' class='node when Fail' status='Fail'>
			<div class="step-name" title="(stepDefinitions.StepsForFeature.user_try_to_save_communication_log_with_valid_date())"><span class='status fail' title='Fail'><i class='material-icons'>cancel</i></span>When User try to save Communication Log with Valid date</div>


					<textarea disabled class="code-block">org.openqa.selenium.NoSuchWindowException: no such window: target window already closed
from unknown error: web view not found
  (Session info: chrome=119.0.6045.161)
Build info: version: '3.8.1', revision: '6e95a6684b', time: '2017-12-01T18:33:54.468Z'
System info: host: 'TDS-5CG1075Y8C', ip: '10.245.10.29', os.name: 'Windows 10', os.arch: 'amd64', os.version: '10.0', java.version: '11.0.1'
Driver info: org.openqa.selenium.chrome.ChromeDriver
Capabilities {acceptInsecureCerts: false, browserName: chrome, browserVersion: 119.0.6045.161, chrome: {chromedriverVersion: 119.0.6045.105 (38c72552c5e..., userDataDir: C:\Users\vthorat\AppData\Lo...}, fedcm:accounts: true, goog:chromeOptions: {debuggerAddress: localhost:56236}, javascriptEnabled: true, networkConnectionEnabled: false, pageLoadStrategy: normal, platform: WINDOWS, platformName: WINDOWS, proxy: Proxy(), setWindowRect: true, strictFileInteractability: false, timeouts: {implicit: 0, pageLoad: 300000, script: 30000}, unhandledPromptBehavior: dismiss and notify, webauthn:extension:credBlob: true, webauthn:extension:largeBlob: true, webauthn:extension:minPinLength: true, webauthn:extension:prf: true, webauthn:virtualAuthenticators: true}
Session ID: 46cd0224be1f02b76de53d001f8ae8e1
*** Element info: {Using=xpath, value=//*[@id='buttonGroup']/div/input[1]}
	at jdk.internal.reflect.GeneratedConstructorAccessor59.newInstance(Unknown Source)
	at java.base/jdk.internal.reflect.DelegatingConstructorAccessorImpl.newInstance(DelegatingConstructorAccessorImpl.java:45)
	at java.base/java.lang.reflect.Constructor.newInstance(Constructor.java:490)
	at org.openqa.selenium.remote.http.W3CHttpResponseCodec.createException(W3CHttpResponseCodec.java:187)
	at org.openqa.selenium.remote.http.W3CHttpResponseCodec.decode(W3CHttpResponseCodec.java:122)
	at org.openqa.selenium.remote.http.W3CHttpResponseCodec.decode(W3CHttpResponseCodec.java:49)
	at org.openqa.selenium.remote.HttpCommandExecutor.execute(HttpCommandExecutor.java:164)
	at org.openqa.selenium.remote.service.DriverCommandExecutor.execute(DriverCommandExecutor.java:83)
	at org.openqa.selenium.remote.RemoteWebDriver.execute(RemoteWebDriver.java:601)
	at org.openqa.selenium.remote.RemoteWebDriver.findElement(RemoteWebDriver.java:371)
	at org.openqa.selenium.remote.RemoteWebDriver.findElementByXPath(RemoteWebDriver.java:473)
	at org.openqa.selenium.By$ByXPath.findElement(By.java:361)
	at org.openqa.selenium.remote.RemoteWebDriver.findElement(RemoteWebDriver.java:363)
	at org.openqa.selenium.support.pagefactory.DefaultElementLocator.findElement(DefaultElementLocator.java:69)
	at org.openqa.selenium.support.pagefactory.internal.LocatingElementHandler.invoke(LocatingElementHandler.java:38)
	at com.sun.proxy.$Proxy21.click(Unknown Source)
	at dataPackage.CommunicationData.save(CommunicationData.java:157)
	at methodPackage.CommunicationMethods.CommunicationLogValidData(CommunicationMethods.java:217)
	at stepDefinitions.StepsForFeature.user_try_to_save_communication_log_with_valid_date(StepsForFeature.java:1674)
	at ?.User try to save Communication Log with Valid date(file:///C:/Users/vthorat/eclipse/java-2022-12/eclipse/AutomationBDD/Ketu_Cucumber_KSUser/./Features/Feature22(CommunicationLog).feature:21)
</textarea>
		</li>
	</ul>
</div>
					</div>
				</li>
				<li class='test displayed active has-leaf fail' status='fail' bdd='true' test-id='77'>
					<div class='test-heading'>
						<span class='test-name'>Fax Management</span>
						<span class='test-time'>Nov 30, 2023 11:28:42 AM</span>
						<span class='test-status right fail'>Fail</span>
					</div>
					<div class='test-content hide'>
<div class="sr-filters bdd-filters">
	<a class="btn-floating waves-effect waves-light pass green" title="pass"><i class='material-icons'>check_circle</i></a>
	<a class="btn-floating waves-effect waves-light fail red" title="fail"><i class='material-icons'>cancel</i></a>
	<a class="btn-floating waves-effect waves-light skip blue" title="skip"><i class='material-icons'>redo</i></a>
	<a class="btn-floating waves-effect waves-light clear grey" title="clear"><i class='material-icons'>clear</i></a>
</div>

<div class='scenario node' test-id='78' status='fail'>

	<span class='duration right label'>00 00 22.620</span>
	<div class="bdd-test">
		<div class="scenario-name"><span class='status fail' title='Fail'><i class='material-icons'>cancel</i></span> Scenario: Verify Fax send functionality</div>
	</div>
	
	
		<div class='category-list'>
				<span class='category label'>@PositiveFlow</span>
				<span class='category label'>@FaxManagement</span>
		</div>
	
	<ul class='steps'>
		<li test-id='79' class='node when Fail' status='Fail'>
			<div class="step-name" title="(stepDefinitions.StepsForFeature.user_send_fax_successfully())"><span class='status fail' title='Fail'><i class='material-icons'>cancel</i></span>When User send Fax successfully</div>


					<textarea disabled class="code-block">org.openqa.selenium.NoSuchWindowException: no such window: target window already closed
from unknown error: web view not found
  (Session info: chrome=119.0.6045.161)
Build info: version: '3.8.1', revision: '6e95a6684b', time: '2017-12-01T18:33:54.468Z'
System info: host: 'TDS-5CG1075Y8C', ip: '10.245.10.29', os.name: 'Windows 10', os.arch: 'amd64', os.version: '10.0', java.version: '11.0.1'
Driver info: org.openqa.selenium.chrome.ChromeDriver
Capabilities {acceptInsecureCerts: false, browserName: chrome, browserVersion: 119.0.6045.161, chrome: {chromedriverVersion: 119.0.6045.105 (38c72552c5e..., userDataDir: C:\Users\vthorat\AppData\Lo...}, fedcm:accounts: true, goog:chromeOptions: {debuggerAddress: localhost:56236}, javascriptEnabled: true, networkConnectionEnabled: false, pageLoadStrategy: normal, platform: WINDOWS, platformName: WINDOWS, proxy: Proxy(), setWindowRect: true, strictFileInteractability: false, timeouts: {implicit: 0, pageLoad: 300000, script: 30000}, unhandledPromptBehavior: dismiss and notify, webauthn:extension:credBlob: true, webauthn:extension:largeBlob: true, webauthn:extension:minPinLength: true, webauthn:extension:prf: true, webauthn:virtualAuthenticators: true}
Session ID: 46cd0224be1f02b76de53d001f8ae8e1
*** Element info: {Using=xpath, value=//*[@id='loginPageLogoCommonFluidHeader1']}
	at jdk.internal.reflect.GeneratedConstructorAccessor59.newInstance(Unknown Source)
	at java.base/jdk.internal.reflect.DelegatingConstructorAccessorImpl.newInstance(DelegatingConstructorAccessorImpl.java:45)
	at java.base/java.lang.reflect.Constructor.newInstance(Constructor.java:490)
	at org.openqa.selenium.remote.http.W3CHttpResponseCodec.createException(W3CHttpResponseCodec.java:187)
	at org.openqa.selenium.remote.http.W3CHttpResponseCodec.decode(W3CHttpResponseCodec.java:122)
	at org.openqa.selenium.remote.http.W3CHttpResponseCodec.decode(W3CHttpResponseCodec.java:49)
	at org.openqa.selenium.remote.HttpCommandExecutor.execute(HttpCommandExecutor.java:164)
	at org.openqa.selenium.remote.service.DriverCommandExecutor.execute(DriverCommandExecutor.java:83)
	at org.openqa.selenium.remote.RemoteWebDriver.execute(RemoteWebDriver.java:601)
	at org.openqa.selenium.remote.RemoteWebDriver.findElement(RemoteWebDriver.java:371)
	at org.openqa.selenium.remote.RemoteWebDriver.findElementByXPath(RemoteWebDriver.java:473)
	at org.openqa.selenium.By$ByXPath.findElement(By.java:361)
	at org.openqa.selenium.remote.RemoteWebDriver.findElement(RemoteWebDriver.java:363)
	at org.openqa.selenium.support.pagefactory.DefaultElementLocator.findElement(DefaultElementLocator.java:69)
	at org.openqa.selenium.support.pagefactory.internal.LocatingElementHandler.invoke(LocatingElementHandler.java:38)
	at com.sun.proxy.$Proxy21.toString(Unknown Source)
	at java.base/java.lang.String.valueOf(String.java:2951)
	at java.base/java.lang.StringBuilder.append(StringBuilder.java:168)
	at org.openqa.selenium.support.ui.ExpectedConditions$23.toString(ExpectedConditions.java:685)
	at java.base/java.lang.String.valueOf(String.java:2951)
	at java.base/java.lang.StringBuilder.append(StringBuilder.java:168)
	at org.openqa.selenium.support.ui.FluentWait.until(FluentWait.java:227)
	at dataPackage.FaxSentData.navigateToHomePage(FaxSentData.java:169)
	at methodPackage.FaxSendMethods.FaxSend(FaxSendMethods.java:28)
	at stepDefinitions.StepsForFeature.user_send_fax_successfully(StepsForFeature.java:1685)
	at ?.User send Fax successfully(file:///C:/Users/vthorat/eclipse/java-2022-12/eclipse/AutomationBDD/Ketu_Cucumber_KSUser/./Features/Feature23(FaxManagement).feature:9)
</textarea>
		</li>
	</ul>
</div>
<div class='scenario node' test-id='80' status='fail'>

	<span class='duration right label'>00 00 04.366</span>
	<div class="bdd-test">
		<div class="scenario-name"><span class='status fail' title='Fail'><i class='material-icons'>cancel</i></span> Scenario: Verify Fax assigned functionality</div>
	</div>
	
	
		<div class='category-list'>
				<span class='category label'>@PositiveFlow</span>
				<span class='category label'>@FaxManagement</span>
		</div>
	
	<ul class='steps'>
		<li test-id='81' class='node when Fail' status='Fail'>
			<div class="step-name" title="(stepDefinitions.StepsForFeature.user_assign_fax_successfully())"><span class='status fail' title='Fail'><i class='material-icons'>cancel</i></span>When User assign Fax successfully</div>


					<textarea disabled class="code-block">org.openqa.selenium.NoSuchWindowException: no such window: target window already closed
from unknown error: web view not found
  (Session info: chrome=119.0.6045.161)
Build info: version: '3.8.1', revision: '6e95a6684b', time: '2017-12-01T18:33:54.468Z'
System info: host: 'TDS-5CG1075Y8C', ip: '10.245.10.29', os.name: 'Windows 10', os.arch: 'amd64', os.version: '10.0', java.version: '11.0.1'
Driver info: org.openqa.selenium.chrome.ChromeDriver
Capabilities {acceptInsecureCerts: false, browserName: chrome, browserVersion: 119.0.6045.161, chrome: {chromedriverVersion: 119.0.6045.105 (38c72552c5e..., userDataDir: C:\Users\vthorat\AppData\Lo...}, fedcm:accounts: true, goog:chromeOptions: {debuggerAddress: localhost:56236}, javascriptEnabled: true, networkConnectionEnabled: false, pageLoadStrategy: normal, platform: WINDOWS, platformName: WINDOWS, proxy: Proxy(), setWindowRect: true, strictFileInteractability: false, timeouts: {implicit: 0, pageLoad: 300000, script: 30000}, unhandledPromptBehavior: dismiss and notify, webauthn:extension:credBlob: true, webauthn:extension:largeBlob: true, webauthn:extension:minPinLength: true, webauthn:extension:prf: true, webauthn:virtualAuthenticators: true}
Session ID: 46cd0224be1f02b76de53d001f8ae8e1
	at jdk.internal.reflect.GeneratedConstructorAccessor59.newInstance(Unknown Source)
	at java.base/jdk.internal.reflect.DelegatingConstructorAccessorImpl.newInstance(DelegatingConstructorAccessorImpl.java:45)
	at java.base/java.lang.reflect.Constructor.newInstance(Constructor.java:490)
	at org.openqa.selenium.remote.http.W3CHttpResponseCodec.createException(W3CHttpResponseCodec.java:187)
	at org.openqa.selenium.remote.http.W3CHttpResponseCodec.decode(W3CHttpResponseCodec.java:122)
	at org.openqa.selenium.remote.http.W3CHttpResponseCodec.decode(W3CHttpResponseCodec.java:49)
	at org.openqa.selenium.remote.HttpCommandExecutor.execute(HttpCommandExecutor.java:164)
	at org.openqa.selenium.remote.service.DriverCommandExecutor.execute(DriverCommandExecutor.java:83)
	at org.openqa.selenium.remote.RemoteWebDriver.execute(RemoteWebDriver.java:601)
	at org.openqa.selenium.remote.RemoteWebDriver.execute(RemoteWebDriver.java:658)
	at org.openqa.selenium.remote.RemoteWebDriver.getScreenshotAs(RemoteWebDriver.java:343)
	at testPackage.Base.CaptureScreen(Base.java:471)
	at methodPackage.FaxSendMethods.FaxInbox(FaxSendMethods.java:187)
	at stepDefinitions.StepsForFeature.user_assign_fax_successfully(StepsForFeature.java:1692)
	at ?.User assign Fax successfully(file:///C:/Users/vthorat/eclipse/java-2022-12/eclipse/AutomationBDD/Ketu_Cucumber_KSUser/./Features/Feature23(FaxManagement).feature:12)
</textarea>
		</li>
	</ul>
</div>
					</div>
				</li>
			</ul>
		</div>
	</div>
	
	
	<!-- subview left -->
	<div class='subview-right left'>
		<div class='view-summary'>
			<div id='step-filters' class="right sr-filters">
				<a class="btn-floating waves-effect waves-light green" status="pass" alt="pass" title="pass"><i class="material-icons">check_circle</i></a>
				<a class="btn-floating waves-effect waves-light red" status="fail" alt="fail" title="fail"><i class="material-icons">cancel</i></a>
				<a class="btn-floating waves-effect waves-light red darken-4" status="fatal" alt="fatal" title="fatal"><i class="material-icons">cancel</i></a>
				<a class="btn-floating waves-effect waves-light pink text-lighten-1" status="error" alt="error" title="error"><i class="material-icons">error</i></a>
				<a class="btn-floating waves-effect waves-light orange" alt="warning" status="warning" title="warning"><i class="material-icons">warning</i></a>
				<a class="btn-floating waves-effect waves-light teal" status="skip" alt="skip" title="skip"><i class="material-icons">redo</i></a>
				<a class="btn-floating waves-effect waves-light grey" status="clear" alt="Clear filters" title="Clear filters"><i class="material-icons">clear</i></a>
			</div>
			<h5 class='test-name'></h5>
		</div>
	</div>
	<!-- subview right -->
</div>
<!-- test view --><div id='category-view' class='view hide'>
	<section id='controls'>
		<div class='controls grey lighten-4'>
			<!-- search -->
			<div class='chip transparent' alt='Search Tests' title='Search Tests'>
				<a href="#" class='search-div'>
				<i class='material-icons'>search</i> Search
				</a>
				<div class='input-field left hide'>
					<input id='search-tests' type='text' class='validate browser-default' placeholder='Search Tests...'>
				</div>
			</div>
			<!-- search -->
		</div>
	</section>
	<div class='subview-left left'>
		<div class='view-summary'>
			<ul id='category-collection' class='category-collection'>
				<li class='category displayed active'>
					<div class='category-heading'>
						<span class='category-name'>@Communication_Log</span>
						<span class='category-status right'>
						<span class='label fail'>1</span>
						</span>
					</div>
					<div class='category-content hide'>
						<div class='category-status-counts'>
							
							<span status="fail" class='label red lighten-1 white-text'>Failed: 1</span>
							
						</div>
						<div class='category-tests'>
							<table class='bordered table-results'>
								<thead>
									<tr>
										<th>Timestamp</th>
										<th>TestName</th>
										<th>Status</th>
									</tr>
								</thead>
								<tbody>
									<tr>
										<td>Nov 30, 2023 11:28:36 AM</td>
										<td class='linked' test-id='75'>Verify Communication Log With Valid Data</td>
										<td><span class='test-status Fail'>Fail</span></td>
									</tr>
								</tbody>
							</table>
						</div>
					</div>
				</li>
				<li class='category displayed active'>
					<div class='category-heading'>
						<span class='category-name'>@Login</span>
						<span class='category-status right'>
						<span class='label pass'>1</span>
						</span>
					</div>
					<div class='category-content hide'>
						<div class='category-status-counts'>
							<span status="pass" class='label green accent-4 white-text'>Passed: 1</span>
							
							
						</div>
						<div class='category-tests'>
							<table class='bordered table-results'>
								<thead>
									<tr>
										<th>Timestamp</th>
										<th>TestName</th>
										<th>Status</th>
									</tr>
								</thead>
								<tbody>
									<tr>
										<td>Nov 30, 2023 11:11:23 AM</td>
										<td class='linked' test-id='2'>Launch Browser</td>
										<td><span class='test-status Pass'>Pass</span></td>
									</tr>
								</tbody>
							</table>
						</div>
					</div>
				</li>
				<li class='category displayed active'>
					<div class='category-heading'>
						<span class='category-name'>@PostBI</span>
						<span class='category-status right'>
						<span class='label fail'>1</span>
						</span>
					</div>
					<div class='category-content hide'>
						<div class='category-status-counts'>
							
							<span status="fail" class='label red lighten-1 white-text'>Failed: 1</span>
							
						</div>
						<div class='category-tests'>
							<table class='bordered table-results'>
								<thead>
									<tr>
										<th>Timestamp</th>
										<th>TestName</th>
										<th>Status</th>
									</tr>
								</thead>
								<tbody>
									<tr>
										<td>Nov 30, 2023 11:28:35 AM</td>
										<td class='linked' test-id='55'>Save Post BI with valid data</td>
										<td><span class='test-status Fail'>Fail</span></td>
									</tr>
								</tbody>
							</table>
						</div>
					</div>
				</li>
				<li class='category displayed active'>
					<div class='category-heading'>
						<span class='category-name'>@Copay</span>
						<span class='category-status right'>
						<span class='label pass'>1</span>
						</span>
					</div>
					<div class='category-content hide'>
						<div class='category-status-counts'>
							<span status="pass" class='label green accent-4 white-text'>Passed: 1</span>
							
							
						</div>
						<div class='category-tests'>
							<table class='bordered table-results'>
								<thead>
									<tr>
										<th>Timestamp</th>
										<th>TestName</th>
										<th>Status</th>
									</tr>
								</thead>
								<tbody>
									<tr>
										<td>Nov 30, 2023 11:24:27 AM</td>
										<td class='linked' test-id='49'>Save Copay with valid data</td>
										<td><span class='test-status Pass'>Pass</span></td>
									</tr>
								</tbody>
							</table>
						</div>
					</div>
				</li>
				<li class='category displayed active'>
					<div class='category-heading'>
						<span class='category-name'>@PositiveFlow</span>
						<span class='category-status right'>
						<span class='label pass'>20</span>
						<span class='label fail'>12</span>
						</span>
					</div>
					<div class='category-content hide'>
						<div class='category-status-counts'>
							<span status="pass" class='label green accent-4 white-text'>Passed: 20</span>
							<span status="fail" class='label red lighten-1 white-text'>Failed: 12</span>
							
						</div>
						<div class='category-tests'>
							<table class='bordered table-results'>
								<thead>
									<tr>
										<th>Timestamp</th>
										<th>TestName</th>
										<th>Status</th>
									</tr>
								</thead>
								<tbody>
									<tr>
										<td>Nov 30, 2023 11:11:23 AM</td>
										<td class='linked' test-id='2'>Launch Browser</td>
										<td><span class='test-status Pass'>Pass</span></td>
									</tr>
									<tr>
										<td>Nov 30, 2023 11:12:02 AM</td>
										<td class='linked' test-id='5'>Add new patient record with valid data</td>
										<td><span class='test-status Pass'>Pass</span></td>
									</tr>
									<tr>
										<td>Nov 30, 2023 11:13:23 AM</td>
										<td class='linked' test-id='8'>Add new payor insurance record with valid data</td>
										<td><span class='test-status Pass'>Pass</span></td>
									</tr>
									<tr>
										<td>Nov 30, 2023 11:15:34 AM</td>
										<td class='linked' test-id='11'>Verify that the Service Preference tab is displayed or not</td>
										<td><span class='test-status Pass'>Pass</span></td>
									</tr>
									<tr>
										<td>Nov 30, 2023 11:15:37 AM</td>
										<td class='linked' test-id='13'>Verify Service Preference with Valid Data</td>
										<td><span class='test-status Pass'>Pass</span></td>
									</tr>
									<tr>
										<td>Nov 30, 2023 11:15:58 AM</td>
										<td class='linked' test-id='16'>Click on Create case with All valid Data</td>
										<td><span class='test-status Pass'>Pass</span></td>
									</tr>
									<tr>
										<td>Nov 30, 2023 11:16:29 AM</td>
										<td class='linked' test-id='19'>Verify that the Add Presciprion Link is clickable or not</td>
										<td><span class='test-status Pass'>Pass</span></td>
									</tr>
									<tr>
										<td>Nov 30, 2023 11:16:42 AM</td>
										<td class='linked' test-id='21'>Verify the add presciption to case with positive data</td>
										<td><span class='test-status Pass'>Pass</span></td>
									</tr>
									<tr>
										<td>Nov 30, 2023 11:18:02 AM</td>
										<td class='linked' test-id='24'>Verify the save case banner with valid data</td>
										<td><span class='test-status Pass'>Pass</span></td>
									</tr>
									<tr>
										<td>Nov 30, 2023 11:19:07 AM</td>
										<td class='linked' test-id='27'>Click on Patient Consent Tab</td>
										<td><span class='test-status Pass'>Pass</span></td>
									</tr>
									<tr>
										<td>Nov 30, 2023 11:19:15 AM</td>
										<td class='linked' test-id='29'>Verify the Add Patient Consent Elements</td>
										<td><span class='test-status Pass'>Pass</span></td>
									</tr>
									<tr>
										<td>Nov 30, 2023 11:19:18 AM</td>
										<td class='linked' test-id='31'>Verify that select correct value in methods dropdown</td>
										<td><span class='test-status Pass'>Pass</span></td>
									</tr>
									<tr>
										<td>Nov 30, 2023 11:19:28 AM</td>
										<td class='linked' test-id='33'>Verify that select correct value in Consent Type</td>
										<td><span class='test-status Pass'>Pass</span></td>
									</tr>
									<tr>
										<td>Nov 30, 2023 11:19:40 AM</td>
										<td class='linked' test-id='35'>Verify that Add the Consent Type</td>
										<td><span class='test-status Pass'>Pass</span></td>
									</tr>
									<tr>
										<td>Nov 30, 2023 11:19:58 AM</td>
										<td class='linked' test-id='37'>Verify that save all consent activity</td>
										<td><span class='test-status Pass'>Pass</span></td>
									</tr>
									<tr>
										<td>Nov 30, 2023 11:20:06 AM</td>
										<td class='linked' test-id='40'>Save Pre BI with valid data</td>
										<td><span class='test-status Pass'>Pass</span></td>
									</tr>
									<tr>
										<td>Nov 30, 2023 11:21:01 AM</td>
										<td class='linked' test-id='43'>Save Prior Authorization with valid data</td>
										<td><span class='test-status Pass'>Pass</span></td>
									</tr>
									<tr>
										<td>Nov 30, 2023 11:22:03 AM</td>
										<td class='linked' test-id='46'>Save Appeal with valid data</td>
										<td><span class='test-status Pass'>Pass</span></td>
									</tr>
									<tr>
										<td>Nov 30, 2023 11:24:27 AM</td>
										<td class='linked' test-id='49'>Save Copay with valid data</td>
										<td><span class='test-status Pass'>Pass</span></td>
									</tr>
									<tr>
										<td>Nov 30, 2023 11:26:20 AM</td>
										<td class='linked' test-id='52'>Save Foundation with valid data</td>
										<td><span class='test-status Pass'>Pass</span></td>
									</tr>
									<tr>
										<td>Nov 30, 2023 11:28:35 AM</td>
										<td class='linked' test-id='55'>Save Post BI with valid data</td>
										<td><span class='test-status Fail'>Fail</span></td>
									</tr>
									<tr>
										<td>Nov 30, 2023 11:28:36 AM</td>
										<td class='linked' test-id='58'>Save POS with valid data</td>
										<td><span class='test-status Fail'>Fail</span></td>
									</tr>
									<tr>
										<td>Nov 30, 2023 11:28:36 AM</td>
										<td class='linked' test-id='60'>Complete Intake WorkFlow</td>
										<td><span class='test-status Fail'>Fail</span></td>
									</tr>
									<tr>
										<td>Nov 30, 2023 11:28:36 AM</td>
										<td class='linked' test-id='62'>Complete BI WorkFlow</td>
										<td><span class='test-status Fail'>Fail</span></td>
									</tr>
									<tr>
										<td>Nov 30, 2023 11:28:36 AM</td>
										<td class='linked' test-id='64'>Complete COC WorkFlow</td>
										<td><span class='test-status Fail'>Fail</span></td>
									</tr>
									<tr>
										<td>Nov 30, 2023 11:28:36 AM</td>
										<td class='linked' test-id='66'>Complete CoD WorkFlow</td>
										<td><span class='test-status Fail'>Fail</span></td>
									</tr>
									<tr>
										<td>Nov 30, 2023 11:28:36 AM</td>
										<td class='linked' test-id='68'>Complete POS WorkFlow</td>
										<td><span class='test-status Fail'>Fail</span></td>
									</tr>
									<tr>
										<td>Nov 30, 2023 11:28:36 AM</td>
										<td class='linked' test-id='70'>Complete PE WorkFlow</td>
										<td><span class='test-status Fail'>Fail</span></td>
									</tr>
									<tr>
										<td>Nov 30, 2023 11:28:36 AM</td>
										<td class='linked' test-id='72'>Create Refill Case</td>
										<td><span class='test-status Fail'>Fail</span></td>
									</tr>
									<tr>
										<td>Nov 30, 2023 11:28:36 AM</td>
										<td class='linked' test-id='75'>Verify Communication Log With Valid Data</td>
										<td><span class='test-status Fail'>Fail</span></td>
									</tr>
									<tr>
										<td>Nov 30, 2023 11:28:42 AM</td>
										<td class='linked' test-id='78'>Verify Fax send functionality</td>
										<td><span class='test-status Fail'>Fail</span></td>
									</tr>
									<tr>
										<td>Nov 30, 2023 11:29:05 AM</td>
										<td class='linked' test-id='80'>Verify Fax assigned functionality</td>
										<td><span class='test-status Fail'>Fail</span></td>
									</tr>
								</tbody>
							</table>
						</div>
					</div>
				</li>
				<li class='category displayed active'>
					<div class='category-heading'>
						<span class='category-name'>@Add_Case</span>
						<span class='category-status right'>
						<span class='label pass'>1</span>
						</span>
					</div>
					<div class='category-content hide'>
						<div class='category-status-counts'>
							<span status="pass" class='label green accent-4 white-text'>Passed: 1</span>
							
							
						</div>
						<div class='category-tests'>
							<table class='bordered table-results'>
								<thead>
									<tr>
										<th>Timestamp</th>
										<th>TestName</th>
										<th>Status</th>
									</tr>
								</thead>
								<tbody>
									<tr>
										<td>Nov 30, 2023 11:15:58 AM</td>
										<td class='linked' test-id='16'>Click on Create case with All valid Data</td>
										<td><span class='test-status Pass'>Pass</span></td>
									</tr>
								</tbody>
							</table>
						</div>
					</div>
				</li>
				<li class='category displayed active'>
					<div class='category-heading'>
						<span class='category-name'>@Patient</span>
						<span class='category-status right'>
						<span class='label pass'>1</span>
						</span>
					</div>
					<div class='category-content hide'>
						<div class='category-status-counts'>
							<span status="pass" class='label green accent-4 white-text'>Passed: 1</span>
							
							
						</div>
						<div class='category-tests'>
							<table class='bordered table-results'>
								<thead>
									<tr>
										<th>Timestamp</th>
										<th>TestName</th>
										<th>Status</th>
									</tr>
								</thead>
								<tbody>
									<tr>
										<td>Nov 30, 2023 11:12:02 AM</td>
										<td class='linked' test-id='5'>Add new patient record with valid data</td>
										<td><span class='test-status Pass'>Pass</span></td>
									</tr>
								</tbody>
							</table>
						</div>
					</div>
				</li>
				<li class='category displayed active'>
					<div class='category-heading'>
						<span class='category-name'>@FaxManagement</span>
						<span class='category-status right'>
						<span class='label fail'>2</span>
						</span>
					</div>
					<div class='category-content hide'>
						<div class='category-status-counts'>
							
							<span status="fail" class='label red lighten-1 white-text'>Failed: 2</span>
							
						</div>
						<div class='category-tests'>
							<table class='bordered table-results'>
								<thead>
									<tr>
										<th>Timestamp</th>
										<th>TestName</th>
										<th>Status</th>
									</tr>
								</thead>
								<tbody>
									<tr>
										<td>Nov 30, 2023 11:28:42 AM</td>
										<td class='linked' test-id='78'>Verify Fax send functionality</td>
										<td><span class='test-status Fail'>Fail</span></td>
									</tr>
									<tr>
										<td>Nov 30, 2023 11:29:05 AM</td>
										<td class='linked' test-id='80'>Verify Fax assigned functionality</td>
										<td><span class='test-status Fail'>Fail</span></td>
									</tr>
								</tbody>
							</table>
						</div>
					</div>
				</li>
				<li class='category displayed active'>
					<div class='category-heading'>
						<span class='category-name'>@Appeal</span>
						<span class='category-status right'>
						<span class='label pass'>1</span>
						</span>
					</div>
					<div class='category-content hide'>
						<div class='category-status-counts'>
							<span status="pass" class='label green accent-4 white-text'>Passed: 1</span>
							
							
						</div>
						<div class='category-tests'>
							<table class='bordered table-results'>
								<thead>
									<tr>
										<th>Timestamp</th>
										<th>TestName</th>
										<th>Status</th>
									</tr>
								</thead>
								<tbody>
									<tr>
										<td>Nov 30, 2023 11:22:03 AM</td>
										<td class='linked' test-id='46'>Save Appeal with valid data</td>
										<td><span class='test-status Pass'>Pass</span></td>
									</tr>
								</tbody>
							</table>
						</div>
					</div>
				</li>
				<li class='category displayed active'>
					<div class='category-heading'>
						<span class='category-name'>@Foundation</span>
						<span class='category-status right'>
						<span class='label pass'>1</span>
						</span>
					</div>
					<div class='category-content hide'>
						<div class='category-status-counts'>
							<span status="pass" class='label green accent-4 white-text'>Passed: 1</span>
							
							
						</div>
						<div class='category-tests'>
							<table class='bordered table-results'>
								<thead>
									<tr>
										<th>Timestamp</th>
										<th>TestName</th>
										<th>Status</th>
									</tr>
								</thead>
								<tbody>
									<tr>
										<td>Nov 30, 2023 11:26:20 AM</td>
										<td class='linked' test-id='52'>Save Foundation with valid data</td>
										<td><span class='test-status Pass'>Pass</span></td>
									</tr>
								</tbody>
							</table>
						</div>
					</div>
				</li>
				<li class='category displayed active'>
					<div class='category-heading'>
						<span class='category-name'>@Consent</span>
						<span class='category-status right'>
						<span class='label pass'>6</span>
						</span>
					</div>
					<div class='category-content hide'>
						<div class='category-status-counts'>
							<span status="pass" class='label green accent-4 white-text'>Passed: 6</span>
							
							
						</div>
						<div class='category-tests'>
							<table class='bordered table-results'>
								<thead>
									<tr>
										<th>Timestamp</th>
										<th>TestName</th>
										<th>Status</th>
									</tr>
								</thead>
								<tbody>
									<tr>
										<td>Nov 30, 2023 11:19:07 AM</td>
										<td class='linked' test-id='27'>Click on Patient Consent Tab</td>
										<td><span class='test-status Pass'>Pass</span></td>
									</tr>
									<tr>
										<td>Nov 30, 2023 11:19:15 AM</td>
										<td class='linked' test-id='29'>Verify the Add Patient Consent Elements</td>
										<td><span class='test-status Pass'>Pass</span></td>
									</tr>
									<tr>
										<td>Nov 30, 2023 11:19:18 AM</td>
										<td class='linked' test-id='31'>Verify that select correct value in methods dropdown</td>
										<td><span class='test-status Pass'>Pass</span></td>
									</tr>
									<tr>
										<td>Nov 30, 2023 11:19:28 AM</td>
										<td class='linked' test-id='33'>Verify that select correct value in Consent Type</td>
										<td><span class='test-status Pass'>Pass</span></td>
									</tr>
									<tr>
										<td>Nov 30, 2023 11:19:40 AM</td>
										<td class='linked' test-id='35'>Verify that Add the Consent Type</td>
										<td><span class='test-status Pass'>Pass</span></td>
									</tr>
									<tr>
										<td>Nov 30, 2023 11:19:58 AM</td>
										<td class='linked' test-id='37'>Verify that save all consent activity</td>
										<td><span class='test-status Pass'>Pass</span></td>
									</tr>
								</tbody>
							</table>
						</div>
					</div>
				</li>
				<li class='category displayed active'>
					<div class='category-heading'>
						<span class='category-name'>@PreBI</span>
						<span class='category-status right'>
						<span class='label pass'>1</span>
						</span>
					</div>
					<div class='category-content hide'>
						<div class='category-status-counts'>
							<span status="pass" class='label green accent-4 white-text'>Passed: 1</span>
							
							
						</div>
						<div class='category-tests'>
							<table class='bordered table-results'>
								<thead>
									<tr>
										<th>Timestamp</th>
										<th>TestName</th>
										<th>Status</th>
									</tr>
								</thead>
								<tbody>
									<tr>
										<td>Nov 30, 2023 11:20:06 AM</td>
										<td class='linked' test-id='40'>Save Pre BI with valid data</td>
										<td><span class='test-status Pass'>Pass</span></td>
									</tr>
								</tbody>
							</table>
						</div>
					</div>
				</li>
				<li class='category displayed active'>
					<div class='category-heading'>
						<span class='category-name'>@PriorAuthorization</span>
						<span class='category-status right'>
						<span class='label pass'>1</span>
						</span>
					</div>
					<div class='category-content hide'>
						<div class='category-status-counts'>
							<span status="pass" class='label green accent-4 white-text'>Passed: 1</span>
							
							
						</div>
						<div class='category-tests'>
							<table class='bordered table-results'>
								<thead>
									<tr>
										<th>Timestamp</th>
										<th>TestName</th>
										<th>Status</th>
									</tr>
								</thead>
								<tbody>
									<tr>
										<td>Nov 30, 2023 11:21:01 AM</td>
										<td class='linked' test-id='43'>Save Prior Authorization with valid data</td>
										<td><span class='test-status Pass'>Pass</span></td>
									</tr>
								</tbody>
							</table>
						</div>
					</div>
				</li>
				<li class='category displayed active'>
					<div class='category-heading'>
						<span class='category-name'>@POS</span>
						<span class='category-status right'>
						<span class='label fail'>8</span>
						</span>
					</div>
					<div class='category-content hide'>
						<div class='category-status-counts'>
							
							<span status="fail" class='label red lighten-1 white-text'>Failed: 8</span>
							
						</div>
						<div class='category-tests'>
							<table class='bordered table-results'>
								<thead>
									<tr>
										<th>Timestamp</th>
										<th>TestName</th>
										<th>Status</th>
									</tr>
								</thead>
								<tbody>
									<tr>
										<td>Nov 30, 2023 11:28:36 AM</td>
										<td class='linked' test-id='58'>Save POS with valid data</td>
										<td><span class='test-status Fail'>Fail</span></td>
									</tr>
									<tr>
										<td>Nov 30, 2023 11:28:36 AM</td>
										<td class='linked' test-id='60'>Complete Intake WorkFlow</td>
										<td><span class='test-status Fail'>Fail</span></td>
									</tr>
									<tr>
										<td>Nov 30, 2023 11:28:36 AM</td>
										<td class='linked' test-id='62'>Complete BI WorkFlow</td>
										<td><span class='test-status Fail'>Fail</span></td>
									</tr>
									<tr>
										<td>Nov 30, 2023 11:28:36 AM</td>
										<td class='linked' test-id='64'>Complete COC WorkFlow</td>
										<td><span class='test-status Fail'>Fail</span></td>
									</tr>
									<tr>
										<td>Nov 30, 2023 11:28:36 AM</td>
										<td class='linked' test-id='66'>Complete CoD WorkFlow</td>
										<td><span class='test-status Fail'>Fail</span></td>
									</tr>
									<tr>
										<td>Nov 30, 2023 11:28:36 AM</td>
										<td class='linked' test-id='68'>Complete POS WorkFlow</td>
										<td><span class='test-status Fail'>Fail</span></td>
									</tr>
									<tr>
										<td>Nov 30, 2023 11:28:36 AM</td>
										<td class='linked' test-id='70'>Complete PE WorkFlow</td>
										<td><span class='test-status Fail'>Fail</span></td>
									</tr>
									<tr>
										<td>Nov 30, 2023 11:28:36 AM</td>
										<td class='linked' test-id='72'>Create Refill Case</td>
										<td><span class='test-status Fail'>Fail</span></td>
									</tr>
								</tbody>
							</table>
						</div>
					</div>
				</li>
				<li class='category displayed active'>
					<div class='category-heading'>
						<span class='category-name'>@Case_Banner</span>
						<span class='category-status right'>
						<span class='label pass'>1</span>
						</span>
					</div>
					<div class='category-content hide'>
						<div class='category-status-counts'>
							<span status="pass" class='label green accent-4 white-text'>Passed: 1</span>
							
							
						</div>
						<div class='category-tests'>
							<table class='bordered table-results'>
								<thead>
									<tr>
										<th>Timestamp</th>
										<th>TestName</th>
										<th>Status</th>
									</tr>
								</thead>
								<tbody>
									<tr>
										<td>Nov 30, 2023 11:18:02 AM</td>
										<td class='linked' test-id='24'>Verify the save case banner with valid data</td>
										<td><span class='test-status Pass'>Pass</span></td>
									</tr>
								</tbody>
							</table>
						</div>
					</div>
				</li>
				<li class='category displayed active'>
					<div class='category-heading'>
						<span class='category-name'>@Payor</span>
						<span class='category-status right'>
						<span class='label pass'>1</span>
						</span>
					</div>
					<div class='category-content hide'>
						<div class='category-status-counts'>
							<span status="pass" class='label green accent-4 white-text'>Passed: 1</span>
							
							
						</div>
						<div class='category-tests'>
							<table class='bordered table-results'>
								<thead>
									<tr>
										<th>Timestamp</th>
										<th>TestName</th>
										<th>Status</th>
									</tr>
								</thead>
								<tbody>
									<tr>
										<td>Nov 30, 2023 11:13:23 AM</td>
										<td class='linked' test-id='8'>Add new payor insurance record with valid data</td>
										<td><span class='test-status Pass'>Pass</span></td>
									</tr>
								</tbody>
							</table>
						</div>
					</div>
				</li>
				<li class='category displayed active'>
					<div class='category-heading'>
						<span class='category-name'>@Add_Prescription</span>
						<span class='category-status right'>
						<span class='label pass'>2</span>
						</span>
					</div>
					<div class='category-content hide'>
						<div class='category-status-counts'>
							<span status="pass" class='label green accent-4 white-text'>Passed: 2</span>
							
							
						</div>
						<div class='category-tests'>
							<table class='bordered table-results'>
								<thead>
									<tr>
										<th>Timestamp</th>
										<th>TestName</th>
										<th>Status</th>
									</tr>
								</thead>
								<tbody>
									<tr>
										<td>Nov 30, 2023 11:16:29 AM</td>
										<td class='linked' test-id='19'>Verify that the Add Presciprion Link is clickable or not</td>
										<td><span class='test-status Pass'>Pass</span></td>
									</tr>
									<tr>
										<td>Nov 30, 2023 11:16:42 AM</td>
										<td class='linked' test-id='21'>Verify the add presciption to case with positive data</td>
										<td><span class='test-status Pass'>Pass</span></td>
									</tr>
								</tbody>
							</table>
						</div>
					</div>
				</li>
				<li class='category displayed active'>
					<div class='category-heading'>
						<span class='category-name'>@ServicePreference</span>
						<span class='category-status right'>
						<span class='label pass'>2</span>
						</span>
					</div>
					<div class='category-content hide'>
						<div class='category-status-counts'>
							<span status="pass" class='label green accent-4 white-text'>Passed: 2</span>
							
							
						</div>
						<div class='category-tests'>
							<table class='bordered table-results'>
								<thead>
									<tr>
										<th>Timestamp</th>
										<th>TestName</th>
										<th>Status</th>
									</tr>
								</thead>
								<tbody>
									<tr>
										<td>Nov 30, 2023 11:15:34 AM</td>
										<td class='linked' test-id='11'>Verify that the Service Preference tab is displayed or not</td>
										<td><span class='test-status Pass'>Pass</span></td>
									</tr>
									<tr>
										<td>Nov 30, 2023 11:15:37 AM</td>
										<td class='linked' test-id='13'>Verify Service Preference with Valid Data</td>
										<td><span class='test-status Pass'>Pass</span></td>
									</tr>
								</tbody>
							</table>
						</div>
					</div>
				</li>
			</ul>
		</div>
	</div>
	<div class='subview-right left'>
		<div class='view-summary'>
			<h5 class='category-name'></h5>
		</div>
	</div>
</div>
<!-- category view --><div id='exception-view' class='view hide'>
	<section id='controls'>
		<div class='controls grey lighten-4'>
			<!-- search -->
			<div class='chip transparent' alt='Search Tests' title='Search Tests'>
				<a href="#" class='search-div'>
				<i class='material-icons'>search</i> Search
				</a>
				<div class='input-field left hide'>
					<input id='search-tests' type='text' class='validate browser-default' placeholder='Search Tests...'>
				</div>
			</div>
			<!-- search -->
		</div>
	</section>
	<div class='subview-left left'>
		<div class='view-summary'>
			<ul id='exception-collection' class='exception-collection'>
				<li class='exception displayed active'>
					<div class='exception-heading'>
						<span class='exception-name'>org.openqa.selenium.NoSuchWindowException</span>
						<span class='exception-count right'><span class='label red lighten-1 white-text'>12</span></span>
					</div>
					<div class='exception-content hide'>
						<div class='exception-tests'>
							<table class='bordered table-results'>
								<thead>
									<tr>
										<th>Timestamp</th>
										<th>TestName</th>
										<th>StackTrace</th>
									</tr>
								</thead>
								<tbody>
									<tr>
										<td>Nov 30, 2023 11:28:35 AM</td>
										<td class='linked' test-id='56'>When User save the postbi activity with valid data</td>
										<td>
											<textarea disabled class="code-block">org.openqa.selenium.NoSuchWindowException: no such window: target window already closed
from unknown error: web view not found
  (Session info: chrome=119.0.6045.161)
Build info: version: '3.8.1', revision: '6e95a6684b', time: '2017-12-01T18:33:54.468Z'
System info: host: 'TDS-5CG1075Y8C', ip: '10.245.10.29', os.name: 'Windows 10', os.arch: 'amd64', os.version: '10.0', java.version: '11.0.1'
Driver info: org.openqa.selenium.chrome.ChromeDriver
Capabilities {acceptInsecureCerts: false, browserName: chrome, browserVersion: 119.0.6045.161, chrome: {chromedriverVersion: 119.0.6045.105 (38c72552c5e..., userDataDir: C:\Users\vthorat\AppData\Lo...}, fedcm:accounts: true, goog:chromeOptions: {debuggerAddress: localhost:56236}, javascriptEnabled: true, networkConnectionEnabled: false, pageLoadStrategy: normal, platform: WINDOWS, platformName: WINDOWS, proxy: Proxy(), setWindowRect: true, strictFileInteractability: false, timeouts: {implicit: 0, pageLoad: 300000, script: 30000}, unhandledPromptBehavior: dismiss and notify, webauthn:extension:credBlob: true, webauthn:extension:largeBlob: true, webauthn:extension:minPinLength: true, webauthn:extension:prf: true, webauthn:virtualAuthenticators: true}
Session ID: 46cd0224be1f02b76de53d001f8ae8e1
	at java.base/jdk.internal.reflect.NativeConstructorAccessorImpl.newInstance0(Native Method)
	at java.base/jdk.internal.reflect.NativeConstructorAccessorImpl.newInstance(NativeConstructorAccessorImpl.java:62)
	at java.base/jdk.internal.reflect.DelegatingConstructorAccessorImpl.newInstance(DelegatingConstructorAccessorImpl.java:45)
	at java.base/java.lang.reflect.Constructor.newInstance(Constructor.java:490)
	at org.openqa.selenium.remote.http.W3CHttpResponseCodec.createException(W3CHttpResponseCodec.java:187)
	at org.openqa.selenium.remote.http.W3CHttpResponseCodec.decode(W3CHttpResponseCodec.java:122)
	at org.openqa.selenium.remote.http.W3CHttpResponseCodec.decode(W3CHttpResponseCodec.java:49)
	at org.openqa.selenium.remote.HttpCommandExecutor.execute(HttpCommandExecutor.java:164)
	at org.openqa.selenium.remote.service.DriverCommandExecutor.execute(DriverCommandExecutor.java:83)
	at org.openqa.selenium.remote.RemoteWebDriver.execute(RemoteWebDriver.java:601)
	at org.openqa.selenium.remote.RemoteWebDriver.execute(RemoteWebDriver.java:658)
	at org.openqa.selenium.remote.RemoteWebDriver.getScreenshotAs(RemoteWebDriver.java:343)
	at testPackage.Base.CaptureScreen(Base.java:471)
	at methodPackage.PostBIMethod.VerifyPostBIWithValidData(PostBIMethod.java:197)
	at stepDefinitions.StepsForFeature.user_save_the_postbi_activity_with_valid_data(StepsForFeature.java:1551)
	at ?.User save the postbi activity with valid data(file:///C:/Users/vthorat/eclipse/java-2022-12/eclipse/AutomationBDD/Ketu_Cucumber_KSUser/./Features/Feature20(Post%20BI).feature:17)
</textarea>
										</td>
									</tr>
									<tr>
										<td>Nov 30, 2023 11:28:36 AM</td>
										<td class='linked' test-id='59'>When User save the point of sale activity with valid data</td>
										<td>
											<textarea disabled class="code-block">org.openqa.selenium.NoSuchWindowException: no such window: target window already closed
from unknown error: web view not found
  (Session info: chrome=119.0.6045.161)
Build info: version: '3.8.1', revision: '6e95a6684b', time: '2017-12-01T18:33:54.468Z'
System info: host: 'TDS-5CG1075Y8C', ip: '10.245.10.29', os.name: 'Windows 10', os.arch: 'amd64', os.version: '10.0', java.version: '11.0.1'
Driver info: org.openqa.selenium.chrome.ChromeDriver
Capabilities {acceptInsecureCerts: false, browserName: chrome, browserVersion: 119.0.6045.161, chrome: {chromedriverVersion: 119.0.6045.105 (38c72552c5e..., userDataDir: C:\Users\vthorat\AppData\Lo...}, fedcm:accounts: true, goog:chromeOptions: {debuggerAddress: localhost:56236}, javascriptEnabled: true, networkConnectionEnabled: false, pageLoadStrategy: normal, platform: WINDOWS, platformName: WINDOWS, proxy: Proxy(), setWindowRect: true, strictFileInteractability: false, timeouts: {implicit: 0, pageLoad: 300000, script: 30000}, unhandledPromptBehavior: dismiss and notify, webauthn:extension:credBlob: true, webauthn:extension:largeBlob: true, webauthn:extension:minPinLength: true, webauthn:extension:prf: true, webauthn:virtualAuthenticators: true}
Session ID: 46cd0224be1f02b76de53d001f8ae8e1
	at java.base/jdk.internal.reflect.NativeConstructorAccessorImpl.newInstance0(Native Method)
	at java.base/jdk.internal.reflect.NativeConstructorAccessorImpl.newInstance(NativeConstructorAccessorImpl.java:62)
	at java.base/jdk.internal.reflect.DelegatingConstructorAccessorImpl.newInstance(DelegatingConstructorAccessorImpl.java:45)
	at java.base/java.lang.reflect.Constructor.newInstance(Constructor.java:490)
	at org.openqa.selenium.remote.http.W3CHttpResponseCodec.createException(W3CHttpResponseCodec.java:187)
	at org.openqa.selenium.remote.http.W3CHttpResponseCodec.decode(W3CHttpResponseCodec.java:122)
	at org.openqa.selenium.remote.http.W3CHttpResponseCodec.decode(W3CHttpResponseCodec.java:49)
	at org.openqa.selenium.remote.HttpCommandExecutor.execute(HttpCommandExecutor.java:164)
	at org.openqa.selenium.remote.service.DriverCommandExecutor.execute(DriverCommandExecutor.java:83)
	at org.openqa.selenium.remote.RemoteWebDriver.execute(RemoteWebDriver.java:601)
	at org.openqa.selenium.remote.RemoteWebDriver.execute(RemoteWebDriver.java:658)
	at org.openqa.selenium.remote.RemoteWebDriver.getScreenshotAs(RemoteWebDriver.java:343)
	at testPackage.Base.CaptureScreen(Base.java:471)
	at methodPackage.PostBIMethod.VerifyPostBIWithValidData(PostBIMethod.java:197)
	at stepDefinitions.StepsForFeature.user_save_the_postbi_activity_with_valid_data(StepsForFeature.java:1551)
	at ?.User save the postbi activity with valid data(file:///C:/Users/vthorat/eclipse/java-2022-12/eclipse/AutomationBDD/Ketu_Cucumber_KSUser/./Features/Feature20(Post%20BI).feature:17)
</textarea>
										</td>
									</tr>
									<tr>
										<td>Nov 30, 2023 11:28:36 AM</td>
										<td class='linked' test-id='61'>When User Complete Intake WorkFlow</td>
										<td>
											<textarea disabled class="code-block">org.openqa.selenium.NoSuchWindowException: no such window: target window already closed
from unknown error: web view not found
  (Session info: chrome=119.0.6045.161)
Build info: version: '3.8.1', revision: '6e95a6684b', time: '2017-12-01T18:33:54.468Z'
System info: host: 'TDS-5CG1075Y8C', ip: '10.245.10.29', os.name: 'Windows 10', os.arch: 'amd64', os.version: '10.0', java.version: '11.0.1'
Driver info: org.openqa.selenium.chrome.ChromeDriver
Capabilities {acceptInsecureCerts: false, browserName: chrome, browserVersion: 119.0.6045.161, chrome: {chromedriverVersion: 119.0.6045.105 (38c72552c5e..., userDataDir: C:\Users\vthorat\AppData\Lo...}, fedcm:accounts: true, goog:chromeOptions: {debuggerAddress: localhost:56236}, javascriptEnabled: true, networkConnectionEnabled: false, pageLoadStrategy: normal, platform: WINDOWS, platformName: WINDOWS, proxy: Proxy(), setWindowRect: true, strictFileInteractability: false, timeouts: {implicit: 0, pageLoad: 300000, script: 30000}, unhandledPromptBehavior: dismiss and notify, webauthn:extension:credBlob: true, webauthn:extension:largeBlob: true, webauthn:extension:minPinLength: true, webauthn:extension:prf: true, webauthn:virtualAuthenticators: true}
Session ID: 46cd0224be1f02b76de53d001f8ae8e1
	at java.base/jdk.internal.reflect.NativeConstructorAccessorImpl.newInstance0(Native Method)
	at java.base/jdk.internal.reflect.NativeConstructorAccessorImpl.newInstance(NativeConstructorAccessorImpl.java:62)
	at java.base/jdk.internal.reflect.DelegatingConstructorAccessorImpl.newInstance(DelegatingConstructorAccessorImpl.java:45)
	at java.base/java.lang.reflect.Constructor.newInstance(Constructor.java:490)
	at org.openqa.selenium.remote.http.W3CHttpResponseCodec.createException(W3CHttpResponseCodec.java:187)
	at org.openqa.selenium.remote.http.W3CHttpResponseCodec.decode(W3CHttpResponseCodec.java:122)
	at org.openqa.selenium.remote.http.W3CHttpResponseCodec.decode(W3CHttpResponseCodec.java:49)
	at org.openqa.selenium.remote.HttpCommandExecutor.execute(HttpCommandExecutor.java:164)
	at org.openqa.selenium.remote.service.DriverCommandExecutor.execute(DriverCommandExecutor.java:83)
	at org.openqa.selenium.remote.RemoteWebDriver.execute(RemoteWebDriver.java:601)
	at org.openqa.selenium.remote.RemoteWebDriver.execute(RemoteWebDriver.java:658)
	at org.openqa.selenium.remote.RemoteWebDriver.getScreenshotAs(RemoteWebDriver.java:343)
	at testPackage.Base.CaptureScreen(Base.java:471)
	at methodPackage.PostBIMethod.VerifyPostBIWithValidData(PostBIMethod.java:197)
	at stepDefinitions.StepsForFeature.user_save_the_postbi_activity_with_valid_data(StepsForFeature.java:1551)
	at ?.User save the postbi activity with valid data(file:///C:/Users/vthorat/eclipse/java-2022-12/eclipse/AutomationBDD/Ketu_Cucumber_KSUser/./Features/Feature20(Post%20BI).feature:17)
</textarea>
										</td>
									</tr>
									<tr>
										<td>Nov 30, 2023 11:28:36 AM</td>
										<td class='linked' test-id='63'>When User Complete BI WorkFlow</td>
										<td>
											<textarea disabled class="code-block">org.openqa.selenium.NoSuchWindowException: no such window: target window already closed
from unknown error: web view not found
  (Session info: chrome=119.0.6045.161)
Build info: version: '3.8.1', revision: '6e95a6684b', time: '2017-12-01T18:33:54.468Z'
System info: host: 'TDS-5CG1075Y8C', ip: '10.245.10.29', os.name: 'Windows 10', os.arch: 'amd64', os.version: '10.0', java.version: '11.0.1'
Driver info: org.openqa.selenium.chrome.ChromeDriver
Capabilities {acceptInsecureCerts: false, browserName: chrome, browserVersion: 119.0.6045.161, chrome: {chromedriverVersion: 119.0.6045.105 (38c72552c5e..., userDataDir: C:\Users\vthorat\AppData\Lo...}, fedcm:accounts: true, goog:chromeOptions: {debuggerAddress: localhost:56236}, javascriptEnabled: true, networkConnectionEnabled: false, pageLoadStrategy: normal, platform: WINDOWS, platformName: WINDOWS, proxy: Proxy(), setWindowRect: true, strictFileInteractability: false, timeouts: {implicit: 0, pageLoad: 300000, script: 30000}, unhandledPromptBehavior: dismiss and notify, webauthn:extension:credBlob: true, webauthn:extension:largeBlob: true, webauthn:extension:minPinLength: true, webauthn:extension:prf: true, webauthn:virtualAuthenticators: true}
Session ID: 46cd0224be1f02b76de53d001f8ae8e1
	at java.base/jdk.internal.reflect.NativeConstructorAccessorImpl.newInstance0(Native Method)
	at java.base/jdk.internal.reflect.NativeConstructorAccessorImpl.newInstance(NativeConstructorAccessorImpl.java:62)
	at java.base/jdk.internal.reflect.DelegatingConstructorAccessorImpl.newInstance(DelegatingConstructorAccessorImpl.java:45)
	at java.base/java.lang.reflect.Constructor.newInstance(Constructor.java:490)
	at org.openqa.selenium.remote.http.W3CHttpResponseCodec.createException(W3CHttpResponseCodec.java:187)
	at org.openqa.selenium.remote.http.W3CHttpResponseCodec.decode(W3CHttpResponseCodec.java:122)
	at org.openqa.selenium.remote.http.W3CHttpResponseCodec.decode(W3CHttpResponseCodec.java:49)
	at org.openqa.selenium.remote.HttpCommandExecutor.execute(HttpCommandExecutor.java:164)
	at org.openqa.selenium.remote.service.DriverCommandExecutor.execute(DriverCommandExecutor.java:83)
	at org.openqa.selenium.remote.RemoteWebDriver.execute(RemoteWebDriver.java:601)
	at org.openqa.selenium.remote.RemoteWebDriver.execute(RemoteWebDriver.java:658)
	at org.openqa.selenium.remote.RemoteWebDriver.getScreenshotAs(RemoteWebDriver.java:343)
	at testPackage.Base.CaptureScreen(Base.java:471)
	at methodPackage.PostBIMethod.VerifyPostBIWithValidData(PostBIMethod.java:197)
	at stepDefinitions.StepsForFeature.user_save_the_postbi_activity_with_valid_data(StepsForFeature.java:1551)
	at ?.User save the postbi activity with valid data(file:///C:/Users/vthorat/eclipse/java-2022-12/eclipse/AutomationBDD/Ketu_Cucumber_KSUser/./Features/Feature20(Post%20BI).feature:17)
</textarea>
										</td>
									</tr>
									<tr>
										<td>Nov 30, 2023 11:28:36 AM</td>
										<td class='linked' test-id='65'>When User Complete COC WorkFlow</td>
										<td>
											<textarea disabled class="code-block">org.openqa.selenium.NoSuchWindowException: no such window: target window already closed
from unknown error: web view not found
  (Session info: chrome=119.0.6045.161)
Build info: version: '3.8.1', revision: '6e95a6684b', time: '2017-12-01T18:33:54.468Z'
System info: host: 'TDS-5CG1075Y8C', ip: '10.245.10.29', os.name: 'Windows 10', os.arch: 'amd64', os.version: '10.0', java.version: '11.0.1'
Driver info: org.openqa.selenium.chrome.ChromeDriver
Capabilities {acceptInsecureCerts: false, browserName: chrome, browserVersion: 119.0.6045.161, chrome: {chromedriverVersion: 119.0.6045.105 (38c72552c5e..., userDataDir: C:\Users\vthorat\AppData\Lo...}, fedcm:accounts: true, goog:chromeOptions: {debuggerAddress: localhost:56236}, javascriptEnabled: true, networkConnectionEnabled: false, pageLoadStrategy: normal, platform: WINDOWS, platformName: WINDOWS, proxy: Proxy(), setWindowRect: true, strictFileInteractability: false, timeouts: {implicit: 0, pageLoad: 300000, script: 30000}, unhandledPromptBehavior: dismiss and notify, webauthn:extension:credBlob: true, webauthn:extension:largeBlob: true, webauthn:extension:minPinLength: true, webauthn:extension:prf: true, webauthn:virtualAuthenticators: true}
Session ID: 46cd0224be1f02b76de53d001f8ae8e1
	at java.base/jdk.internal.reflect.NativeConstructorAccessorImpl.newInstance0(Native Method)
	at java.base/jdk.internal.reflect.NativeConstructorAccessorImpl.newInstance(NativeConstructorAccessorImpl.java:62)
	at java.base/jdk.internal.reflect.DelegatingConstructorAccessorImpl.newInstance(DelegatingConstructorAccessorImpl.java:45)
	at java.base/java.lang.reflect.Constructor.newInstance(Constructor.java:490)
	at org.openqa.selenium.remote.http.W3CHttpResponseCodec.createException(W3CHttpResponseCodec.java:187)
	at org.openqa.selenium.remote.http.W3CHttpResponseCodec.decode(W3CHttpResponseCodec.java:122)
	at org.openqa.selenium.remote.http.W3CHttpResponseCodec.decode(W3CHttpResponseCodec.java:49)
	at org.openqa.selenium.remote.HttpCommandExecutor.execute(HttpCommandExecutor.java:164)
	at org.openqa.selenium.remote.service.DriverCommandExecutor.execute(DriverCommandExecutor.java:83)
	at org.openqa.selenium.remote.RemoteWebDriver.execute(RemoteWebDriver.java:601)
	at org.openqa.selenium.remote.RemoteWebDriver.execute(RemoteWebDriver.java:658)
	at org.openqa.selenium.remote.RemoteWebDriver.getScreenshotAs(RemoteWebDriver.java:343)
	at testPackage.Base.CaptureScreen(Base.java:471)
	at methodPackage.PostBIMethod.VerifyPostBIWithValidData(PostBIMethod.java:197)
	at stepDefinitions.StepsForFeature.user_save_the_postbi_activity_with_valid_data(StepsForFeature.java:1551)
	at ?.User save the postbi activity with valid data(file:///C:/Users/vthorat/eclipse/java-2022-12/eclipse/AutomationBDD/Ketu_Cucumber_KSUser/./Features/Feature20(Post%20BI).feature:17)
</textarea>
										</td>
									</tr>
									<tr>
										<td>Nov 30, 2023 11:28:36 AM</td>
										<td class='linked' test-id='67'>When User Complete CoD WorkFlow</td>
										<td>
											<textarea disabled class="code-block">org.openqa.selenium.NoSuchWindowException: no such window: target window already closed
from unknown error: web view not found
  (Session info: chrome=119.0.6045.161)
Build info: version: '3.8.1', revision: '6e95a6684b', time: '2017-12-01T18:33:54.468Z'
System info: host: 'TDS-5CG1075Y8C', ip: '10.245.10.29', os.name: 'Windows 10', os.arch: 'amd64', os.version: '10.0', java.version: '11.0.1'
Driver info: org.openqa.selenium.chrome.ChromeDriver
Capabilities {acceptInsecureCerts: false, browserName: chrome, browserVersion: 119.0.6045.161, chrome: {chromedriverVersion: 119.0.6045.105 (38c72552c5e..., userDataDir: C:\Users\vthorat\AppData\Lo...}, fedcm:accounts: true, goog:chromeOptions: {debuggerAddress: localhost:56236}, javascriptEnabled: true, networkConnectionEnabled: false, pageLoadStrategy: normal, platform: WINDOWS, platformName: WINDOWS, proxy: Proxy(), setWindowRect: true, strictFileInteractability: false, timeouts: {implicit: 0, pageLoad: 300000, script: 30000}, unhandledPromptBehavior: dismiss and notify, webauthn:extension:credBlob: true, webauthn:extension:largeBlob: true, webauthn:extension:minPinLength: true, webauthn:extension:prf: true, webauthn:virtualAuthenticators: true}
Session ID: 46cd0224be1f02b76de53d001f8ae8e1
	at java.base/jdk.internal.reflect.NativeConstructorAccessorImpl.newInstance0(Native Method)
	at java.base/jdk.internal.reflect.NativeConstructorAccessorImpl.newInstance(NativeConstructorAccessorImpl.java:62)
	at java.base/jdk.internal.reflect.DelegatingConstructorAccessorImpl.newInstance(DelegatingConstructorAccessorImpl.java:45)
	at java.base/java.lang.reflect.Constructor.newInstance(Constructor.java:490)
	at org.openqa.selenium.remote.http.W3CHttpResponseCodec.createException(W3CHttpResponseCodec.java:187)
	at org.openqa.selenium.remote.http.W3CHttpResponseCodec.decode(W3CHttpResponseCodec.java:122)
	at org.openqa.selenium.remote.http.W3CHttpResponseCodec.decode(W3CHttpResponseCodec.java:49)
	at org.openqa.selenium.remote.HttpCommandExecutor.execute(HttpCommandExecutor.java:164)
	at org.openqa.selenium.remote.service.DriverCommandExecutor.execute(DriverCommandExecutor.java:83)
	at org.openqa.selenium.remote.RemoteWebDriver.execute(RemoteWebDriver.java:601)
	at org.openqa.selenium.remote.RemoteWebDriver.execute(RemoteWebDriver.java:658)
	at org.openqa.selenium.remote.RemoteWebDriver.getScreenshotAs(RemoteWebDriver.java:343)
	at testPackage.Base.CaptureScreen(Base.java:471)
	at methodPackage.PostBIMethod.VerifyPostBIWithValidData(PostBIMethod.java:197)
	at stepDefinitions.StepsForFeature.user_save_the_postbi_activity_with_valid_data(StepsForFeature.java:1551)
	at ?.User save the postbi activity with valid data(file:///C:/Users/vthorat/eclipse/java-2022-12/eclipse/AutomationBDD/Ketu_Cucumber_KSUser/./Features/Feature20(Post%20BI).feature:17)
</textarea>
										</td>
									</tr>
									<tr>
										<td>Nov 30, 2023 11:28:36 AM</td>
										<td class='linked' test-id='69'>When User Complete POS WorkFlow</td>
										<td>
											<textarea disabled class="code-block">org.openqa.selenium.NoSuchWindowException: no such window: target window already closed
from unknown error: web view not found
  (Session info: chrome=119.0.6045.161)
Build info: version: '3.8.1', revision: '6e95a6684b', time: '2017-12-01T18:33:54.468Z'
System info: host: 'TDS-5CG1075Y8C', ip: '10.245.10.29', os.name: 'Windows 10', os.arch: 'amd64', os.version: '10.0', java.version: '11.0.1'
Driver info: org.openqa.selenium.chrome.ChromeDriver
Capabilities {acceptInsecureCerts: false, browserName: chrome, browserVersion: 119.0.6045.161, chrome: {chromedriverVersion: 119.0.6045.105 (38c72552c5e..., userDataDir: C:\Users\vthorat\AppData\Lo...}, fedcm:accounts: true, goog:chromeOptions: {debuggerAddress: localhost:56236}, javascriptEnabled: true, networkConnectionEnabled: false, pageLoadStrategy: normal, platform: WINDOWS, platformName: WINDOWS, proxy: Proxy(), setWindowRect: true, strictFileInteractability: false, timeouts: {implicit: 0, pageLoad: 300000, script: 30000}, unhandledPromptBehavior: dismiss and notify, webauthn:extension:credBlob: true, webauthn:extension:largeBlob: true, webauthn:extension:minPinLength: true, webauthn:extension:prf: true, webauthn:virtualAuthenticators: true}
Session ID: 46cd0224be1f02b76de53d001f8ae8e1
	at java.base/jdk.internal.reflect.NativeConstructorAccessorImpl.newInstance0(Native Method)
	at java.base/jdk.internal.reflect.NativeConstructorAccessorImpl.newInstance(NativeConstructorAccessorImpl.java:62)
	at java.base/jdk.internal.reflect.DelegatingConstructorAccessorImpl.newInstance(DelegatingConstructorAccessorImpl.java:45)
	at java.base/java.lang.reflect.Constructor.newInstance(Constructor.java:490)
	at org.openqa.selenium.remote.http.W3CHttpResponseCodec.createException(W3CHttpResponseCodec.java:187)
	at org.openqa.selenium.remote.http.W3CHttpResponseCodec.decode(W3CHttpResponseCodec.java:122)
	at org.openqa.selenium.remote.http.W3CHttpResponseCodec.decode(W3CHttpResponseCodec.java:49)
	at org.openqa.selenium.remote.HttpCommandExecutor.execute(HttpCommandExecutor.java:164)
	at org.openqa.selenium.remote.service.DriverCommandExecutor.execute(DriverCommandExecutor.java:83)
	at org.openqa.selenium.remote.RemoteWebDriver.execute(RemoteWebDriver.java:601)
	at org.openqa.selenium.remote.RemoteWebDriver.execute(RemoteWebDriver.java:658)
	at org.openqa.selenium.remote.RemoteWebDriver.getScreenshotAs(RemoteWebDriver.java:343)
	at testPackage.Base.CaptureScreen(Base.java:471)
	at methodPackage.PostBIMethod.VerifyPostBIWithValidData(PostBIMethod.java:197)
	at stepDefinitions.StepsForFeature.user_save_the_postbi_activity_with_valid_data(StepsForFeature.java:1551)
	at ?.User save the postbi activity with valid data(file:///C:/Users/vthorat/eclipse/java-2022-12/eclipse/AutomationBDD/Ketu_Cucumber_KSUser/./Features/Feature20(Post%20BI).feature:17)
</textarea>
										</td>
									</tr>
									<tr>
										<td>Nov 30, 2023 11:28:36 AM</td>
										<td class='linked' test-id='71'>When User Complete PE WorkFlow</td>
										<td>
											<textarea disabled class="code-block">org.openqa.selenium.NoSuchWindowException: no such window: target window already closed
from unknown error: web view not found
  (Session info: chrome=119.0.6045.161)
Build info: version: '3.8.1', revision: '6e95a6684b', time: '2017-12-01T18:33:54.468Z'
System info: host: 'TDS-5CG1075Y8C', ip: '10.245.10.29', os.name: 'Windows 10', os.arch: 'amd64', os.version: '10.0', java.version: '11.0.1'
Driver info: org.openqa.selenium.chrome.ChromeDriver
Capabilities {acceptInsecureCerts: false, browserName: chrome, browserVersion: 119.0.6045.161, chrome: {chromedriverVersion: 119.0.6045.105 (38c72552c5e..., userDataDir: C:\Users\vthorat\AppData\Lo...}, fedcm:accounts: true, goog:chromeOptions: {debuggerAddress: localhost:56236}, javascriptEnabled: true, networkConnectionEnabled: false, pageLoadStrategy: normal, platform: WINDOWS, platformName: WINDOWS, proxy: Proxy(), setWindowRect: true, strictFileInteractability: false, timeouts: {implicit: 0, pageLoad: 300000, script: 30000}, unhandledPromptBehavior: dismiss and notify, webauthn:extension:credBlob: true, webauthn:extension:largeBlob: true, webauthn:extension:minPinLength: true, webauthn:extension:prf: true, webauthn:virtualAuthenticators: true}
Session ID: 46cd0224be1f02b76de53d001f8ae8e1
	at java.base/jdk.internal.reflect.NativeConstructorAccessorImpl.newInstance0(Native Method)
	at java.base/jdk.internal.reflect.NativeConstructorAccessorImpl.newInstance(NativeConstructorAccessorImpl.java:62)
	at java.base/jdk.internal.reflect.DelegatingConstructorAccessorImpl.newInstance(DelegatingConstructorAccessorImpl.java:45)
	at java.base/java.lang.reflect.Constructor.newInstance(Constructor.java:490)
	at org.openqa.selenium.remote.http.W3CHttpResponseCodec.createException(W3CHttpResponseCodec.java:187)
	at org.openqa.selenium.remote.http.W3CHttpResponseCodec.decode(W3CHttpResponseCodec.java:122)
	at org.openqa.selenium.remote.http.W3CHttpResponseCodec.decode(W3CHttpResponseCodec.java:49)
	at org.openqa.selenium.remote.HttpCommandExecutor.execute(HttpCommandExecutor.java:164)
	at org.openqa.selenium.remote.service.DriverCommandExecutor.execute(DriverCommandExecutor.java:83)
	at org.openqa.selenium.remote.RemoteWebDriver.execute(RemoteWebDriver.java:601)
	at org.openqa.selenium.remote.RemoteWebDriver.execute(RemoteWebDriver.java:658)
	at org.openqa.selenium.remote.RemoteWebDriver.getScreenshotAs(RemoteWebDriver.java:343)
	at testPackage.Base.CaptureScreen(Base.java:471)
	at methodPackage.PostBIMethod.VerifyPostBIWithValidData(PostBIMethod.java:197)
	at stepDefinitions.StepsForFeature.user_save_the_postbi_activity_with_valid_data(StepsForFeature.java:1551)
	at ?.User save the postbi activity with valid data(file:///C:/Users/vthorat/eclipse/java-2022-12/eclipse/AutomationBDD/Ketu_Cucumber_KSUser/./Features/Feature20(Post%20BI).feature:17)
</textarea>
										</td>
									</tr>
									<tr>
										<td>Nov 30, 2023 11:28:36 AM</td>
										<td class='linked' test-id='73'>When User create refill case</td>
										<td>
											<textarea disabled class="code-block">org.openqa.selenium.NoSuchWindowException: no such window: target window already closed
from unknown error: web view not found
  (Session info: chrome=119.0.6045.161)
Build info: version: '3.8.1', revision: '6e95a6684b', time: '2017-12-01T18:33:54.468Z'
System info: host: 'TDS-5CG1075Y8C', ip: '10.245.10.29', os.name: 'Windows 10', os.arch: 'amd64', os.version: '10.0', java.version: '11.0.1'
Driver info: org.openqa.selenium.chrome.ChromeDriver
Capabilities {acceptInsecureCerts: false, browserName: chrome, browserVersion: 119.0.6045.161, chrome: {chromedriverVersion: 119.0.6045.105 (38c72552c5e..., userDataDir: C:\Users\vthorat\AppData\Lo...}, fedcm:accounts: true, goog:chromeOptions: {debuggerAddress: localhost:56236}, javascriptEnabled: true, networkConnectionEnabled: false, pageLoadStrategy: normal, platform: WINDOWS, platformName: WINDOWS, proxy: Proxy(), setWindowRect: true, strictFileInteractability: false, timeouts: {implicit: 0, pageLoad: 300000, script: 30000}, unhandledPromptBehavior: dismiss and notify, webauthn:extension:credBlob: true, webauthn:extension:largeBlob: true, webauthn:extension:minPinLength: true, webauthn:extension:prf: true, webauthn:virtualAuthenticators: true}
Session ID: 46cd0224be1f02b76de53d001f8ae8e1
	at java.base/jdk.internal.reflect.NativeConstructorAccessorImpl.newInstance0(Native Method)
	at java.base/jdk.internal.reflect.NativeConstructorAccessorImpl.newInstance(NativeConstructorAccessorImpl.java:62)
	at java.base/jdk.internal.reflect.DelegatingConstructorAccessorImpl.newInstance(DelegatingConstructorAccessorImpl.java:45)
	at java.base/java.lang.reflect.Constructor.newInstance(Constructor.java:490)
	at org.openqa.selenium.remote.http.W3CHttpResponseCodec.createException(W3CHttpResponseCodec.java:187)
	at org.openqa.selenium.remote.http.W3CHttpResponseCodec.decode(W3CHttpResponseCodec.java:122)
	at org.openqa.selenium.remote.http.W3CHttpResponseCodec.decode(W3CHttpResponseCodec.java:49)
	at org.openqa.selenium.remote.HttpCommandExecutor.execute(HttpCommandExecutor.java:164)
	at org.openqa.selenium.remote.service.DriverCommandExecutor.execute(DriverCommandExecutor.java:83)
	at org.openqa.selenium.remote.RemoteWebDriver.execute(RemoteWebDriver.java:601)
	at org.openqa.selenium.remote.RemoteWebDriver.execute(RemoteWebDriver.java:658)
	at org.openqa.selenium.remote.RemoteWebDriver.getScreenshotAs(RemoteWebDriver.java:343)
	at testPackage.Base.CaptureScreen(Base.java:471)
	at methodPackage.PostBIMethod.VerifyPostBIWithValidData(PostBIMethod.java:197)
	at stepDefinitions.StepsForFeature.user_save_the_postbi_activity_with_valid_data(StepsForFeature.java:1551)
	at ?.User save the postbi activity with valid data(file:///C:/Users/vthorat/eclipse/java-2022-12/eclipse/AutomationBDD/Ketu_Cucumber_KSUser/./Features/Feature20(Post%20BI).feature:17)
</textarea>
										</td>
									</tr>
									<tr>
										<td>Nov 30, 2023 11:28:36 AM</td>
										<td class='linked' test-id='76'>When User try to save Communication Log with Valid date</td>
										<td>
											<textarea disabled class="code-block">org.openqa.selenium.NoSuchWindowException: no such window: target window already closed
from unknown error: web view not found
  (Session info: chrome=119.0.6045.161)
Build info: version: '3.8.1', revision: '6e95a6684b', time: '2017-12-01T18:33:54.468Z'
System info: host: 'TDS-5CG1075Y8C', ip: '10.245.10.29', os.name: 'Windows 10', os.arch: 'amd64', os.version: '10.0', java.version: '11.0.1'
Driver info: org.openqa.selenium.chrome.ChromeDriver
Capabilities {acceptInsecureCerts: false, browserName: chrome, browserVersion: 119.0.6045.161, chrome: {chromedriverVersion: 119.0.6045.105 (38c72552c5e..., userDataDir: C:\Users\vthorat\AppData\Lo...}, fedcm:accounts: true, goog:chromeOptions: {debuggerAddress: localhost:56236}, javascriptEnabled: true, networkConnectionEnabled: false, pageLoadStrategy: normal, platform: WINDOWS, platformName: WINDOWS, proxy: Proxy(), setWindowRect: true, strictFileInteractability: false, timeouts: {implicit: 0, pageLoad: 300000, script: 30000}, unhandledPromptBehavior: dismiss and notify, webauthn:extension:credBlob: true, webauthn:extension:largeBlob: true, webauthn:extension:minPinLength: true, webauthn:extension:prf: true, webauthn:virtualAuthenticators: true}
Session ID: 46cd0224be1f02b76de53d001f8ae8e1
	at java.base/jdk.internal.reflect.NativeConstructorAccessorImpl.newInstance0(Native Method)
	at java.base/jdk.internal.reflect.NativeConstructorAccessorImpl.newInstance(NativeConstructorAccessorImpl.java:62)
	at java.base/jdk.internal.reflect.DelegatingConstructorAccessorImpl.newInstance(DelegatingConstructorAccessorImpl.java:45)
	at java.base/java.lang.reflect.Constructor.newInstance(Constructor.java:490)
	at org.openqa.selenium.remote.http.W3CHttpResponseCodec.createException(W3CHttpResponseCodec.java:187)
	at org.openqa.selenium.remote.http.W3CHttpResponseCodec.decode(W3CHttpResponseCodec.java:122)
	at org.openqa.selenium.remote.http.W3CHttpResponseCodec.decode(W3CHttpResponseCodec.java:49)
	at org.openqa.selenium.remote.HttpCommandExecutor.execute(HttpCommandExecutor.java:164)
	at org.openqa.selenium.remote.service.DriverCommandExecutor.execute(DriverCommandExecutor.java:83)
	at org.openqa.selenium.remote.RemoteWebDriver.execute(RemoteWebDriver.java:601)
	at org.openqa.selenium.remote.RemoteWebDriver.execute(RemoteWebDriver.java:658)
	at org.openqa.selenium.remote.RemoteWebDriver.getScreenshotAs(RemoteWebDriver.java:343)
	at testPackage.Base.CaptureScreen(Base.java:471)
	at methodPackage.PostBIMethod.VerifyPostBIWithValidData(PostBIMethod.java:197)
	at stepDefinitions.StepsForFeature.user_save_the_postbi_activity_with_valid_data(StepsForFeature.java:1551)
	at ?.User save the postbi activity with valid data(file:///C:/Users/vthorat/eclipse/java-2022-12/eclipse/AutomationBDD/Ketu_Cucumber_KSUser/./Features/Feature20(Post%20BI).feature:17)
</textarea>
										</td>
									</tr>
									<tr>
										<td>Nov 30, 2023 11:28:42 AM</td>
										<td class='linked' test-id='79'>When User send Fax successfully</td>
										<td>
											<textarea disabled class="code-block">org.openqa.selenium.NoSuchWindowException: no such window: target window already closed
from unknown error: web view not found
  (Session info: chrome=119.0.6045.161)
Build info: version: '3.8.1', revision: '6e95a6684b', time: '2017-12-01T18:33:54.468Z'
System info: host: 'TDS-5CG1075Y8C', ip: '10.245.10.29', os.name: 'Windows 10', os.arch: 'amd64', os.version: '10.0', java.version: '11.0.1'
Driver info: org.openqa.selenium.chrome.ChromeDriver
Capabilities {acceptInsecureCerts: false, browserName: chrome, browserVersion: 119.0.6045.161, chrome: {chromedriverVersion: 119.0.6045.105 (38c72552c5e..., userDataDir: C:\Users\vthorat\AppData\Lo...}, fedcm:accounts: true, goog:chromeOptions: {debuggerAddress: localhost:56236}, javascriptEnabled: true, networkConnectionEnabled: false, pageLoadStrategy: normal, platform: WINDOWS, platformName: WINDOWS, proxy: Proxy(), setWindowRect: true, strictFileInteractability: false, timeouts: {implicit: 0, pageLoad: 300000, script: 30000}, unhandledPromptBehavior: dismiss and notify, webauthn:extension:credBlob: true, webauthn:extension:largeBlob: true, webauthn:extension:minPinLength: true, webauthn:extension:prf: true, webauthn:virtualAuthenticators: true}
Session ID: 46cd0224be1f02b76de53d001f8ae8e1
	at java.base/jdk.internal.reflect.NativeConstructorAccessorImpl.newInstance0(Native Method)
	at java.base/jdk.internal.reflect.NativeConstructorAccessorImpl.newInstance(NativeConstructorAccessorImpl.java:62)
	at java.base/jdk.internal.reflect.DelegatingConstructorAccessorImpl.newInstance(DelegatingConstructorAccessorImpl.java:45)
	at java.base/java.lang.reflect.Constructor.newInstance(Constructor.java:490)
	at org.openqa.selenium.remote.http.W3CHttpResponseCodec.createException(W3CHttpResponseCodec.java:187)
	at org.openqa.selenium.remote.http.W3CHttpResponseCodec.decode(W3CHttpResponseCodec.java:122)
	at org.openqa.selenium.remote.http.W3CHttpResponseCodec.decode(W3CHttpResponseCodec.java:49)
	at org.openqa.selenium.remote.HttpCommandExecutor.execute(HttpCommandExecutor.java:164)
	at org.openqa.selenium.remote.service.DriverCommandExecutor.execute(DriverCommandExecutor.java:83)
	at org.openqa.selenium.remote.RemoteWebDriver.execute(RemoteWebDriver.java:601)
	at org.openqa.selenium.remote.RemoteWebDriver.execute(RemoteWebDriver.java:658)
	at org.openqa.selenium.remote.RemoteWebDriver.getScreenshotAs(RemoteWebDriver.java:343)
	at testPackage.Base.CaptureScreen(Base.java:471)
	at methodPackage.PostBIMethod.VerifyPostBIWithValidData(PostBIMethod.java:197)
	at stepDefinitions.StepsForFeature.user_save_the_postbi_activity_with_valid_data(StepsForFeature.java:1551)
	at ?.User save the postbi activity with valid data(file:///C:/Users/vthorat/eclipse/java-2022-12/eclipse/AutomationBDD/Ketu_Cucumber_KSUser/./Features/Feature20(Post%20BI).feature:17)
</textarea>
										</td>
									</tr>
									<tr>
										<td>Nov 30, 2023 11:29:05 AM</td>
										<td class='linked' test-id='81'>When User assign Fax successfully</td>
										<td>
											<textarea disabled class="code-block">org.openqa.selenium.NoSuchWindowException: no such window: target window already closed
from unknown error: web view not found
  (Session info: chrome=119.0.6045.161)
Build info: version: '3.8.1', revision: '6e95a6684b', time: '2017-12-01T18:33:54.468Z'
System info: host: 'TDS-5CG1075Y8C', ip: '10.245.10.29', os.name: 'Windows 10', os.arch: 'amd64', os.version: '10.0', java.version: '11.0.1'
Driver info: org.openqa.selenium.chrome.ChromeDriver
Capabilities {acceptInsecureCerts: false, browserName: chrome, browserVersion: 119.0.6045.161, chrome: {chromedriverVersion: 119.0.6045.105 (38c72552c5e..., userDataDir: C:\Users\vthorat\AppData\Lo...}, fedcm:accounts: true, goog:chromeOptions: {debuggerAddress: localhost:56236}, javascriptEnabled: true, networkConnectionEnabled: false, pageLoadStrategy: normal, platform: WINDOWS, platformName: WINDOWS, proxy: Proxy(), setWindowRect: true, strictFileInteractability: false, timeouts: {implicit: 0, pageLoad: 300000, script: 30000}, unhandledPromptBehavior: dismiss and notify, webauthn:extension:credBlob: true, webauthn:extension:largeBlob: true, webauthn:extension:minPinLength: true, webauthn:extension:prf: true, webauthn:virtualAuthenticators: true}
Session ID: 46cd0224be1f02b76de53d001f8ae8e1
	at java.base/jdk.internal.reflect.NativeConstructorAccessorImpl.newInstance0(Native Method)
	at java.base/jdk.internal.reflect.NativeConstructorAccessorImpl.newInstance(NativeConstructorAccessorImpl.java:62)
	at java.base/jdk.internal.reflect.DelegatingConstructorAccessorImpl.newInstance(DelegatingConstructorAccessorImpl.java:45)
	at java.base/java.lang.reflect.Constructor.newInstance(Constructor.java:490)
	at org.openqa.selenium.remote.http.W3CHttpResponseCodec.createException(W3CHttpResponseCodec.java:187)
	at org.openqa.selenium.remote.http.W3CHttpResponseCodec.decode(W3CHttpResponseCodec.java:122)
	at org.openqa.selenium.remote.http.W3CHttpResponseCodec.decode(W3CHttpResponseCodec.java:49)
	at org.openqa.selenium.remote.HttpCommandExecutor.execute(HttpCommandExecutor.java:164)
	at org.openqa.selenium.remote.service.DriverCommandExecutor.execute(DriverCommandExecutor.java:83)
	at org.openqa.selenium.remote.RemoteWebDriver.execute(RemoteWebDriver.java:601)
	at org.openqa.selenium.remote.RemoteWebDriver.execute(RemoteWebDriver.java:658)
	at org.openqa.selenium.remote.RemoteWebDriver.getScreenshotAs(RemoteWebDriver.java:343)
	at testPackage.Base.CaptureScreen(Base.java:471)
	at methodPackage.PostBIMethod.VerifyPostBIWithValidData(PostBIMethod.java:197)
	at stepDefinitions.StepsForFeature.user_save_the_postbi_activity_with_valid_data(StepsForFeature.java:1551)
	at ?.User save the postbi activity with valid data(file:///C:/Users/vthorat/eclipse/java-2022-12/eclipse/AutomationBDD/Ketu_Cucumber_KSUser/./Features/Feature20(Post%20BI).feature:17)
</textarea>
										</td>
									</tr>
								</tbody>
							</table>
						</div>
					</div>
				</li>
			</ul>
		</div>
	</div>
	<div class='subview-right left'>
		<div class='view-summary'>
			<h5 class='exception-name'></h5>
		</div>
	</div>
</div>
<!-- exception view --><div id='dashboard-view' class='view hide'>
	<div class='card-panel transparent np-v'>
		<h5>Dashboard</h5>

		<div class='row'>
			<div class='col s2'>
				<div class='card-panel r'>
					Features
					<div class='panel-lead'>17</div>
				</div>
			</div>
			<div class='col s2'>
				<div class='card-panel r'>
					Scenarios
					<div class='panel-lead'>32</div>
				</div>
			</div>
			<div class='col s2'>
				<div class='card-panel r'>
					Steps
					<div class='panel-lead'>32</div>
				</div>
			</div>
			<div class='col s2'>
				<div class='card-panel r'>
					Start
					<div class='panel-lead'>Nov 30, 2023 11:11:21 AM</div>
				</div>
			</div>
			<div class='col s2'>
				<div class='card-panel r'>
			 		End
			 		<div class='panel-lead'>Nov 30, 2023 11:29:09 AM</div>
				</div>
			</div>
			<div class='col s2'>
				<div class='card-panel r'>
					Time Taken
					<div class='panel-lead'>00 17 47.519</div>
				</div>
			</div>
			<div class='col s6'>
				<div class='card-panel dashboard-categories'>
					<span class='right label cyan white-text'>Categories</span><p>&nbsp;</p>
					
					<table>
						<tr>
							<th>Name</th>
							<th>Passed</th>
							<th>Failed</th>
							<th>Skipped</th>
							<th>Passed %</th>
						</tr>
						<tr>
							<td>@Communication_Log</td>
							<td>0</td>
							<td>1</td>
							<td>0</td>
							<td>
									0%
							</td>
						</tr>
						<tr>
							<td>@Login</td>
							<td>1</td>
							<td>0</td>
							<td>0</td>
							<td>
									100%
							</td>
						</tr>
						<tr>
							<td>@PostBI</td>
							<td>0</td>
							<td>1</td>
							<td>0</td>
							<td>
									0%
							</td>
						</tr>
						<tr>
							<td>@Copay</td>
							<td>1</td>
							<td>0</td>
							<td>0</td>
							<td>
									100%
							</td>
						</tr>
						<tr>
							<td>@PositiveFlow</td>
							<td>20</td>
							<td>12</td>
							<td>0</td>
							<td>
									62.5%
							</td>
						</tr>
						<tr>
							<td>@Add_Case</td>
							<td>1</td>
							<td>0</td>
							<td>0</td>
							<td>
									100%
							</td>
						</tr>
						<tr>
							<td>@Patient</td>
							<td>1</td>
							<td>0</td>
							<td>0</td>
							<td>
									100%
							</td>
						</tr>
						<tr>
							<td>@FaxManagement</td>
							<td>0</td>
							<td>2</td>
							<td>0</td>
							<td>
									0%
							</td>
						</tr>
						<tr>
							<td>@Appeal</td>
							<td>1</td>
							<td>0</td>
							<td>0</td>
							<td>
									100%
							</td>
						</tr>
						<tr>
							<td>@Foundation</td>
							<td>1</td>
							<td>0</td>
							<td>0</td>
							<td>
									100%
							</td>
						</tr>
						<tr>
							<td>@Consent</td>
							<td>6</td>
							<td>0</td>
							<td>0</td>
							<td>
									100%
							</td>
						</tr>
						<tr>
							<td>@PreBI</td>
							<td>1</td>
							<td>0</td>
							<td>0</td>
							<td>
									100%
							</td>
						</tr>
						<tr>
							<td>@PriorAuthorization</td>
							<td>1</td>
							<td>0</td>
							<td>0</td>
							<td>
									100%
							</td>
						</tr>
						<tr>
							<td>@POS</td>
							<td>0</td>
							<td>8</td>
							<td>0</td>
							<td>
									0%
							</td>
						</tr>
						<tr>
							<td>@Case_Banner</td>
							<td>1</td>
							<td>0</td>
							<td>0</td>
							<td>
									100%
							</td>
						</tr>
						<tr>
							<td>@Payor</td>
							<td>1</td>
							<td>0</td>
							<td>0</td>
							<td>
									100%
							</td>
						</tr>
						<tr>
							<td>@Add_Prescription</td>
							<td>2</td>
							<td>0</td>
							<td>0</td>
							<td>
									100%
							</td>
						</tr>
						<tr>
							<td>@ServicePreference</td>
							<td>2</td>
							<td>0</td>
							<td>0</td>
							<td>
									100%
							</td>
						</tr>
					</table>
				</div>
			</div>
		</div>
	</div>
</div>
<!-- dashboard view -->
		</div>
		<!-- container -->
		<script>
			var statusGroup = {
                parentCount: 17,
				passParent: 13,
				failParent: 4,
				fatalParent: 0,
				errorParent: 0,
				warningParent: 0,
				skipParent: 0,
				childCount: 32,
				passChild: 20,
				failChild: 12,
				fatalChild: 0,
				errorChild: 0,
				warningChild: 0,
				skipChild: 0,
				infoChild: 0,
				grandChildCount: 32,
				passGrandChild: 20,
				failGrandChild: 12,
				fatalGrandChild: 0,
				errorGrandChild: 0,
				warningGrandChild: 0,
				skipGrandChild: 0,
				infoGrandChild: 0,
			};
			</script>
		
		<script>
			var timeline = {
			        "Login":38.52,"Patient":81.731,"PayorInsurance":130.905,"Service Preference":23.49,"Add Case":30.661,"Add Prescription":93.207,"Case Banner":65.24,"Consent":58.782,"Pre BI":55.09,"Prior Authorization":62.151,"Appeal":144.107,"Copay":112.714,"Foundation":134.743,"PostBI":1.334,"POS":0.231,"Communication Log":5.525,"Fax Management":26.999
			};
		</script>
		
		  <script src='http://cdn.jsdelivr.net/gh/extent-framework/extent-github-cdn@ff53917fbbdb5ef820abbbe4d199a6942dc771ff/v3html/js/extent.js' type='text/javascript'></script>
		
		
		<script type='text/javascript'>
				
		</script> 

	</body>
</html>